-------------------------------------------------------------------------------
Test set: com.nextkey.ecommerce.core.cart.RedisCartServiceTest$AddItem
-------------------------------------------------------------------------------
Tests run: 7, Failures: 3, Errors: 0, Skipped: 0, Time elapsed: 0.138 s <<< FAILURE! -- in com.nextkey.ecommerce.core.cart.RedisCartServiceTest$AddItem
com.nextkey.ecommerce.core.cart.RedisCartServiceTest$AddItem.addItem_roomListing_missingDates_throwsException -- Time elapsed: 0.020 s <<< FAILURE!
java.lang.AssertionError: 

Expecting code to raise a throwable.
	at com.nextkey.ecommerce.core.cart.RedisCartServiceTest$AddItem.addItem_roomListing_missingDates_throwsException(RedisCartServiceTest.java:222)
	at java.base/java.lang.reflect.Method.invoke(Method.java:580)
	at java.base/java.util.ArrayList.forEach(ArrayList.java:1596)
	at java.base/java.util.ArrayList.forEach(ArrayList.java:1596)
	at java.base/java.util.ArrayList.forEach(ArrayList.java:1596)

com.nextkey.ecommerce.core.cart.RedisCartServiceTest$AddItem.addItem_roomListing_endDateBeforeStartDate_throwsException -- Time elapsed: 0.010 s <<< FAILURE!
java.lang.AssertionError: 

Expecting code to raise a throwable.
	at com.nextkey.ecommerce.core.cart.RedisCartServiceTest$AddItem.addItem_roomListing_endDateBeforeStartDate_throwsException(RedisCartServiceTest.java:239)
	at java.base/java.lang.reflect.Method.invoke(Method.java:580)
	at java.base/java.util.ArrayList.forEach(ArrayList.java:1596)
	at java.base/java.util.ArrayList.forEach(ArrayList.java:1596)
	at java.base/java.util.ArrayList.forEach(ArrayList.java:1596)

com.nextkey.ecommerce.core.cart.RedisCartServiceTest$AddItem.addItem_roomListing_withDates_success -- Time elapsed: 0.014 s <<< FAILURE!
org.opentest4j.AssertionFailedError: 

expected: 2026-04-30 (java.time.LocalDate)
 but was: null
	at java.base/jdk.internal.reflect.DirectConstructorHandleAccessor.newInstance(DirectConstructorHandleAccessor.java:62)
	at java.base/java.lang.reflect.Constructor.newInstanceWithCaller(Constructor.java:502)
	at com.nextkey.ecommerce.core.cart.RedisCartServiceTest$AddItem.addItem_roomListing_withDates_success(RedisCartServiceTest.java:149)
	at java.base/java.lang.reflect.Method.invoke(Method.java:580)
	at java.base/java.util.ArrayList.forEach(ArrayList.java:1596)
	at java.base/java.util.ArrayList.forEach(ArrayList.java:1596)
	at java.base/java.util.ArrayList.forEach(ArrayList.java:1596)

