<?xml version="1.0" encoding="UTF-8"?>
<testsuite xmlns:xsi="http://www.w3.org/2001/XMLSchema-instance" xsi:noNamespaceSchemaLocation="https://maven.apache.org/surefire/maven-surefire-plugin/xsd/surefire-test-report-3.0.xsd" version="3.0" name="com.nextkey.ecommerce.api.controller.OrderControllerE2ETest" time="7.066" tests="12" errors="0" skipped="0" failures="0">
  <properties>
[...]
</properties>
  <testcase name="createOrder_success_returns201" classname="com.nextkey.ecommerce.api.controller.OrderControllerE2ETest" time="3.157">
    <system-out><![CDATA[2026-04-29T21:24:06.820+08:00  INFO 53697 --- [nextkey-ecommerce] [           main] t.c.s.AnnotationConfigContextLoaderUtils : Could not detect default configuration classes for test class [com.nextkey.ecommerce.api.controller.OrderControllerE2ETest]: OrderControllerE2ETest does not declare any static, non-private, non-final, nested classes annotated with @Configuration.
2026-04-29T21:24:06.875+08:00  INFO 53697 --- [nextkey-ecommerce] [           main] .b.t.c.SpringBootTestContextBootstrapper : Found @SpringBootConfiguration com.nextkey.ecommerce.EcommerceApplication for test class com.nextkey.ecommerce.api.controller.OrderControllerE2ETest
2026-04-29T21:24:06.901+08:00 DEBUG 53697 --- [nextkey-ecommerce] [           main] org.hibernate.SQL                        : insert into tenants (commission_rate,contact_email,contact_phone,created_at,description,logo_url,metadata,name,slug,status,updated_at,id) values (?,?,?,?,?,?,?,?,?,?,?,?)
Hibernate: insert into tenants (commission_rate,contact_email,contact_phone,created_at,description,logo_url,metadata,name,slug,status,updated_at,id) values (?,?,?,?,?,?,?,?,?,?,?,?)
2026-04-29T21:24:06.913+08:00 DEBUG 53697 --- [nextkey-ecommerce] [           main] org.hibernate.SQL                        : insert into users (avatar_url,created_at,email,email_verified,full_name,kyc_id_card_back_url,kyc_id_card_front_url,kyc_id_number_encrypted,kyc_status,last_login_at,metadata,password_hash,phone,phone_verified,role,status,tenant_id,updated_at,id) values (?,?,?,?,?,?,?,?,?,?,?,?,?,?,?,?,?,?,?)
Hibernate: insert into users (avatar_url,created_at,email,email_verified,full_name,kyc_id_card_back_url,kyc_id_card_front_url,kyc_id_number_encrypted,kyc_status,last_login_at,metadata,password_hash,phone,phone_verified,role,status,tenant_id,updated_at,id) values (?,?,?,?,?,?,?,?,?,?,?,?,?,?,?,?,?,?,?)
2026-04-29T21:24:06.923+08:00 DEBUG 53697 --- [nextkey-ecommerce] [           main] org.hibernate.SQL                        : insert into listings (base_price,cover_image_url,created_at,currency,description,listing_type,metadata,owner_id,status,tags,tenant_id,title,updated_at,id) values (?,?,?,?,?,?,?,?,?,?,?,?,?,?)
Hibernate: insert into listings (base_price,cover_image_url,created_at,currency,description,listing_type,metadata,owner_id,status,tags,tenant_id,title,updated_at,id) values (?,?,?,?,?,?,?,?,?,?,?,?,?,?)
✅ Test ROOM Listing created: 97b4a860-d80a-4862-9749-d91b45f7536e
2026-04-29T21:24:07.435+08:00  INFO 53697 --- [nextkey-ecommerce] [           main] c.n.e.api.filter.TenantContextFilter     : [TenantContextFilter] Incoming request: POST , X-Tenant-ID: null
2026-04-29T21:24:07.435+08:00 DEBUG 53697 --- [nextkey-ecommerce] [           main] c.n.e.api.filter.TenantContextFilter     : [TenantContextFilter] Authentication: null, principal: null
2026-04-29T21:24:07.436+08:00  INFO 53697 --- [nextkey-ecommerce] [           main] c.n.e.api.filter.TenantContextFilter     : [TenantContextFilter] Anonymous/public request - using system tenant
2026-04-29T21:24:07.436+08:00  INFO 53697 --- [nextkey-ecommerce] [           main] c.n.e.shared.tenant.TenantContext        : [TenantContext] setCurrentTenant: 00000000-0000-0000-0000-000000000001
2026-04-29T21:24:07.440+08:00  INFO 53697 --- [nextkey-ecommerce] [           main] c.n.e.api.controller.AuthController      : Register request for email: order-test-1777469046937-6511@example.com
2026-04-29T21:24:07.471+08:00 DEBUG 53697 --- [nextkey-ecommerce] [           main] org.hibernate.SQL                        : select u1_0.id from users u1_0 where u1_0.email=? fetch first ? rows only
Hibernate: select u1_0.id from users u1_0 where u1_0.email=? fetch first ? rows only
2026-04-29T21:24:07.730+08:00  INFO 53697 --- [nextkey-ecommerce] [           main] c.n.ecommerce.core.auth.AuthService      : New user registered: order-test-1777469046937-6511@example.com (BUYER)
2026-04-29T21:24:07.734+08:00 DEBUG 53697 --- [nextkey-ecommerce] [           main] org.hibernate.SQL                        : insert into users (avatar_url,created_at,email,email_verified,full_name,kyc_id_card_back_url,kyc_id_card_front_url,kyc_id_number_encrypted,kyc_status,last_login_at,metadata,password_hash,phone,phone_verified,role,status,tenant_id,updated_at,id) values (?,?,?,?,?,?,?,?,?,?,?,?,?,?,?,?,?,?,?)
Hibernate: insert into users (avatar_url,created_at,email,email_verified,full_name,kyc_id_card_back_url,kyc_id_card_front_url,kyc_id_number_encrypted,kyc_status,last_login_at,metadata,password_hash,phone,phone_verified,role,status,tenant_id,updated_at,id) values (?,?,?,?,?,?,?,?,?,?,?,?,?,?,?,?,?,?,?)
2026-04-29T21:24:07.739+08:00 DEBUG 53697 --- [nextkey-ecommerce] [           main] c.n.e.api.filter.TenantContextFilter     : [TenantContextFilter] Clearing tenant context
2026-04-29T21:24:07.740+08:00  INFO 53697 --- [nextkey-ecommerce] [           main] c.n.e.shared.tenant.TenantContext        : [TenantContext] clear
2026-04-29T21:24:08.464+08:00  INFO 53697 --- [nextkey-ecommerce] [           main] c.n.e.api.filter.TenantContextFilter     : [TenantContextFilter] Incoming request: POST , X-Tenant-ID: null
2026-04-29T21:24:08.464+08:00 DEBUG 53697 --- [nextkey-ecommerce] [           main] c.n.e.api.filter.TenantContextFilter     : [TenantContextFilter] Authentication: null, principal: null
2026-04-29T21:24:08.464+08:00  INFO 53697 --- [nextkey-ecommerce] [           main] c.n.e.api.filter.TenantContextFilter     : [TenantContextFilter] Anonymous/public request - using system tenant
2026-04-29T21:24:08.464+08:00  INFO 53697 --- [nextkey-ecommerce] [           main] c.n.e.shared.tenant.TenantContext        : [TenantContext] setCurrentTenant: 00000000-0000-0000-0000-000000000001
2026-04-29T21:24:08.468+08:00  INFO 53697 --- [nextkey-ecommerce] [           main] c.n.e.api.controller.AuthController      : Login request for email: order-test-1777469046937-6511@example.com
2026-04-29T21:24:08.477+08:00 DEBUG 53697 --- [nextkey-ecommerce] [           main] org.hibernate.SQL                        : select u1_0.id,u1_0.avatar_url,u1_0.created_at,u1_0.email,u1_0.email_verified,u1_0.full_name,u1_0.kyc_id_card_back_url,u1_0.kyc_id_card_front_url,u1_0.kyc_id_number_encrypted,u1_0.kyc_status,u1_0.last_login_at,u1_0.metadata,u1_0.password_hash,u1_0.phone,u1_0.phone_verified,u1_0.role,u1_0.status,u1_0.tenant_id,u1_0.updated_at from users u1_0 where u1_0.email=? and u1_0.status=?
Hibernate: select u1_0.id,u1_0.avatar_url,u1_0.created_at,u1_0.email,u1_0.email_verified,u1_0.full_name,u1_0.kyc_id_card_back_url,u1_0.kyc_id_card_front_url,u1_0.kyc_id_number_encrypted,u1_0.kyc_status,u1_0.last_login_at,u1_0.metadata,u1_0.password_hash,u1_0.phone,u1_0.phone_verified,u1_0.role,u1_0.status,u1_0.tenant_id,u1_0.updated_at from users u1_0 where u1_0.email=? and u1_0.status=?
2026-04-29T21:24:08.573+08:00  INFO 53697 --- [nextkey-ecommerce] [           main] c.n.ecommerce.core.auth.AuthService      : User logged in: order-test-1777469046937-6511@example.com
2026-04-29T21:24:08.579+08:00 DEBUG 53697 --- [nextkey-ecommerce] [           main] c.n.e.i.security.RefreshTokenService     : Stored refresh token for user: ae8f0c2c-a845-4bd2-b841-74b68e95e28d
2026-04-29T21:24:08.581+08:00 DEBUG 53697 --- [nextkey-ecommerce] [           main] org.hibernate.SQL                        : update users set avatar_url=?,created_at=?,email=?,email_verified=?,full_name=?,kyc_id_card_back_url=?,kyc_id_card_front_url=?,kyc_id_number_encrypted=?,kyc_status=?,last_login_at=?,metadata=?,password_hash=?,phone=?,phone_verified=?,role=?,status=?,tenant_id=?,updated_at=? where id=?
Hibernate: update users set avatar_url=?,created_at=?,email=?,email_verified=?,full_name=?,kyc_id_card_back_url=?,kyc_id_card_front_url=?,kyc_id_number_encrypted=?,kyc_status=?,last_login_at=?,metadata=?,password_hash=?,phone=?,phone_verified=?,role=?,status=?,tenant_id=?,updated_at=? where id=?
2026-04-29T21:24:08.595+08:00 DEBUG 53697 --- [nextkey-ecommerce] [           main] c.n.e.api.filter.TenantContextFilter     : [TenantContextFilter] Clearing tenant context
2026-04-29T21:24:08.595+08:00  INFO 53697 --- [nextkey-ecommerce] [           main] c.n.e.shared.tenant.TenantContext        : [TenantContext] clear
2026-04-29T21:24:08.645+08:00 DEBUG 53697 --- [nextkey-ecommerce] [           main] c.n.e.a.filter.JwtAuthenticationFilter   : Authenticated user: order-test-1777469046937-6511@example.com with role: BUYER and 13 authorities
2026-04-29T21:24:08.645+08:00  INFO 53697 --- [nextkey-ecommerce] [           main] c.n.e.api.filter.TenantContextFilter     : [TenantContextFilter] Incoming request: POST , X-Tenant-ID: null
2026-04-29T21:24:08.645+08:00 DEBUG 53697 --- [nextkey-ecommerce] [           main] c.n.e.api.filter.TenantContextFilter     : [TenantContextFilter] Authentication: UsernamePasswordAuthenticationToken, principal: UserPrincipal(userId=ae8f0c2c-a845-4bd2-b841-74b68e95e28d, email=order-test-1777469046937-6511@example.com, role=BUYER, tenantId=null)
2026-04-29T21:24:08.645+08:00  INFO 53697 --- [nextkey-ecommerce] [           main] c.n.e.api.filter.TenantContextFilter     : [TenantContextFilter] Authenticated user: ae8f0c2c-a845-4bd2-b841-74b68e95e28d, tenantId: null, role: BUYER, requestedTenantId: null
2026-04-29T21:24:08.646+08:00  INFO 53697 --- [nextkey-ecommerce] [           main] c.n.e.shared.tenant.TenantContext        : [TenantContext] setCurrentUser: ae8f0c2c-a845-4bd2-b841-74b68e95e28d
2026-04-29T21:24:08.646+08:00  INFO 53697 --- [nextkey-ecommerce] [           main] c.n.e.shared.tenant.TenantContext        : [TenantContext] setCurrentTenant: 00000000-0000-0000-0000-000000000001
2026-04-29T21:24:08.646+08:00  INFO 53697 --- [nextkey-ecommerce] [           main] c.n.e.api.filter.TenantContextFilter     : [TenantContextFilter] Tenant context set - user: ae8f0c2c-a845-4bd2-b841-74b68e95e28d, effective tenant: 00000000-0000-0000-0000-000000000001
2026-04-29T21:24:08.741+08:00 DEBUG 53697 --- [nextkey-ecommerce] [           main] c.n.e.shared.tenant.TenantContext        : [TenantContext] getCurrentUser called, returning: ae8f0c2c-a845-4bd2-b841-74b68e95e28d
2026-04-29T21:24:08.742+08:00 DEBUG 53697 --- [nextkey-ecommerce] [           main] c.n.e.shared.tenant.TenantContext        : [TenantContext] getCurrentTenant called, returning: 00000000-0000-0000-0000-000000000001
2026-04-29T21:24:08.743+08:00 DEBUG 53697 --- [nextkey-ecommerce] [           main] org.hibernate.SQL                        : select u1_0.id,u1_0.avatar_url,u1_0.created_at,u1_0.email,u1_0.email_verified,u1_0.full_name,u1_0.kyc_id_card_back_url,u1_0.kyc_id_card_front_url,u1_0.kyc_id_number_encrypted,u1_0.kyc_status,u1_0.last_login_at,u1_0.metadata,u1_0.password_hash,u1_0.phone,u1_0.phone_verified,u1_0.role,u1_0.status,u1_0.tenant_id,u1_0.updated_at from users u1_0 where u1_0.id=?
Hibernate: select u1_0.id,u1_0.avatar_url,u1_0.created_at,u1_0.email,u1_0.email_verified,u1_0.full_name,u1_0.kyc_id_card_back_url,u1_0.kyc_id_card_front_url,u1_0.kyc_id_number_encrypted,u1_0.kyc_status,u1_0.last_login_at,u1_0.metadata,u1_0.password_hash,u1_0.phone,u1_0.phone_verified,u1_0.role,u1_0.status,u1_0.tenant_id,u1_0.updated_at from users u1_0 where u1_0.id=?
2026-04-29T21:24:08.745+08:00 DEBUG 53697 --- [nextkey-ecommerce] [           main] c.n.e.shared.tenant.TenantContext        : [TenantContext] getCurrentTenant called, returning: 00000000-0000-0000-0000-000000000001
2026-04-29T21:24:08.747+08:00 DEBUG 53697 --- [nextkey-ecommerce] [           main] org.hibernate.SQL                        : select l1_0.id,l1_0.base_price,l1_0.cover_image_url,l1_0.created_at,l1_0.currency,l1_0.description,l1_0.listing_type,l1_0.metadata,l1_0.owner_id,l1_0.status,l1_0.tags,l1_0.tenant_id,l1_0.title,l1_0.updated_at from listings l1_0 where l1_0.id=?
Hibernate: select l1_0.id,l1_0.base_price,l1_0.cover_image_url,l1_0.created_at,l1_0.currency,l1_0.description,l1_0.listing_type,l1_0.metadata,l1_0.owner_id,l1_0.status,l1_0.tags,l1_0.tenant_id,l1_0.title,l1_0.updated_at from listings l1_0 where l1_0.id=?
2026-04-29T21:24:08.752+08:00 DEBUG 53697 --- [nextkey-ecommerce] [           main] org.hibernate.SQL                        : select t1_0.id,t1_0.commission_rate,t1_0.contact_email,t1_0.contact_phone,t1_0.created_at,t1_0.description,t1_0.logo_url,t1_0.metadata,t1_0.name,t1_0.slug,t1_0.status,t1_0.updated_at from tenants t1_0 where t1_0.id=?
Hibernate: select t1_0.id,t1_0.commission_rate,t1_0.contact_email,t1_0.contact_phone,t1_0.created_at,t1_0.description,t1_0.logo_url,t1_0.metadata,t1_0.name,t1_0.slug,t1_0.status,t1_0.updated_at from tenants t1_0 where t1_0.id=?
2026-04-29T21:24:08.754+08:00 DEBUG 53697 --- [nextkey-ecommerce] [           main] org.hibernate.SQL                        : select t1_0.id,t1_0.commission_rate,t1_0.contact_email,t1_0.contact_phone,t1_0.created_at,t1_0.description,t1_0.logo_url,t1_0.metadata,t1_0.name,t1_0.slug,t1_0.status,t1_0.updated_at from tenants t1_0 where t1_0.id=?
Hibernate: select t1_0.id,t1_0.commission_rate,t1_0.contact_email,t1_0.contact_phone,t1_0.created_at,t1_0.description,t1_0.logo_url,t1_0.metadata,t1_0.name,t1_0.slug,t1_0.status,t1_0.updated_at from tenants t1_0 where t1_0.id=?
2026-04-29T21:24:08.759+08:00 DEBUG 53697 --- [nextkey-ecommerce] [           main] org.hibernate.SQL                        : select t1_0.id,t1_0.commission_rate,t1_0.contact_email,t1_0.contact_phone,t1_0.created_at,t1_0.description,t1_0.logo_url,t1_0.metadata,t1_0.name,t1_0.slug,t1_0.status,t1_0.updated_at from tenants t1_0 where t1_0.slug=?
Hibernate: select t1_0.id,t1_0.commission_rate,t1_0.contact_email,t1_0.contact_phone,t1_0.created_at,t1_0.description,t1_0.logo_url,t1_0.metadata,t1_0.name,t1_0.slug,t1_0.status,t1_0.updated_at from tenants t1_0 where t1_0.slug=?
2026-04-29T21:24:08.762+08:00  INFO 53697 --- [nextkey-ecommerce] [           main] c.n.ecommerce.core.order.OrderService    : ROOM order price calculation: listingId=97b4a860-d80a-4862-9749-d91b45f7536e, checkIn=2026-04-30, checkOut=2026-05-02, nights=2, pricePerNight=1500.00, totalAmount=3000.00
2026-04-29T21:24:08.804+08:00 DEBUG 53697 --- [nextkey-ecommerce] [           main] org.hibernate.SQL                        : insert into orders (created_at,currency,guest_count,metadata,notes,order_type,shipping_address,shipping_phone,shipping_recipient_name,status,tenant_id,total_amount,updated_at,user_id,id) values (?,?,?,?,?,?,?,?,?,?,?,?,?,?,?)
Hibernate: insert into orders (created_at,currency,guest_count,metadata,notes,order_type,shipping_address,shipping_phone,shipping_recipient_name,status,tenant_id,total_amount,updated_at,user_id,id) values (?,?,?,?,?,?,?,?,?,?,?,?,?,?,?)
2026-04-29T21:24:08.814+08:00 DEBUG 53697 --- [nextkey-ecommerce] [           main] org.hibernate.SQL                        : select max(osl1_0.sequence) from order_state_log osl1_0 where osl1_0.order_id=?
Hibernate: select max(osl1_0.sequence) from order_state_log osl1_0 where osl1_0.order_id=?
2026-04-29T21:24:08.820+08:00  INFO 53697 --- [nextkey-ecommerce] [           main] c.n.ecommerce.core.order.OrderService    : ROOM order created: orderId=694d6f84-5839-44ca-a927-227006b3b8a1, userId=ae8f0c2c-a845-4bd2-b841-74b68e95e28d
2026-04-29T21:24:08.834+08:00 DEBUG 53697 --- [nextkey-ecommerce] [           main] org.hibernate.SQL                        : insert into order_state_log (changed_by,created_at,from_status,order_id,reason,sequence,to_status,id) values (?,?,?,?,?,?,?,?)
Hibernate: insert into order_state_log (changed_by,created_at,from_status,order_id,reason,sequence,to_status,id) values (?,?,?,?,?,?,?,?)
2026-04-29T21:24:08.853+08:00 DEBUG 53697 --- [nextkey-ecommerce] [           main] c.n.e.api.filter.TenantContextFilter     : [TenantContextFilter] Clearing tenant context
2026-04-29T21:24:08.853+08:00  INFO 53697 --- [nextkey-ecommerce] [           main] c.n.e.shared.tenant.TenantContext        : [TenantContext] clear
✅ API-M06-001 PASSED: 成功建立 Room 類型訂單
2026-04-29T21:24:10.006+08:00 DEBUG 53697 --- [nextkey-ecommerce] [           main] org.hibernate.SQL                        : select u1_0.id,u1_0.avatar_url,u1_0.created_at,u1_0.email,u1_0.email_verified,u1_0.full_name,u1_0.kyc_id_card_back_url,u1_0.kyc_id_card_front_url,u1_0.kyc_id_number_encrypted,u1_0.kyc_status,u1_0.last_login_at,u1_0.metadata,u1_0.password_hash,u1_0.phone,u1_0.phone_verified,u1_0.role,u1_0.status,u1_0.tenant_id,u1_0.updated_at from users u1_0 where u1_0.email=?
Hibernate: select u1_0.id,u1_0.avatar_url,u1_0.created_at,u1_0.email,u1_0.email_verified,u1_0.full_name,u1_0.kyc_id_card_back_url,u1_0.kyc_id_card_front_url,u1_0.kyc_id_number_encrypted,u1_0.kyc_status,u1_0.last_login_at,u1_0.metadata,u1_0.password_hash,u1_0.phone,u1_0.phone_verified,u1_0.role,u1_0.status,u1_0.tenant_id,u1_0.updated_at from users u1_0 where u1_0.email=?
2026-04-29T21:24:10.021+08:00 DEBUG 53697 --- [nextkey-ecommerce] [           main] org.hibernate.SQL                        : select o1_0.id,o1_0.created_at,o1_0.currency,o1_0.guest_count,o1_0.metadata,o1_0.notes,o1_0.order_type,o1_0.shipping_address,o1_0.shipping_phone,o1_0.shipping_recipient_name,o1_0.status,o1_0.tenant_id,o1_0.total_amount,o1_0.updated_at,o1_0.user_id from orders o1_0 where o1_0.user_id=? order by o1_0.created_at desc
Hibernate: select o1_0.id,o1_0.created_at,o1_0.currency,o1_0.guest_count,o1_0.metadata,o1_0.notes,o1_0.order_type,o1_0.shipping_address,o1_0.shipping_phone,o1_0.shipping_recipient_name,o1_0.status,o1_0.tenant_id,o1_0.total_amount,o1_0.updated_at,o1_0.user_id from orders o1_0 where o1_0.user_id=? order by o1_0.created_at desc
2026-04-29T21:24:10.044+08:00 DEBUG 53697 --- [nextkey-ecommerce] [           main] org.hibernate.SQL                        : select o1_0.id,o1_0.created_at,o1_0.currency,o1_0.guest_count,o1_0.metadata,o1_0.notes,o1_0.order_type,o1_0.shipping_address,o1_0.shipping_phone,o1_0.shipping_recipient_name,o1_0.status,o1_0.tenant_id,o1_0.total_amount,o1_0.updated_at,o1_0.user_id from orders o1_0 where o1_0.id=?
Hibernate: select o1_0.id,o1_0.created_at,o1_0.currency,o1_0.guest_count,o1_0.metadata,o1_0.notes,o1_0.order_type,o1_0.shipping_address,o1_0.shipping_phone,o1_0.shipping_recipient_name,o1_0.status,o1_0.tenant_id,o1_0.total_amount,o1_0.updated_at,o1_0.user_id from orders o1_0 where o1_0.id=?
2026-04-29T21:24:10.055+08:00 DEBUG 53697 --- [nextkey-ecommerce] [           main] org.hibernate.SQL                        : select i1_0.order_id,i1_0.id,i1_0.created_at,i1_0.listing_id,i1_0.quantity,i1_0.sku_id,i1_0.subtotal,i1_0.unit_price from order_items i1_0 where i1_0.order_id=?
Hibernate: select i1_0.order_id,i1_0.id,i1_0.created_at,i1_0.listing_id,i1_0.quantity,i1_0.sku_id,i1_0.subtotal,i1_0.unit_price from order_items i1_0 where i1_0.order_id=?
2026-04-29T21:24:10.056+08:00 DEBUG 53697 --- [nextkey-ecommerce] [           main] org.hibernate.SQL                        : select sl1_0.order_id,sl1_0.id,sl1_0.changed_by,sl1_0.created_at,sl1_0.from_status,sl1_0.reason,sl1_0.sequence,sl1_0.to_status from order_state_log sl1_0 where sl1_0.order_id=?
Hibernate: select sl1_0.order_id,sl1_0.id,sl1_0.changed_by,sl1_0.created_at,sl1_0.from_status,sl1_0.reason,sl1_0.sequence,sl1_0.to_status from order_state_log sl1_0 where sl1_0.order_id=?
2026-04-29T21:24:10.063+08:00 DEBUG 53697 --- [nextkey-ecommerce] [           main] org.hibernate.SQL                        : delete from order_state_log where id=?
Hibernate: delete from order_state_log where id=?
2026-04-29T21:24:10.065+08:00 DEBUG 53697 --- [nextkey-ecommerce] [           main] org.hibernate.SQL                        : delete from orders where id=?
Hibernate: delete from orders where id=?
2026-04-29T21:24:10.074+08:00 DEBUG 53697 --- [nextkey-ecommerce] [           main] org.hibernate.SQL                        : select u1_0.id,u1_0.avatar_url,u1_0.created_at,u1_0.email,u1_0.email_verified,u1_0.full_name,u1_0.kyc_id_card_back_url,u1_0.kyc_id_card_front_url,u1_0.kyc_id_number_encrypted,u1_0.kyc_status,u1_0.last_login_at,u1_0.metadata,u1_0.password_hash,u1_0.phone,u1_0.phone_verified,u1_0.role,u1_0.status,u1_0.tenant_id,u1_0.updated_at from users u1_0 where u1_0.id=?
Hibernate: select u1_0.id,u1_0.avatar_url,u1_0.created_at,u1_0.email,u1_0.email_verified,u1_0.full_name,u1_0.kyc_id_card_back_url,u1_0.kyc_id_card_front_url,u1_0.kyc_id_number_encrypted,u1_0.kyc_status,u1_0.last_login_at,u1_0.metadata,u1_0.password_hash,u1_0.phone,u1_0.phone_verified,u1_0.role,u1_0.status,u1_0.tenant_id,u1_0.updated_at from users u1_0 where u1_0.id=?
2026-04-29T21:24:10.077+08:00 DEBUG 53697 --- [nextkey-ecommerce] [           main] org.hibernate.SQL                        : delete from users where id=?
Hibernate: delete from users where id=?
]]></system-out>
  </testcase>
  <testcase name="createOrder_missingRequiredFields_returns400" classname="com.nextkey.ecommerce.api.controller.OrderControllerE2ETest" time="0.292">
    <system-out><![CDATA[2026-04-29T21:24:10.098+08:00  INFO 53697 --- [nextkey-ecommerce] [           main] c.n.e.api.filter.TenantContextFilter     : [TenantContextFilter] Incoming request: POST , X-Tenant-ID: null
2026-04-29T21:24:10.098+08:00 DEBUG 53697 --- [nextkey-ecommerce] [           main] c.n.e.api.filter.TenantContextFilter     : [TenantContextFilter] Authentication: null, principal: null
2026-04-29T21:24:10.099+08:00  INFO 53697 --- [nextkey-ecommerce] [           main] c.n.e.api.filter.TenantContextFilter     : [TenantContextFilter] Anonymous/public request - using system tenant
2026-04-29T21:24:10.099+08:00  INFO 53697 --- [nextkey-ecommerce] [           main] c.n.e.shared.tenant.TenantContext        : [TenantContext] setCurrentTenant: 00000000-0000-0000-0000-000000000001
2026-04-29T21:24:10.102+08:00  INFO 53697 --- [nextkey-ecommerce] [           main] c.n.e.api.controller.AuthController      : Register request for email: order-test-1777469050091-1799@example.com
2026-04-29T21:24:10.104+08:00 DEBUG 53697 --- [nextkey-ecommerce] [           main] org.hibernate.SQL                        : select u1_0.id from users u1_0 where u1_0.email=? fetch first ? rows only
Hibernate: select u1_0.id from users u1_0 where u1_0.email=? fetch first ? rows only
2026-04-29T21:24:10.193+08:00  INFO 53697 --- [nextkey-ecommerce] [           main] c.n.ecommerce.core.auth.AuthService      : New user registered: order-test-1777469050091-1799@example.com (BUYER)
2026-04-29T21:24:10.194+08:00 DEBUG 53697 --- [nextkey-ecommerce] [           main] org.hibernate.SQL                        : insert into users (avatar_url,created_at,email,email_verified,full_name,kyc_id_card_back_url,kyc_id_card_front_url,kyc_id_number_encrypted,kyc_status,last_login_at,metadata,password_hash,phone,phone_verified,role,status,tenant_id,updated_at,id) values (?,?,?,?,?,?,?,?,?,?,?,?,?,?,?,?,?,?,?)
Hibernate: insert into users (avatar_url,created_at,email,email_verified,full_name,kyc_id_card_back_url,kyc_id_card_front_url,kyc_id_number_encrypted,kyc_status,last_login_at,metadata,password_hash,phone,phone_verified,role,status,tenant_id,updated_at,id) values (?,?,?,?,?,?,?,?,?,?,?,?,?,?,?,?,?,?,?)
2026-04-29T21:24:10.197+08:00 DEBUG 53697 --- [nextkey-ecommerce] [           main] c.n.e.api.filter.TenantContextFilter     : [TenantContextFilter] Clearing tenant context
2026-04-29T21:24:10.198+08:00  INFO 53697 --- [nextkey-ecommerce] [           main] c.n.e.shared.tenant.TenantContext        : [TenantContext] clear
2026-04-29T21:24:10.205+08:00  INFO 53697 --- [nextkey-ecommerce] [           main] c.n.e.api.filter.TenantContextFilter     : [TenantContextFilter] Incoming request: POST , X-Tenant-ID: null
2026-04-29T21:24:10.205+08:00 DEBUG 53697 --- [nextkey-ecommerce] [           main] c.n.e.api.filter.TenantContextFilter     : [TenantContextFilter] Authentication: null, principal: null
2026-04-29T21:24:10.205+08:00  INFO 53697 --- [nextkey-ecommerce] [           main] c.n.e.api.filter.TenantContextFilter     : [TenantContextFilter] Anonymous/public request - using system tenant
2026-04-29T21:24:10.205+08:00  INFO 53697 --- [nextkey-ecommerce] [           main] c.n.e.shared.tenant.TenantContext        : [TenantContext] setCurrentTenant: 00000000-0000-0000-0000-000000000001
2026-04-29T21:24:10.207+08:00  INFO 53697 --- [nextkey-ecommerce] [           main] c.n.e.api.controller.AuthController      : Login request for email: order-test-1777469050091-1799@example.com
2026-04-29T21:24:10.209+08:00 DEBUG 53697 --- [nextkey-ecommerce] [           main] org.hibernate.SQL                        : select u1_0.id,u1_0.avatar_url,u1_0.created_at,u1_0.email,u1_0.email_verified,u1_0.full_name,u1_0.kyc_id_card_back_url,u1_0.kyc_id_card_front_url,u1_0.kyc_id_number_encrypted,u1_0.kyc_status,u1_0.last_login_at,u1_0.metadata,u1_0.password_hash,u1_0.phone,u1_0.phone_verified,u1_0.role,u1_0.status,u1_0.tenant_id,u1_0.updated_at from users u1_0 where u1_0.email=? and u1_0.status=?
Hibernate: select u1_0.id,u1_0.avatar_url,u1_0.created_at,u1_0.email,u1_0.email_verified,u1_0.full_name,u1_0.kyc_id_card_back_url,u1_0.kyc_id_card_front_url,u1_0.kyc_id_number_encrypted,u1_0.kyc_status,u1_0.last_login_at,u1_0.metadata,u1_0.password_hash,u1_0.phone,u1_0.phone_verified,u1_0.role,u1_0.status,u1_0.tenant_id,u1_0.updated_at from users u1_0 where u1_0.email=? and u1_0.status=?
2026-04-29T21:24:10.297+08:00  INFO 53697 --- [nextkey-ecommerce] [           main] c.n.ecommerce.core.auth.AuthService      : User logged in: order-test-1777469050091-1799@example.com
2026-04-29T21:24:10.302+08:00 DEBUG 53697 --- [nextkey-ecommerce] [           main] c.n.e.i.security.RefreshTokenService     : Stored refresh token for user: 4f16897a-ea0f-4b5d-a0a8-46075ce0bceb
2026-04-29T21:24:10.304+08:00 DEBUG 53697 --- [nextkey-ecommerce] [           main] org.hibernate.SQL                        : update users set avatar_url=?,created_at=?,email=?,email_verified=?,full_name=?,kyc_id_card_back_url=?,kyc_id_card_front_url=?,kyc_id_number_encrypted=?,kyc_status=?,last_login_at=?,metadata=?,password_hash=?,phone=?,phone_verified=?,role=?,status=?,tenant_id=?,updated_at=? where id=?
Hibernate: update users set avatar_url=?,created_at=?,email=?,email_verified=?,full_name=?,kyc_id_card_back_url=?,kyc_id_card_front_url=?,kyc_id_number_encrypted=?,kyc_status=?,last_login_at=?,metadata=?,password_hash=?,phone=?,phone_verified=?,role=?,status=?,tenant_id=?,updated_at=? where id=?
2026-04-29T21:24:10.314+08:00 DEBUG 53697 --- [nextkey-ecommerce] [           main] c.n.e.api.filter.TenantContextFilter     : [TenantContextFilter] Clearing tenant context
2026-04-29T21:24:10.314+08:00  INFO 53697 --- [nextkey-ecommerce] [           main] c.n.e.shared.tenant.TenantContext        : [TenantContext] clear
2026-04-29T21:24:10.351+08:00 DEBUG 53697 --- [nextkey-ecommerce] [           main] c.n.e.a.filter.JwtAuthenticationFilter   : Authenticated user: order-test-1777469050091-1799@example.com with role: BUYER and 13 authorities
2026-04-29T21:24:10.352+08:00  INFO 53697 --- [nextkey-ecommerce] [           main] c.n.e.api.filter.TenantContextFilter     : [TenantContextFilter] Incoming request: POST , X-Tenant-ID: null
2026-04-29T21:24:10.352+08:00 DEBUG 53697 --- [nextkey-ecommerce] [           main] c.n.e.api.filter.TenantContextFilter     : [TenantContextFilter] Authentication: UsernamePasswordAuthenticationToken, principal: UserPrincipal(userId=4f16897a-ea0f-4b5d-a0a8-46075ce0bceb, email=order-test-1777469050091-1799@example.com, role=BUYER, tenantId=null)
2026-04-29T21:24:10.352+08:00  INFO 53697 --- [nextkey-ecommerce] [           main] c.n.e.api.filter.TenantContextFilter     : [TenantContextFilter] Authenticated user: 4f16897a-ea0f-4b5d-a0a8-46075ce0bceb, tenantId: null, role: BUYER, requestedTenantId: null
2026-04-29T21:24:10.352+08:00  INFO 53697 --- [nextkey-ecommerce] [           main] c.n.e.shared.tenant.TenantContext        : [TenantContext] setCurrentUser: 4f16897a-ea0f-4b5d-a0a8-46075ce0bceb
2026-04-29T21:24:10.352+08:00  INFO 53697 --- [nextkey-ecommerce] [           main] c.n.e.shared.tenant.TenantContext        : [TenantContext] setCurrentTenant: 00000000-0000-0000-0000-000000000001
2026-04-29T21:24:10.352+08:00  INFO 53697 --- [nextkey-ecommerce] [           main] c.n.e.api.filter.TenantContextFilter     : [TenantContextFilter] Tenant context set - user: 4f16897a-ea0f-4b5d-a0a8-46075ce0bceb, effective tenant: 00000000-0000-0000-0000-000000000001
2026-04-29T21:24:10.356+08:00  WARN 53697 --- [nextkey-ecommerce] [           main] c.n.e.api.dto.GlobalExceptionHandler     : Validation exception: Validation failed for argument [0] in public org.springframework.http.ResponseEntity<com.nextkey.ecommerce.api.dto.ApiResponse<com.nextkey.ecommerce.api.dto.OrderDto$OrderResponse>> com.nextkey.ecommerce.api.controller.OrderController.createOrder(com.nextkey.ecommerce.api.dto.OrderDto$CreateRequest): [Field error in object 'createRequest' on field 'orderType': rejected value [null]; codes [NotNull.createRequest.orderType,NotNull.orderType,NotNull.java.lang.String,NotNull]; arguments [org.springframework.context.support.DefaultMessageSourceResolvable: codes [createRequest.orderType,orderType]; arguments []; default message [orderType]]; default message [Order type is required]] 
2026-04-29T21:24:10.359+08:00 DEBUG 53697 --- [nextkey-ecommerce] [           main] c.n.e.api.filter.TenantContextFilter     : [TenantContextFilter] Clearing tenant context
2026-04-29T21:24:10.359+08:00  INFO 53697 --- [nextkey-ecommerce] [           main] c.n.e.shared.tenant.TenantContext        : [TenantContext] clear
✅ API-M06-002 PASSED: 缺少必填欄位時返回 400
2026-04-29T21:24:10.363+08:00 DEBUG 53697 --- [nextkey-ecommerce] [           main] org.hibernate.SQL                        : select u1_0.id,u1_0.avatar_url,u1_0.created_at,u1_0.email,u1_0.email_verified,u1_0.full_name,u1_0.kyc_id_card_back_url,u1_0.kyc_id_card_front_url,u1_0.kyc_id_number_encrypted,u1_0.kyc_status,u1_0.last_login_at,u1_0.metadata,u1_0.password_hash,u1_0.phone,u1_0.phone_verified,u1_0.role,u1_0.status,u1_0.tenant_id,u1_0.updated_at from users u1_0 where u1_0.email=?
Hibernate: select u1_0.id,u1_0.avatar_url,u1_0.created_at,u1_0.email,u1_0.email_verified,u1_0.full_name,u1_0.kyc_id_card_back_url,u1_0.kyc_id_card_front_url,u1_0.kyc_id_number_encrypted,u1_0.kyc_status,u1_0.last_login_at,u1_0.metadata,u1_0.password_hash,u1_0.phone,u1_0.phone_verified,u1_0.role,u1_0.status,u1_0.tenant_id,u1_0.updated_at from users u1_0 where u1_0.email=?
2026-04-29T21:24:10.367+08:00 DEBUG 53697 --- [nextkey-ecommerce] [           main] org.hibernate.SQL                        : select o1_0.id,o1_0.created_at,o1_0.currency,o1_0.guest_count,o1_0.metadata,o1_0.notes,o1_0.order_type,o1_0.shipping_address,o1_0.shipping_phone,o1_0.shipping_recipient_name,o1_0.status,o1_0.tenant_id,o1_0.total_amount,o1_0.updated_at,o1_0.user_id from orders o1_0 where o1_0.user_id=? order by o1_0.created_at desc
Hibernate: select o1_0.id,o1_0.created_at,o1_0.currency,o1_0.guest_count,o1_0.metadata,o1_0.notes,o1_0.order_type,o1_0.shipping_address,o1_0.shipping_phone,o1_0.shipping_recipient_name,o1_0.status,o1_0.tenant_id,o1_0.total_amount,o1_0.updated_at,o1_0.user_id from orders o1_0 where o1_0.user_id=? order by o1_0.created_at desc
2026-04-29T21:24:10.369+08:00 DEBUG 53697 --- [nextkey-ecommerce] [           main] org.hibernate.SQL                        : select u1_0.id,u1_0.avatar_url,u1_0.created_at,u1_0.email,u1_0.email_verified,u1_0.full_name,u1_0.kyc_id_card_back_url,u1_0.kyc_id_card_front_url,u1_0.kyc_id_number_encrypted,u1_0.kyc_status,u1_0.last_login_at,u1_0.metadata,u1_0.password_hash,u1_0.phone,u1_0.phone_verified,u1_0.role,u1_0.status,u1_0.tenant_id,u1_0.updated_at from users u1_0 where u1_0.id=?
Hibernate: select u1_0.id,u1_0.avatar_url,u1_0.created_at,u1_0.email,u1_0.email_verified,u1_0.full_name,u1_0.kyc_id_card_back_url,u1_0.kyc_id_card_front_url,u1_0.kyc_id_number_encrypted,u1_0.kyc_status,u1_0.last_login_at,u1_0.metadata,u1_0.password_hash,u1_0.phone,u1_0.phone_verified,u1_0.role,u1_0.status,u1_0.tenant_id,u1_0.updated_at from users u1_0 where u1_0.id=?
2026-04-29T21:24:10.372+08:00 DEBUG 53697 --- [nextkey-ecommerce] [           main] org.hibernate.SQL                        : delete from users where id=?
Hibernate: delete from users where id=?
]]></system-out>
  </testcase>
  <testcase name="getOrders_success_returns200" classname="com.nextkey.ecommerce.api.controller.OrderControllerE2ETest" time="0.335">
    <system-out><![CDATA[2026-04-29T21:24:10.388+08:00  INFO 53697 --- [nextkey-ecommerce] [           main] c.n.e.api.filter.TenantContextFilter     : [TenantContextFilter] Incoming request: POST , X-Tenant-ID: null
2026-04-29T21:24:10.388+08:00 DEBUG 53697 --- [nextkey-ecommerce] [           main] c.n.e.api.filter.TenantContextFilter     : [TenantContextFilter] Authentication: null, principal: null
2026-04-29T21:24:10.388+08:00  INFO 53697 --- [nextkey-ecommerce] [           main] c.n.e.api.filter.TenantContextFilter     : [TenantContextFilter] Anonymous/public request - using system tenant
2026-04-29T21:24:10.388+08:00  INFO 53697 --- [nextkey-ecommerce] [           main] c.n.e.shared.tenant.TenantContext        : [TenantContext] setCurrentTenant: 00000000-0000-0000-0000-000000000001
2026-04-29T21:24:10.392+08:00  INFO 53697 --- [nextkey-ecommerce] [           main] c.n.e.api.controller.AuthController      : Register request for email: order-test-1777469050382-5329@example.com
2026-04-29T21:24:10.394+08:00 DEBUG 53697 --- [nextkey-ecommerce] [           main] org.hibernate.SQL                        : select u1_0.id from users u1_0 where u1_0.email=? fetch first ? rows only
Hibernate: select u1_0.id from users u1_0 where u1_0.email=? fetch first ? rows only
2026-04-29T21:24:10.483+08:00  INFO 53697 --- [nextkey-ecommerce] [           main] c.n.ecommerce.core.auth.AuthService      : New user registered: order-test-1777469050382-5329@example.com (BUYER)
2026-04-29T21:24:10.483+08:00 DEBUG 53697 --- [nextkey-ecommerce] [           main] org.hibernate.SQL                        : insert into users (avatar_url,created_at,email,email_verified,full_name,kyc_id_card_back_url,kyc_id_card_front_url,kyc_id_number_encrypted,kyc_status,last_login_at,metadata,password_hash,phone,phone_verified,role,status,tenant_id,updated_at,id) values (?,?,?,?,?,?,?,?,?,?,?,?,?,?,?,?,?,?,?)
Hibernate: insert into users (avatar_url,created_at,email,email_verified,full_name,kyc_id_card_back_url,kyc_id_card_front_url,kyc_id_number_encrypted,kyc_status,last_login_at,metadata,password_hash,phone,phone_verified,role,status,tenant_id,updated_at,id) values (?,?,?,?,?,?,?,?,?,?,?,?,?,?,?,?,?,?,?)
2026-04-29T21:24:10.488+08:00 DEBUG 53697 --- [nextkey-ecommerce] [           main] c.n.e.api.filter.TenantContextFilter     : [TenantContextFilter] Clearing tenant context
2026-04-29T21:24:10.488+08:00  INFO 53697 --- [nextkey-ecommerce] [           main] c.n.e.shared.tenant.TenantContext        : [TenantContext] clear
2026-04-29T21:24:10.496+08:00  INFO 53697 --- [nextkey-ecommerce] [           main] c.n.e.api.filter.TenantContextFilter     : [TenantContextFilter] Incoming request: POST , X-Tenant-ID: null
2026-04-29T21:24:10.496+08:00 DEBUG 53697 --- [nextkey-ecommerce] [           main] c.n.e.api.filter.TenantContextFilter     : [TenantContextFilter] Authentication: null, principal: null
2026-04-29T21:24:10.496+08:00  INFO 53697 --- [nextkey-ecommerce] [           main] c.n.e.api.filter.TenantContextFilter     : [TenantContextFilter] Anonymous/public request - using system tenant
2026-04-29T21:24:10.496+08:00  INFO 53697 --- [nextkey-ecommerce] [           main] c.n.e.shared.tenant.TenantContext        : [TenantContext] setCurrentTenant: 00000000-0000-0000-0000-000000000001
2026-04-29T21:24:10.498+08:00  INFO 53697 --- [nextkey-ecommerce] [           main] c.n.e.api.controller.AuthController      : Login request for email: order-test-1777469050382-5329@example.com
2026-04-29T21:24:10.500+08:00 DEBUG 53697 --- [nextkey-ecommerce] [           main] org.hibernate.SQL                        : select u1_0.id,u1_0.avatar_url,u1_0.created_at,u1_0.email,u1_0.email_verified,u1_0.full_name,u1_0.kyc_id_card_back_url,u1_0.kyc_id_card_front_url,u1_0.kyc_id_number_encrypted,u1_0.kyc_status,u1_0.last_login_at,u1_0.metadata,u1_0.password_hash,u1_0.phone,u1_0.phone_verified,u1_0.role,u1_0.status,u1_0.tenant_id,u1_0.updated_at from users u1_0 where u1_0.email=? and u1_0.status=?
Hibernate: select u1_0.id,u1_0.avatar_url,u1_0.created_at,u1_0.email,u1_0.email_verified,u1_0.full_name,u1_0.kyc_id_card_back_url,u1_0.kyc_id_card_front_url,u1_0.kyc_id_number_encrypted,u1_0.kyc_status,u1_0.last_login_at,u1_0.metadata,u1_0.password_hash,u1_0.phone,u1_0.phone_verified,u1_0.role,u1_0.status,u1_0.tenant_id,u1_0.updated_at from users u1_0 where u1_0.email=? and u1_0.status=?
2026-04-29T21:24:10.588+08:00  INFO 53697 --- [nextkey-ecommerce] [           main] c.n.ecommerce.core.auth.AuthService      : User logged in: order-test-1777469050382-5329@example.com
2026-04-29T21:24:10.594+08:00 DEBUG 53697 --- [nextkey-ecommerce] [           main] c.n.e.i.security.RefreshTokenService     : Stored refresh token for user: 19d109bd-dc6a-44de-8ce6-5cdc9de1e495
2026-04-29T21:24:10.595+08:00 DEBUG 53697 --- [nextkey-ecommerce] [           main] org.hibernate.SQL                        : update users set avatar_url=?,created_at=?,email=?,email_verified=?,full_name=?,kyc_id_card_back_url=?,kyc_id_card_front_url=?,kyc_id_number_encrypted=?,kyc_status=?,last_login_at=?,metadata=?,password_hash=?,phone=?,phone_verified=?,role=?,status=?,tenant_id=?,updated_at=? where id=?
Hibernate: update users set avatar_url=?,created_at=?,email=?,email_verified=?,full_name=?,kyc_id_card_back_url=?,kyc_id_card_front_url=?,kyc_id_number_encrypted=?,kyc_status=?,last_login_at=?,metadata=?,password_hash=?,phone=?,phone_verified=?,role=?,status=?,tenant_id=?,updated_at=? where id=?
2026-04-29T21:24:10.600+08:00 DEBUG 53697 --- [nextkey-ecommerce] [           main] c.n.e.api.filter.TenantContextFilter     : [TenantContextFilter] Clearing tenant context
2026-04-29T21:24:10.600+08:00  INFO 53697 --- [nextkey-ecommerce] [           main] c.n.e.shared.tenant.TenantContext        : [TenantContext] clear
2026-04-29T21:24:10.608+08:00 DEBUG 53697 --- [nextkey-ecommerce] [           main] c.n.e.a.filter.JwtAuthenticationFilter   : Authenticated user: order-test-1777469050382-5329@example.com with role: BUYER and 13 authorities
2026-04-29T21:24:10.608+08:00  INFO 53697 --- [nextkey-ecommerce] [           main] c.n.e.api.filter.TenantContextFilter     : [TenantContextFilter] Incoming request: GET , X-Tenant-ID: null
2026-04-29T21:24:10.608+08:00 DEBUG 53697 --- [nextkey-ecommerce] [           main] c.n.e.api.filter.TenantContextFilter     : [TenantContextFilter] Authentication: UsernamePasswordAuthenticationToken, principal: UserPrincipal(userId=19d109bd-dc6a-44de-8ce6-5cdc9de1e495, email=order-test-1777469050382-5329@example.com, role=BUYER, tenantId=null)
2026-04-29T21:24:10.608+08:00  INFO 53697 --- [nextkey-ecommerce] [           main] c.n.e.api.filter.TenantContextFilter     : [TenantContextFilter] Authenticated user: 19d109bd-dc6a-44de-8ce6-5cdc9de1e495, tenantId: null, role: BUYER, requestedTenantId: null
2026-04-29T21:24:10.608+08:00  INFO 53697 --- [nextkey-ecommerce] [           main] c.n.e.shared.tenant.TenantContext        : [TenantContext] setCurrentUser: 19d109bd-dc6a-44de-8ce6-5cdc9de1e495
2026-04-29T21:24:10.608+08:00  INFO 53697 --- [nextkey-ecommerce] [           main] c.n.e.shared.tenant.TenantContext        : [TenantContext] setCurrentTenant: 00000000-0000-0000-0000-000000000001
2026-04-29T21:24:10.609+08:00  INFO 53697 --- [nextkey-ecommerce] [           main] c.n.e.api.filter.TenantContextFilter     : [TenantContextFilter] Tenant context set - user: 19d109bd-dc6a-44de-8ce6-5cdc9de1e495, effective tenant: 00000000-0000-0000-0000-000000000001
2026-04-29T21:24:10.622+08:00 DEBUG 53697 --- [nextkey-ecommerce] [           main] c.n.e.shared.tenant.TenantContext        : [TenantContext] getCurrentUser called, returning: 19d109bd-dc6a-44de-8ce6-5cdc9de1e495
2026-04-29T21:24:10.628+08:00 DEBUG 53697 --- [nextkey-ecommerce] [           main] org.hibernate.SQL                        : select o1_0.id,o1_0.created_at,o1_0.currency,o1_0.guest_count,o1_0.metadata,o1_0.notes,o1_0.order_type,o1_0.shipping_address,o1_0.shipping_phone,o1_0.shipping_recipient_name,o1_0.status,o1_0.tenant_id,o1_0.total_amount,o1_0.updated_at,o1_0.user_id from orders o1_0 where o1_0.user_id=? order by o1_0.created_at desc,o1_0.created_at desc offset ? rows fetch first ? rows only
Hibernate: select o1_0.id,o1_0.created_at,o1_0.currency,o1_0.guest_count,o1_0.metadata,o1_0.notes,o1_0.order_type,o1_0.shipping_address,o1_0.shipping_phone,o1_0.shipping_recipient_name,o1_0.status,o1_0.tenant_id,o1_0.total_amount,o1_0.updated_at,o1_0.user_id from orders o1_0 where o1_0.user_id=? order by o1_0.created_at desc,o1_0.created_at desc offset ? rows fetch first ? rows only
2026-04-29T21:24:10.655+08:00 DEBUG 53697 --- [nextkey-ecommerce] [           main] c.n.e.api.filter.TenantContextFilter     : [TenantContextFilter] Clearing tenant context
2026-04-29T21:24:10.655+08:00  INFO 53697 --- [nextkey-ecommerce] [           main] c.n.e.shared.tenant.TenantContext        : [TenantContext] clear
✅ API-M06-003 PASSED: 成功取得訂單列表
2026-04-29T21:24:10.697+08:00 DEBUG 53697 --- [nextkey-ecommerce] [           main] org.hibernate.SQL                        : select u1_0.id,u1_0.avatar_url,u1_0.created_at,u1_0.email,u1_0.email_verified,u1_0.full_name,u1_0.kyc_id_card_back_url,u1_0.kyc_id_card_front_url,u1_0.kyc_id_number_encrypted,u1_0.kyc_status,u1_0.last_login_at,u1_0.metadata,u1_0.password_hash,u1_0.phone,u1_0.phone_verified,u1_0.role,u1_0.status,u1_0.tenant_id,u1_0.updated_at from users u1_0 where u1_0.email=?
Hibernate: select u1_0.id,u1_0.avatar_url,u1_0.created_at,u1_0.email,u1_0.email_verified,u1_0.full_name,u1_0.kyc_id_card_back_url,u1_0.kyc_id_card_front_url,u1_0.kyc_id_number_encrypted,u1_0.kyc_status,u1_0.last_login_at,u1_0.metadata,u1_0.password_hash,u1_0.phone,u1_0.phone_verified,u1_0.role,u1_0.status,u1_0.tenant_id,u1_0.updated_at from users u1_0 where u1_0.email=?
2026-04-29T21:24:10.703+08:00 DEBUG 53697 --- [nextkey-ecommerce] [           main] org.hibernate.SQL                        : select o1_0.id,o1_0.created_at,o1_0.currency,o1_0.guest_count,o1_0.metadata,o1_0.notes,o1_0.order_type,o1_0.shipping_address,o1_0.shipping_phone,o1_0.shipping_recipient_name,o1_0.status,o1_0.tenant_id,o1_0.total_amount,o1_0.updated_at,o1_0.user_id from orders o1_0 where o1_0.user_id=? order by o1_0.created_at desc
Hibernate: select o1_0.id,o1_0.created_at,o1_0.currency,o1_0.guest_count,o1_0.metadata,o1_0.notes,o1_0.order_type,o1_0.shipping_address,o1_0.shipping_phone,o1_0.shipping_recipient_name,o1_0.status,o1_0.tenant_id,o1_0.total_amount,o1_0.updated_at,o1_0.user_id from orders o1_0 where o1_0.user_id=? order by o1_0.created_at desc
2026-04-29T21:24:10.706+08:00 DEBUG 53697 --- [nextkey-ecommerce] [           main] org.hibernate.SQL                        : select u1_0.id,u1_0.avatar_url,u1_0.created_at,u1_0.email,u1_0.email_verified,u1_0.full_name,u1_0.kyc_id_card_back_url,u1_0.kyc_id_card_front_url,u1_0.kyc_id_number_encrypted,u1_0.kyc_status,u1_0.last_login_at,u1_0.metadata,u1_0.password_hash,u1_0.phone,u1_0.phone_verified,u1_0.role,u1_0.status,u1_0.tenant_id,u1_0.updated_at from users u1_0 where u1_0.id=?
Hibernate: select u1_0.id,u1_0.avatar_url,u1_0.created_at,u1_0.email,u1_0.email_verified,u1_0.full_name,u1_0.kyc_id_card_back_url,u1_0.kyc_id_card_front_url,u1_0.kyc_id_number_encrypted,u1_0.kyc_status,u1_0.last_login_at,u1_0.metadata,u1_0.password_hash,u1_0.phone,u1_0.phone_verified,u1_0.role,u1_0.status,u1_0.tenant_id,u1_0.updated_at from users u1_0 where u1_0.id=?
2026-04-29T21:24:10.709+08:00 DEBUG 53697 --- [nextkey-ecommerce] [           main] org.hibernate.SQL                        : delete from users where id=?
Hibernate: delete from users where id=?
]]></system-out>
  </testcase>
  <testcase name="getOrders_withPagination_returns200" classname="com.nextkey.ecommerce.api.controller.OrderControllerE2ETest" time="0.305">
    <system-out><![CDATA[2026-04-29T21:24:10.724+08:00  INFO 53697 --- [nextkey-ecommerce] [           main] c.n.e.api.filter.TenantContextFilter     : [TenantContextFilter] Incoming request: POST , X-Tenant-ID: null
2026-04-29T21:24:10.724+08:00 DEBUG 53697 --- [nextkey-ecommerce] [           main] c.n.e.api.filter.TenantContextFilter     : [TenantContextFilter] Authentication: null, principal: null
2026-04-29T21:24:10.724+08:00  INFO 53697 --- [nextkey-ecommerce] [           main] c.n.e.api.filter.TenantContextFilter     : [TenantContextFilter] Anonymous/public request - using system tenant
2026-04-29T21:24:10.724+08:00  INFO 53697 --- [nextkey-ecommerce] [           main] c.n.e.shared.tenant.TenantContext        : [TenantContext] setCurrentTenant: 00000000-0000-0000-0000-000000000001
2026-04-29T21:24:10.727+08:00  INFO 53697 --- [nextkey-ecommerce] [           main] c.n.e.api.controller.AuthController      : Register request for email: order-test-1777469050718-9721@example.com
2026-04-29T21:24:10.729+08:00 DEBUG 53697 --- [nextkey-ecommerce] [           main] org.hibernate.SQL                        : select u1_0.id from users u1_0 where u1_0.email=? fetch first ? rows only
Hibernate: select u1_0.id from users u1_0 where u1_0.email=? fetch first ? rows only
2026-04-29T21:24:10.821+08:00  INFO 53697 --- [nextkey-ecommerce] [           main] c.n.ecommerce.core.auth.AuthService      : New user registered: order-test-1777469050718-9721@example.com (BUYER)
2026-04-29T21:24:10.822+08:00 DEBUG 53697 --- [nextkey-ecommerce] [           main] org.hibernate.SQL                        : insert into users (avatar_url,created_at,email,email_verified,full_name,kyc_id_card_back_url,kyc_id_card_front_url,kyc_id_number_encrypted,kyc_status,last_login_at,metadata,password_hash,phone,phone_verified,role,status,tenant_id,updated_at,id) values (?,?,?,?,?,?,?,?,?,?,?,?,?,?,?,?,?,?,?)
Hibernate: insert into users (avatar_url,created_at,email,email_verified,full_name,kyc_id_card_back_url,kyc_id_card_front_url,kyc_id_number_encrypted,kyc_status,last_login_at,metadata,password_hash,phone,phone_verified,role,status,tenant_id,updated_at,id) values (?,?,?,?,?,?,?,?,?,?,?,?,?,?,?,?,?,?,?)
2026-04-29T21:24:10.826+08:00 DEBUG 53697 --- [nextkey-ecommerce] [           main] c.n.e.api.filter.TenantContextFilter     : [TenantContextFilter] Clearing tenant context
2026-04-29T21:24:10.826+08:00  INFO 53697 --- [nextkey-ecommerce] [           main] c.n.e.shared.tenant.TenantContext        : [TenantContext] clear
2026-04-29T21:24:10.834+08:00  INFO 53697 --- [nextkey-ecommerce] [           main] c.n.e.api.filter.TenantContextFilter     : [TenantContextFilter] Incoming request: POST , X-Tenant-ID: null
2026-04-29T21:24:10.835+08:00 DEBUG 53697 --- [nextkey-ecommerce] [           main] c.n.e.api.filter.TenantContextFilter     : [TenantContextFilter] Authentication: null, principal: null
2026-04-29T21:24:10.835+08:00  INFO 53697 --- [nextkey-ecommerce] [           main] c.n.e.api.filter.TenantContextFilter     : [TenantContextFilter] Anonymous/public request - using system tenant
2026-04-29T21:24:10.835+08:00  INFO 53697 --- [nextkey-ecommerce] [           main] c.n.e.shared.tenant.TenantContext        : [TenantContext] setCurrentTenant: 00000000-0000-0000-0000-000000000001
2026-04-29T21:24:10.837+08:00  INFO 53697 --- [nextkey-ecommerce] [           main] c.n.e.api.controller.AuthController      : Login request for email: order-test-1777469050718-9721@example.com
2026-04-29T21:24:10.838+08:00 DEBUG 53697 --- [nextkey-ecommerce] [           main] org.hibernate.SQL                        : select u1_0.id,u1_0.avatar_url,u1_0.created_at,u1_0.email,u1_0.email_verified,u1_0.full_name,u1_0.kyc_id_card_back_url,u1_0.kyc_id_card_front_url,u1_0.kyc_id_number_encrypted,u1_0.kyc_status,u1_0.last_login_at,u1_0.metadata,u1_0.password_hash,u1_0.phone,u1_0.phone_verified,u1_0.role,u1_0.status,u1_0.tenant_id,u1_0.updated_at from users u1_0 where u1_0.email=? and u1_0.status=?
Hibernate: select u1_0.id,u1_0.avatar_url,u1_0.created_at,u1_0.email,u1_0.email_verified,u1_0.full_name,u1_0.kyc_id_card_back_url,u1_0.kyc_id_card_front_url,u1_0.kyc_id_number_encrypted,u1_0.kyc_status,u1_0.last_login_at,u1_0.metadata,u1_0.password_hash,u1_0.phone,u1_0.phone_verified,u1_0.role,u1_0.status,u1_0.tenant_id,u1_0.updated_at from users u1_0 where u1_0.email=? and u1_0.status=?
2026-04-29T21:24:10.923+08:00  INFO 53697 --- [nextkey-ecommerce] [           main] c.n.ecommerce.core.auth.AuthService      : User logged in: order-test-1777469050718-9721@example.com
2026-04-29T21:24:10.927+08:00 DEBUG 53697 --- [nextkey-ecommerce] [           main] c.n.e.i.security.RefreshTokenService     : Stored refresh token for user: 63e40709-fa7f-45eb-97c4-884802659d30
2026-04-29T21:24:10.928+08:00 DEBUG 53697 --- [nextkey-ecommerce] [           main] org.hibernate.SQL                        : update users set avatar_url=?,created_at=?,email=?,email_verified=?,full_name=?,kyc_id_card_back_url=?,kyc_id_card_front_url=?,kyc_id_number_encrypted=?,kyc_status=?,last_login_at=?,metadata=?,password_hash=?,phone=?,phone_verified=?,role=?,status=?,tenant_id=?,updated_at=? where id=?
Hibernate: update users set avatar_url=?,created_at=?,email=?,email_verified=?,full_name=?,kyc_id_card_back_url=?,kyc_id_card_front_url=?,kyc_id_number_encrypted=?,kyc_status=?,last_login_at=?,metadata=?,password_hash=?,phone=?,phone_verified=?,role=?,status=?,tenant_id=?,updated_at=? where id=?
2026-04-29T21:24:10.932+08:00 DEBUG 53697 --- [nextkey-ecommerce] [           main] c.n.e.api.filter.TenantContextFilter     : [TenantContextFilter] Clearing tenant context
2026-04-29T21:24:10.932+08:00  INFO 53697 --- [nextkey-ecommerce] [           main] c.n.e.shared.tenant.TenantContext        : [TenantContext] clear
2026-04-29T21:24:10.951+08:00 DEBUG 53697 --- [nextkey-ecommerce] [           main] c.n.e.a.filter.JwtAuthenticationFilter   : Authenticated user: order-test-1777469050718-9721@example.com with role: BUYER and 13 authorities
2026-04-29T21:24:10.952+08:00  INFO 53697 --- [nextkey-ecommerce] [           main] c.n.e.api.filter.TenantContextFilter     : [TenantContextFilter] Incoming request: GET , X-Tenant-ID: null
2026-04-29T21:24:10.952+08:00 DEBUG 53697 --- [nextkey-ecommerce] [           main] c.n.e.api.filter.TenantContextFilter     : [TenantContextFilter] Authentication: UsernamePasswordAuthenticationToken, principal: UserPrincipal(userId=63e40709-fa7f-45eb-97c4-884802659d30, email=order-test-1777469050718-9721@example.com, role=BUYER, tenantId=null)
2026-04-29T21:24:10.952+08:00  INFO 53697 --- [nextkey-ecommerce] [           main] c.n.e.api.filter.TenantContextFilter     : [TenantContextFilter] Authenticated user: 63e40709-fa7f-45eb-97c4-884802659d30, tenantId: null, role: BUYER, requestedTenantId: null
2026-04-29T21:24:10.952+08:00  INFO 53697 --- [nextkey-ecommerce] [           main] c.n.e.shared.tenant.TenantContext        : [TenantContext] setCurrentUser: 63e40709-fa7f-45eb-97c4-884802659d30
2026-04-29T21:24:10.952+08:00  INFO 53697 --- [nextkey-ecommerce] [           main] c.n.e.shared.tenant.TenantContext        : [TenantContext] setCurrentTenant: 00000000-0000-0000-0000-000000000001
2026-04-29T21:24:10.952+08:00  INFO 53697 --- [nextkey-ecommerce] [           main] c.n.e.api.filter.TenantContextFilter     : [TenantContextFilter] Tenant context set - user: 63e40709-fa7f-45eb-97c4-884802659d30, effective tenant: 00000000-0000-0000-0000-000000000001
2026-04-29T21:24:10.956+08:00 DEBUG 53697 --- [nextkey-ecommerce] [           main] c.n.e.shared.tenant.TenantContext        : [TenantContext] getCurrentUser called, returning: 63e40709-fa7f-45eb-97c4-884802659d30
2026-04-29T21:24:10.959+08:00 DEBUG 53697 --- [nextkey-ecommerce] [           main] org.hibernate.SQL                        : select o1_0.id,o1_0.created_at,o1_0.currency,o1_0.guest_count,o1_0.metadata,o1_0.notes,o1_0.order_type,o1_0.shipping_address,o1_0.shipping_phone,o1_0.shipping_recipient_name,o1_0.status,o1_0.tenant_id,o1_0.total_amount,o1_0.updated_at,o1_0.user_id from orders o1_0 where o1_0.user_id=? order by o1_0.created_at desc,o1_0.created_at desc offset ? rows fetch first ? rows only
Hibernate: select o1_0.id,o1_0.created_at,o1_0.currency,o1_0.guest_count,o1_0.metadata,o1_0.notes,o1_0.order_type,o1_0.shipping_address,o1_0.shipping_phone,o1_0.shipping_recipient_name,o1_0.status,o1_0.tenant_id,o1_0.total_amount,o1_0.updated_at,o1_0.user_id from orders o1_0 where o1_0.user_id=? order by o1_0.created_at desc,o1_0.created_at desc offset ? rows fetch first ? rows only
2026-04-29T21:24:10.962+08:00 DEBUG 53697 --- [nextkey-ecommerce] [           main] c.n.e.api.filter.TenantContextFilter     : [TenantContextFilter] Clearing tenant context
2026-04-29T21:24:10.962+08:00  INFO 53697 --- [nextkey-ecommerce] [           main] c.n.e.shared.tenant.TenantContext        : [TenantContext] clear
✅ API-M06-004 PASSED: 分頁參數有效
2026-04-29T21:24:11.000+08:00 DEBUG 53697 --- [nextkey-ecommerce] [           main] org.hibernate.SQL                        : select u1_0.id,u1_0.avatar_url,u1_0.created_at,u1_0.email,u1_0.email_verified,u1_0.full_name,u1_0.kyc_id_card_back_url,u1_0.kyc_id_card_front_url,u1_0.kyc_id_number_encrypted,u1_0.kyc_status,u1_0.last_login_at,u1_0.metadata,u1_0.password_hash,u1_0.phone,u1_0.phone_verified,u1_0.role,u1_0.status,u1_0.tenant_id,u1_0.updated_at from users u1_0 where u1_0.email=?
Hibernate: select u1_0.id,u1_0.avatar_url,u1_0.created_at,u1_0.email,u1_0.email_verified,u1_0.full_name,u1_0.kyc_id_card_back_url,u1_0.kyc_id_card_front_url,u1_0.kyc_id_number_encrypted,u1_0.kyc_status,u1_0.last_login_at,u1_0.metadata,u1_0.password_hash,u1_0.phone,u1_0.phone_verified,u1_0.role,u1_0.status,u1_0.tenant_id,u1_0.updated_at from users u1_0 where u1_0.email=?
2026-04-29T21:24:11.010+08:00 DEBUG 53697 --- [nextkey-ecommerce] [           main] org.hibernate.SQL                        : select o1_0.id,o1_0.created_at,o1_0.currency,o1_0.guest_count,o1_0.metadata,o1_0.notes,o1_0.order_type,o1_0.shipping_address,o1_0.shipping_phone,o1_0.shipping_recipient_name,o1_0.status,o1_0.tenant_id,o1_0.total_amount,o1_0.updated_at,o1_0.user_id from orders o1_0 where o1_0.user_id=? order by o1_0.created_at desc
Hibernate: select o1_0.id,o1_0.created_at,o1_0.currency,o1_0.guest_count,o1_0.metadata,o1_0.notes,o1_0.order_type,o1_0.shipping_address,o1_0.shipping_phone,o1_0.shipping_recipient_name,o1_0.status,o1_0.tenant_id,o1_0.total_amount,o1_0.updated_at,o1_0.user_id from orders o1_0 where o1_0.user_id=? order by o1_0.created_at desc
2026-04-29T21:24:11.012+08:00 DEBUG 53697 --- [nextkey-ecommerce] [           main] org.hibernate.SQL                        : select u1_0.id,u1_0.avatar_url,u1_0.created_at,u1_0.email,u1_0.email_verified,u1_0.full_name,u1_0.kyc_id_card_back_url,u1_0.kyc_id_card_front_url,u1_0.kyc_id_number_encrypted,u1_0.kyc_status,u1_0.last_login_at,u1_0.metadata,u1_0.password_hash,u1_0.phone,u1_0.phone_verified,u1_0.role,u1_0.status,u1_0.tenant_id,u1_0.updated_at from users u1_0 where u1_0.id=?
Hibernate: select u1_0.id,u1_0.avatar_url,u1_0.created_at,u1_0.email,u1_0.email_verified,u1_0.full_name,u1_0.kyc_id_card_back_url,u1_0.kyc_id_card_front_url,u1_0.kyc_id_number_encrypted,u1_0.kyc_status,u1_0.last_login_at,u1_0.metadata,u1_0.password_hash,u1_0.phone,u1_0.phone_verified,u1_0.role,u1_0.status,u1_0.tenant_id,u1_0.updated_at from users u1_0 where u1_0.id=?
2026-04-29T21:24:11.014+08:00 DEBUG 53697 --- [nextkey-ecommerce] [           main] org.hibernate.SQL                        : delete from users where id=?
Hibernate: delete from users where id=?
]]></system-out>
  </testcase>
  <testcase name="getOrder_success_returns200" classname="com.nextkey.ecommerce.api.controller.OrderControllerE2ETest" time="0.368">
    <system-out><![CDATA[2026-04-29T21:24:11.029+08:00  INFO 53697 --- [nextkey-ecommerce] [           main] c.n.e.api.filter.TenantContextFilter     : [TenantContextFilter] Incoming request: POST , X-Tenant-ID: null
2026-04-29T21:24:11.030+08:00 DEBUG 53697 --- [nextkey-ecommerce] [           main] c.n.e.api.filter.TenantContextFilter     : [TenantContextFilter] Authentication: null, principal: null
2026-04-29T21:24:11.030+08:00  INFO 53697 --- [nextkey-ecommerce] [           main] c.n.e.api.filter.TenantContextFilter     : [TenantContextFilter] Anonymous/public request - using system tenant
2026-04-29T21:24:11.030+08:00  INFO 53697 --- [nextkey-ecommerce] [           main] c.n.e.shared.tenant.TenantContext        : [TenantContext] setCurrentTenant: 00000000-0000-0000-0000-000000000001
2026-04-29T21:24:11.031+08:00  INFO 53697 --- [nextkey-ecommerce] [           main] c.n.e.api.controller.AuthController      : Register request for email: order-test-1777469051025-6401@example.com
2026-04-29T21:24:11.033+08:00 DEBUG 53697 --- [nextkey-ecommerce] [           main] org.hibernate.SQL                        : select u1_0.id from users u1_0 where u1_0.email=? fetch first ? rows only
Hibernate: select u1_0.id from users u1_0 where u1_0.email=? fetch first ? rows only
2026-04-29T21:24:11.120+08:00  INFO 53697 --- [nextkey-ecommerce] [           main] c.n.ecommerce.core.auth.AuthService      : New user registered: order-test-1777469051025-6401@example.com (BUYER)
2026-04-29T21:24:11.120+08:00 DEBUG 53697 --- [nextkey-ecommerce] [           main] org.hibernate.SQL                        : insert into users (avatar_url,created_at,email,email_verified,full_name,kyc_id_card_back_url,kyc_id_card_front_url,kyc_id_number_encrypted,kyc_status,last_login_at,metadata,password_hash,phone,phone_verified,role,status,tenant_id,updated_at,id) values (?,?,?,?,?,?,?,?,?,?,?,?,?,?,?,?,?,?,?)
Hibernate: insert into users (avatar_url,created_at,email,email_verified,full_name,kyc_id_card_back_url,kyc_id_card_front_url,kyc_id_number_encrypted,kyc_status,last_login_at,metadata,password_hash,phone,phone_verified,role,status,tenant_id,updated_at,id) values (?,?,?,?,?,?,?,?,?,?,?,?,?,?,?,?,?,?,?)
2026-04-29T21:24:11.128+08:00 DEBUG 53697 --- [nextkey-ecommerce] [           main] c.n.e.api.filter.TenantContextFilter     : [TenantContextFilter] Clearing tenant context
2026-04-29T21:24:11.128+08:00  INFO 53697 --- [nextkey-ecommerce] [           main] c.n.e.shared.tenant.TenantContext        : [TenantContext] clear
2026-04-29T21:24:11.133+08:00  INFO 53697 --- [nextkey-ecommerce] [           main] c.n.e.api.filter.TenantContextFilter     : [TenantContextFilter] Incoming request: POST , X-Tenant-ID: null
2026-04-29T21:24:11.133+08:00 DEBUG 53697 --- [nextkey-ecommerce] [           main] c.n.e.api.filter.TenantContextFilter     : [TenantContextFilter] Authentication: null, principal: null
2026-04-29T21:24:11.133+08:00  INFO 53697 --- [nextkey-ecommerce] [           main] c.n.e.api.filter.TenantContextFilter     : [TenantContextFilter] Anonymous/public request - using system tenant
2026-04-29T21:24:11.133+08:00  INFO 53697 --- [nextkey-ecommerce] [           main] c.n.e.shared.tenant.TenantContext        : [TenantContext] setCurrentTenant: 00000000-0000-0000-0000-000000000001
2026-04-29T21:24:11.137+08:00  INFO 53697 --- [nextkey-ecommerce] [           main] c.n.e.api.controller.AuthController      : Login request for email: order-test-1777469051025-6401@example.com
2026-04-29T21:24:11.140+08:00 DEBUG 53697 --- [nextkey-ecommerce] [           main] org.hibernate.SQL                        : select u1_0.id,u1_0.avatar_url,u1_0.created_at,u1_0.email,u1_0.email_verified,u1_0.full_name,u1_0.kyc_id_card_back_url,u1_0.kyc_id_card_front_url,u1_0.kyc_id_number_encrypted,u1_0.kyc_status,u1_0.last_login_at,u1_0.metadata,u1_0.password_hash,u1_0.phone,u1_0.phone_verified,u1_0.role,u1_0.status,u1_0.tenant_id,u1_0.updated_at from users u1_0 where u1_0.email=? and u1_0.status=?
Hibernate: select u1_0.id,u1_0.avatar_url,u1_0.created_at,u1_0.email,u1_0.email_verified,u1_0.full_name,u1_0.kyc_id_card_back_url,u1_0.kyc_id_card_front_url,u1_0.kyc_id_number_encrypted,u1_0.kyc_status,u1_0.last_login_at,u1_0.metadata,u1_0.password_hash,u1_0.phone,u1_0.phone_verified,u1_0.role,u1_0.status,u1_0.tenant_id,u1_0.updated_at from users u1_0 where u1_0.email=? and u1_0.status=?
2026-04-29T21:24:11.226+08:00  INFO 53697 --- [nextkey-ecommerce] [           main] c.n.ecommerce.core.auth.AuthService      : User logged in: order-test-1777469051025-6401@example.com
2026-04-29T21:24:11.234+08:00 DEBUG 53697 --- [nextkey-ecommerce] [           main] c.n.e.i.security.RefreshTokenService     : Stored refresh token for user: 70be78cd-1c27-4ecd-bab9-f011c4625c7f
2026-04-29T21:24:11.235+08:00 DEBUG 53697 --- [nextkey-ecommerce] [           main] org.hibernate.SQL                        : update users set avatar_url=?,created_at=?,email=?,email_verified=?,full_name=?,kyc_id_card_back_url=?,kyc_id_card_front_url=?,kyc_id_number_encrypted=?,kyc_status=?,last_login_at=?,metadata=?,password_hash=?,phone=?,phone_verified=?,role=?,status=?,tenant_id=?,updated_at=? where id=?
Hibernate: update users set avatar_url=?,created_at=?,email=?,email_verified=?,full_name=?,kyc_id_card_back_url=?,kyc_id_card_front_url=?,kyc_id_number_encrypted=?,kyc_status=?,last_login_at=?,metadata=?,password_hash=?,phone=?,phone_verified=?,role=?,status=?,tenant_id=?,updated_at=? where id=?
2026-04-29T21:24:11.239+08:00 DEBUG 53697 --- [nextkey-ecommerce] [           main] c.n.e.api.filter.TenantContextFilter     : [TenantContextFilter] Clearing tenant context
2026-04-29T21:24:11.239+08:00  INFO 53697 --- [nextkey-ecommerce] [           main] c.n.e.shared.tenant.TenantContext        : [TenantContext] clear
2026-04-29T21:24:11.254+08:00 DEBUG 53697 --- [nextkey-ecommerce] [           main] c.n.e.a.filter.JwtAuthenticationFilter   : Authenticated user: order-test-1777469051025-6401@example.com with role: BUYER and 13 authorities
2026-04-29T21:24:11.254+08:00  INFO 53697 --- [nextkey-ecommerce] [           main] c.n.e.api.filter.TenantContextFilter     : [TenantContextFilter] Incoming request: POST , X-Tenant-ID: null
2026-04-29T21:24:11.254+08:00 DEBUG 53697 --- [nextkey-ecommerce] [           main] c.n.e.api.filter.TenantContextFilter     : [TenantContextFilter] Authentication: UsernamePasswordAuthenticationToken, principal: UserPrincipal(userId=70be78cd-1c27-4ecd-bab9-f011c4625c7f, email=order-test-1777469051025-6401@example.com, role=BUYER, tenantId=null)
2026-04-29T21:24:11.255+08:00  INFO 53697 --- [nextkey-ecommerce] [           main] c.n.e.api.filter.TenantContextFilter     : [TenantContextFilter] Authenticated user: 70be78cd-1c27-4ecd-bab9-f011c4625c7f, tenantId: null, role: BUYER, requestedTenantId: null
2026-04-29T21:24:11.255+08:00  INFO 53697 --- [nextkey-ecommerce] [           main] c.n.e.shared.tenant.TenantContext        : [TenantContext] setCurrentUser: 70be78cd-1c27-4ecd-bab9-f011c4625c7f
2026-04-29T21:24:11.255+08:00  INFO 53697 --- [nextkey-ecommerce] [           main] c.n.e.shared.tenant.TenantContext        : [TenantContext] setCurrentTenant: 00000000-0000-0000-0000-000000000001
2026-04-29T21:24:11.255+08:00  INFO 53697 --- [nextkey-ecommerce] [           main] c.n.e.api.filter.TenantContextFilter     : [TenantContextFilter] Tenant context set - user: 70be78cd-1c27-4ecd-bab9-f011c4625c7f, effective tenant: 00000000-0000-0000-0000-000000000001
2026-04-29T21:24:11.258+08:00 DEBUG 53697 --- [nextkey-ecommerce] [           main] c.n.e.shared.tenant.TenantContext        : [TenantContext] getCurrentUser called, returning: 70be78cd-1c27-4ecd-bab9-f011c4625c7f
2026-04-29T21:24:11.258+08:00 DEBUG 53697 --- [nextkey-ecommerce] [           main] c.n.e.shared.tenant.TenantContext        : [TenantContext] getCurrentTenant called, returning: 00000000-0000-0000-0000-000000000001
2026-04-29T21:24:11.259+08:00 DEBUG 53697 --- [nextkey-ecommerce] [           main] org.hibernate.SQL                        : select u1_0.id,u1_0.avatar_url,u1_0.created_at,u1_0.email,u1_0.email_verified,u1_0.full_name,u1_0.kyc_id_card_back_url,u1_0.kyc_id_card_front_url,u1_0.kyc_id_number_encrypted,u1_0.kyc_status,u1_0.last_login_at,u1_0.metadata,u1_0.password_hash,u1_0.phone,u1_0.phone_verified,u1_0.role,u1_0.status,u1_0.tenant_id,u1_0.updated_at from users u1_0 where u1_0.id=?
Hibernate: select u1_0.id,u1_0.avatar_url,u1_0.created_at,u1_0.email,u1_0.email_verified,u1_0.full_name,u1_0.kyc_id_card_back_url,u1_0.kyc_id_card_front_url,u1_0.kyc_id_number_encrypted,u1_0.kyc_status,u1_0.last_login_at,u1_0.metadata,u1_0.password_hash,u1_0.phone,u1_0.phone_verified,u1_0.role,u1_0.status,u1_0.tenant_id,u1_0.updated_at from users u1_0 where u1_0.id=?
2026-04-29T21:24:11.260+08:00 DEBUG 53697 --- [nextkey-ecommerce] [           main] c.n.e.shared.tenant.TenantContext        : [TenantContext] getCurrentTenant called, returning: 00000000-0000-0000-0000-000000000001
2026-04-29T21:24:11.261+08:00 DEBUG 53697 --- [nextkey-ecommerce] [           main] org.hibernate.SQL                        : select l1_0.id,l1_0.base_price,l1_0.cover_image_url,l1_0.created_at,l1_0.currency,l1_0.description,l1_0.listing_type,l1_0.metadata,l1_0.owner_id,l1_0.status,l1_0.tags,l1_0.tenant_id,l1_0.title,l1_0.updated_at from listings l1_0 where l1_0.id=?
Hibernate: select l1_0.id,l1_0.base_price,l1_0.cover_image_url,l1_0.created_at,l1_0.currency,l1_0.description,l1_0.listing_type,l1_0.metadata,l1_0.owner_id,l1_0.status,l1_0.tags,l1_0.tenant_id,l1_0.title,l1_0.updated_at from listings l1_0 where l1_0.id=?
2026-04-29T21:24:11.264+08:00 DEBUG 53697 --- [nextkey-ecommerce] [           main] org.hibernate.SQL                        : select t1_0.id,t1_0.commission_rate,t1_0.contact_email,t1_0.contact_phone,t1_0.created_at,t1_0.description,t1_0.logo_url,t1_0.metadata,t1_0.name,t1_0.slug,t1_0.status,t1_0.updated_at from tenants t1_0 where t1_0.id=?
Hibernate: select t1_0.id,t1_0.commission_rate,t1_0.contact_email,t1_0.contact_phone,t1_0.created_at,t1_0.description,t1_0.logo_url,t1_0.metadata,t1_0.name,t1_0.slug,t1_0.status,t1_0.updated_at from tenants t1_0 where t1_0.id=?
2026-04-29T21:24:11.266+08:00 DEBUG 53697 --- [nextkey-ecommerce] [           main] org.hibernate.SQL                        : select t1_0.id,t1_0.commission_rate,t1_0.contact_email,t1_0.contact_phone,t1_0.created_at,t1_0.description,t1_0.logo_url,t1_0.metadata,t1_0.name,t1_0.slug,t1_0.status,t1_0.updated_at from tenants t1_0 where t1_0.id=?
Hibernate: select t1_0.id,t1_0.commission_rate,t1_0.contact_email,t1_0.contact_phone,t1_0.created_at,t1_0.description,t1_0.logo_url,t1_0.metadata,t1_0.name,t1_0.slug,t1_0.status,t1_0.updated_at from tenants t1_0 where t1_0.id=?
2026-04-29T21:24:11.269+08:00 DEBUG 53697 --- [nextkey-ecommerce] [           main] org.hibernate.SQL                        : select t1_0.id,t1_0.commission_rate,t1_0.contact_email,t1_0.contact_phone,t1_0.created_at,t1_0.description,t1_0.logo_url,t1_0.metadata,t1_0.name,t1_0.slug,t1_0.status,t1_0.updated_at from tenants t1_0 where t1_0.slug=?
Hibernate: select t1_0.id,t1_0.commission_rate,t1_0.contact_email,t1_0.contact_phone,t1_0.created_at,t1_0.description,t1_0.logo_url,t1_0.metadata,t1_0.name,t1_0.slug,t1_0.status,t1_0.updated_at from tenants t1_0 where t1_0.slug=?
2026-04-29T21:24:11.270+08:00  INFO 53697 --- [nextkey-ecommerce] [           main] c.n.ecommerce.core.order.OrderService    : ROOM order price calculation: listingId=97b4a860-d80a-4862-9749-d91b45f7536e, checkIn=2026-04-30, checkOut=2026-05-01, nights=1, pricePerNight=1500.00, totalAmount=1500.00
2026-04-29T21:24:11.274+08:00 DEBUG 53697 --- [nextkey-ecommerce] [           main] org.hibernate.SQL                        : insert into orders (created_at,currency,guest_count,metadata,notes,order_type,shipping_address,shipping_phone,shipping_recipient_name,status,tenant_id,total_amount,updated_at,user_id,id) values (?,?,?,?,?,?,?,?,?,?,?,?,?,?,?)
Hibernate: insert into orders (created_at,currency,guest_count,metadata,notes,order_type,shipping_address,shipping_phone,shipping_recipient_name,status,tenant_id,total_amount,updated_at,user_id,id) values (?,?,?,?,?,?,?,?,?,?,?,?,?,?,?)
2026-04-29T21:24:11.276+08:00 DEBUG 53697 --- [nextkey-ecommerce] [           main] org.hibernate.SQL                        : select max(osl1_0.sequence) from order_state_log osl1_0 where osl1_0.order_id=?
Hibernate: select max(osl1_0.sequence) from order_state_log osl1_0 where osl1_0.order_id=?
2026-04-29T21:24:11.278+08:00  INFO 53697 --- [nextkey-ecommerce] [           main] c.n.ecommerce.core.order.OrderService    : ROOM order created: orderId=d6f5cc25-b02b-4913-bed8-dc9e1fbcdea3, userId=70be78cd-1c27-4ecd-bab9-f011c4625c7f
2026-04-29T21:24:11.279+08:00 DEBUG 53697 --- [nextkey-ecommerce] [           main] org.hibernate.SQL                        : insert into order_state_log (changed_by,created_at,from_status,order_id,reason,sequence,to_status,id) values (?,?,?,?,?,?,?,?)
Hibernate: insert into order_state_log (changed_by,created_at,from_status,order_id,reason,sequence,to_status,id) values (?,?,?,?,?,?,?,?)
2026-04-29T21:24:11.283+08:00 DEBUG 53697 --- [nextkey-ecommerce] [           main] c.n.e.api.filter.TenantContextFilter     : [TenantContextFilter] Clearing tenant context
2026-04-29T21:24:11.283+08:00  INFO 53697 --- [nextkey-ecommerce] [           main] c.n.e.shared.tenant.TenantContext        : [TenantContext] clear
2026-04-29T21:24:11.291+08:00 DEBUG 53697 --- [nextkey-ecommerce] [           main] c.n.e.a.filter.JwtAuthenticationFilter   : Authenticated user: order-test-1777469051025-6401@example.com with role: BUYER and 13 authorities
2026-04-29T21:24:11.292+08:00  INFO 53697 --- [nextkey-ecommerce] [           main] c.n.e.api.filter.TenantContextFilter     : [TenantContextFilter] Incoming request: GET , X-Tenant-ID: null
2026-04-29T21:24:11.292+08:00 DEBUG 53697 --- [nextkey-ecommerce] [           main] c.n.e.api.filter.TenantContextFilter     : [TenantContextFilter] Authentication: UsernamePasswordAuthenticationToken, principal: UserPrincipal(userId=70be78cd-1c27-4ecd-bab9-f011c4625c7f, email=order-test-1777469051025-6401@example.com, role=BUYER, tenantId=null)
2026-04-29T21:24:11.292+08:00  INFO 53697 --- [nextkey-ecommerce] [           main] c.n.e.api.filter.TenantContextFilter     : [TenantContextFilter] Authenticated user: 70be78cd-1c27-4ecd-bab9-f011c4625c7f, tenantId: null, role: BUYER, requestedTenantId: null
2026-04-29T21:24:11.292+08:00  INFO 53697 --- [nextkey-ecommerce] [           main] c.n.e.shared.tenant.TenantContext        : [TenantContext] setCurrentUser: 70be78cd-1c27-4ecd-bab9-f011c4625c7f
2026-04-29T21:24:11.292+08:00  INFO 53697 --- [nextkey-ecommerce] [           main] c.n.e.shared.tenant.TenantContext        : [TenantContext] setCurrentTenant: 00000000-0000-0000-0000-000000000001
2026-04-29T21:24:11.292+08:00  INFO 53697 --- [nextkey-ecommerce] [           main] c.n.e.api.filter.TenantContextFilter     : [TenantContextFilter] Tenant context set - user: 70be78cd-1c27-4ecd-bab9-f011c4625c7f, effective tenant: 00000000-0000-0000-0000-000000000001
2026-04-29T21:24:11.296+08:00 DEBUG 53697 --- [nextkey-ecommerce] [           main] org.hibernate.SQL                        : select o1_0.id,o1_0.created_at,o1_0.currency,o1_0.guest_count,o1_0.metadata,o1_0.notes,o1_0.order_type,o1_0.shipping_address,o1_0.shipping_phone,o1_0.shipping_recipient_name,o1_0.status,o1_0.tenant_id,o1_0.total_amount,o1_0.updated_at,o1_0.user_id from orders o1_0 where o1_0.id=?
Hibernate: select o1_0.id,o1_0.created_at,o1_0.currency,o1_0.guest_count,o1_0.metadata,o1_0.notes,o1_0.order_type,o1_0.shipping_address,o1_0.shipping_phone,o1_0.shipping_recipient_name,o1_0.status,o1_0.tenant_id,o1_0.total_amount,o1_0.updated_at,o1_0.user_id from orders o1_0 where o1_0.id=?
2026-04-29T21:24:11.299+08:00 DEBUG 53697 --- [nextkey-ecommerce] [           main] org.hibernate.SQL                        : select i1_0.order_id,i1_0.id,i1_0.created_at,i1_0.listing_id,i1_0.quantity,i1_0.sku_id,i1_0.subtotal,i1_0.unit_price from order_items i1_0 where i1_0.order_id=?
Hibernate: select i1_0.order_id,i1_0.id,i1_0.created_at,i1_0.listing_id,i1_0.quantity,i1_0.sku_id,i1_0.subtotal,i1_0.unit_price from order_items i1_0 where i1_0.order_id=?
2026-04-29T21:24:11.302+08:00 DEBUG 53697 --- [nextkey-ecommerce] [           main] c.n.e.api.filter.TenantContextFilter     : [TenantContextFilter] Clearing tenant context
2026-04-29T21:24:11.302+08:00  INFO 53697 --- [nextkey-ecommerce] [           main] c.n.e.shared.tenant.TenantContext        : [TenantContext] clear
✅ API-M06-005 PASSED: 成功取得訂單詳情
2026-04-29T21:24:11.349+08:00 DEBUG 53697 --- [nextkey-ecommerce] [           main] org.hibernate.SQL                        : select u1_0.id,u1_0.avatar_url,u1_0.created_at,u1_0.email,u1_0.email_verified,u1_0.full_name,u1_0.kyc_id_card_back_url,u1_0.kyc_id_card_front_url,u1_0.kyc_id_number_encrypted,u1_0.kyc_status,u1_0.last_login_at,u1_0.metadata,u1_0.password_hash,u1_0.phone,u1_0.phone_verified,u1_0.role,u1_0.status,u1_0.tenant_id,u1_0.updated_at from users u1_0 where u1_0.email=?
Hibernate: select u1_0.id,u1_0.avatar_url,u1_0.created_at,u1_0.email,u1_0.email_verified,u1_0.full_name,u1_0.kyc_id_card_back_url,u1_0.kyc_id_card_front_url,u1_0.kyc_id_number_encrypted,u1_0.kyc_status,u1_0.last_login_at,u1_0.metadata,u1_0.password_hash,u1_0.phone,u1_0.phone_verified,u1_0.role,u1_0.status,u1_0.tenant_id,u1_0.updated_at from users u1_0 where u1_0.email=?
2026-04-29T21:24:11.355+08:00 DEBUG 53697 --- [nextkey-ecommerce] [           main] org.hibernate.SQL                        : select o1_0.id,o1_0.created_at,o1_0.currency,o1_0.guest_count,o1_0.metadata,o1_0.notes,o1_0.order_type,o1_0.shipping_address,o1_0.shipping_phone,o1_0.shipping_recipient_name,o1_0.status,o1_0.tenant_id,o1_0.total_amount,o1_0.updated_at,o1_0.user_id from orders o1_0 where o1_0.user_id=? order by o1_0.created_at desc
Hibernate: select o1_0.id,o1_0.created_at,o1_0.currency,o1_0.guest_count,o1_0.metadata,o1_0.notes,o1_0.order_type,o1_0.shipping_address,o1_0.shipping_phone,o1_0.shipping_recipient_name,o1_0.status,o1_0.tenant_id,o1_0.total_amount,o1_0.updated_at,o1_0.user_id from orders o1_0 where o1_0.user_id=? order by o1_0.created_at desc
2026-04-29T21:24:11.359+08:00 DEBUG 53697 --- [nextkey-ecommerce] [           main] org.hibernate.SQL                        : select o1_0.id,o1_0.created_at,o1_0.currency,o1_0.guest_count,o1_0.metadata,o1_0.notes,o1_0.order_type,o1_0.shipping_address,o1_0.shipping_phone,o1_0.shipping_recipient_name,o1_0.status,o1_0.tenant_id,o1_0.total_amount,o1_0.updated_at,o1_0.user_id from orders o1_0 where o1_0.id=?
Hibernate: select o1_0.id,o1_0.created_at,o1_0.currency,o1_0.guest_count,o1_0.metadata,o1_0.notes,o1_0.order_type,o1_0.shipping_address,o1_0.shipping_phone,o1_0.shipping_recipient_name,o1_0.status,o1_0.tenant_id,o1_0.total_amount,o1_0.updated_at,o1_0.user_id from orders o1_0 where o1_0.id=?
2026-04-29T21:24:11.362+08:00 DEBUG 53697 --- [nextkey-ecommerce] [           main] org.hibernate.SQL                        : select i1_0.order_id,i1_0.id,i1_0.created_at,i1_0.listing_id,i1_0.quantity,i1_0.sku_id,i1_0.subtotal,i1_0.unit_price from order_items i1_0 where i1_0.order_id=?
Hibernate: select i1_0.order_id,i1_0.id,i1_0.created_at,i1_0.listing_id,i1_0.quantity,i1_0.sku_id,i1_0.subtotal,i1_0.unit_price from order_items i1_0 where i1_0.order_id=?
2026-04-29T21:24:11.364+08:00 DEBUG 53697 --- [nextkey-ecommerce] [           main] org.hibernate.SQL                        : select sl1_0.order_id,sl1_0.id,sl1_0.changed_by,sl1_0.created_at,sl1_0.from_status,sl1_0.reason,sl1_0.sequence,sl1_0.to_status from order_state_log sl1_0 where sl1_0.order_id=?
Hibernate: select sl1_0.order_id,sl1_0.id,sl1_0.changed_by,sl1_0.created_at,sl1_0.from_status,sl1_0.reason,sl1_0.sequence,sl1_0.to_status from order_state_log sl1_0 where sl1_0.order_id=?
2026-04-29T21:24:11.367+08:00 DEBUG 53697 --- [nextkey-ecommerce] [           main] org.hibernate.SQL                        : delete from order_state_log where id=?
Hibernate: delete from order_state_log where id=?
2026-04-29T21:24:11.369+08:00 DEBUG 53697 --- [nextkey-ecommerce] [           main] org.hibernate.SQL                        : delete from orders where id=?
Hibernate: delete from orders where id=?
2026-04-29T21:24:11.377+08:00 DEBUG 53697 --- [nextkey-ecommerce] [           main] org.hibernate.SQL                        : select u1_0.id,u1_0.avatar_url,u1_0.created_at,u1_0.email,u1_0.email_verified,u1_0.full_name,u1_0.kyc_id_card_back_url,u1_0.kyc_id_card_front_url,u1_0.kyc_id_number_encrypted,u1_0.kyc_status,u1_0.last_login_at,u1_0.metadata,u1_0.password_hash,u1_0.phone,u1_0.phone_verified,u1_0.role,u1_0.status,u1_0.tenant_id,u1_0.updated_at from users u1_0 where u1_0.id=?
Hibernate: select u1_0.id,u1_0.avatar_url,u1_0.created_at,u1_0.email,u1_0.email_verified,u1_0.full_name,u1_0.kyc_id_card_back_url,u1_0.kyc_id_card_front_url,u1_0.kyc_id_number_encrypted,u1_0.kyc_status,u1_0.last_login_at,u1_0.metadata,u1_0.password_hash,u1_0.phone,u1_0.phone_verified,u1_0.role,u1_0.status,u1_0.tenant_id,u1_0.updated_at from users u1_0 where u1_0.id=?
2026-04-29T21:24:11.380+08:00 DEBUG 53697 --- [nextkey-ecommerce] [           main] org.hibernate.SQL                        : delete from users where id=?
Hibernate: delete from users where id=?
]]></system-out>
  </testcase>
  <testcase name="getOrder_notFound_returns404" classname="com.nextkey.ecommerce.api.controller.OrderControllerE2ETest" time="0.249">
    <system-out><![CDATA[2026-04-29T21:24:11.397+08:00  INFO 53697 --- [nextkey-ecommerce] [           main] c.n.e.api.filter.TenantContextFilter     : [TenantContextFilter] Incoming request: POST , X-Tenant-ID: null
2026-04-29T21:24:11.397+08:00 DEBUG 53697 --- [nextkey-ecommerce] [           main] c.n.e.api.filter.TenantContextFilter     : [TenantContextFilter] Authentication: null, principal: null
2026-04-29T21:24:11.397+08:00  INFO 53697 --- [nextkey-ecommerce] [           main] c.n.e.api.filter.TenantContextFilter     : [TenantContextFilter] Anonymous/public request - using system tenant
2026-04-29T21:24:11.397+08:00  INFO 53697 --- [nextkey-ecommerce] [           main] c.n.e.shared.tenant.TenantContext        : [TenantContext] setCurrentTenant: 00000000-0000-0000-0000-000000000001
2026-04-29T21:24:11.399+08:00  INFO 53697 --- [nextkey-ecommerce] [           main] c.n.e.api.controller.AuthController      : Register request for email: order-test-1777469051392-801@example.com
2026-04-29T21:24:11.400+08:00 DEBUG 53697 --- [nextkey-ecommerce] [           main] org.hibernate.SQL                        : select u1_0.id from users u1_0 where u1_0.email=? fetch first ? rows only
Hibernate: select u1_0.id from users u1_0 where u1_0.email=? fetch first ? rows only
2026-04-29T21:24:11.492+08:00  INFO 53697 --- [nextkey-ecommerce] [           main] c.n.ecommerce.core.auth.AuthService      : New user registered: order-test-1777469051392-801@example.com (BUYER)
[...]
2026-04-29T21:24:13.718+08:00  INFO 53697 --- [nextkey-ecommerce] [           main] c.n.e.api.filter.TenantContextFilter     : [TenantContextFilter] Authenticated user: 298be4fc-ff52-42fb-858c-aacde55b1fbb, tenantId: null, role: BUYER, requestedTenantId: null
2026-04-29T21:24:13.718+08:00  INFO 53697 --- [nextkey-ecommerce] [           main] c.n.e.shared.tenant.TenantContext        : [TenantContext] setCurrentUser: 298be4fc-ff52-42fb-858c-aacde55b1fbb
2026-04-29T21:24:13.718+08:00  INFO 53697 --- [nextkey-ecommerce] [           main] c.n.e.shared.tenant.TenantContext        : [TenantContext] setCurrentTenant: 00000000-0000-0000-0000-000000000001
2026-04-29T21:24:13.718+08:00  INFO 53697 --- [nextkey-ecommerce] [           main] c.n.e.api.filter.TenantContextFilter     : [TenantContextFilter] Tenant context set - user: 298be4fc-ff52-42fb-858c-aacde55b1fbb, effective tenant: 00000000-0000-0000-0000-000000000001
2026-04-29T21:24:13.722+08:00 DEBUG 53697 --- [nextkey-ecommerce] [           main] c.n.e.shared.tenant.TenantContext        : [TenantContext] getCurrentUser called, returning: 298be4fc-ff52-42fb-858c-aacde55b1fbb
2026-04-29T21:24:13.722+08:00 DEBUG 53697 --- [nextkey-ecommerce] [           main] c.n.e.shared.tenant.TenantContext        : [TenantContext] getCurrentTenant called, returning: 00000000-0000-0000-0000-000000000001
2026-04-29T21:24:13.722+08:00 DEBUG 53697 --- [nextkey-ecommerce] [           main] org.hibernate.SQL                        : select u1_0.id,u1_0.avatar_url,u1_0.created_at,u1_0.email,u1_0.email_verified,u1_0.full_name,u1_0.kyc_id_card_back_url,u1_0.kyc_id_card_front_url,u1_0.kyc_id_number_encrypted,u1_0.kyc_status,u1_0.last_login_at,u1_0.metadata,u1_0.password_hash,u1_0.phone,u1_0.phone_verified,u1_0.role,u1_0.status,u1_0.tenant_id,u1_0.updated_at from users u1_0 where u1_0.id=?
Hibernate: select u1_0.id,u1_0.avatar_url,u1_0.created_at,u1_0.email,u1_0.email_verified,u1_0.full_name,u1_0.kyc_id_card_back_url,u1_0.kyc_id_card_front_url,u1_0.kyc_id_number_encrypted,u1_0.kyc_status,u1_0.last_login_at,u1_0.metadata,u1_0.password_hash,u1_0.phone,u1_0.phone_verified,u1_0.role,u1_0.status,u1_0.tenant_id,u1_0.updated_at from users u1_0 where u1_0.id=?
2026-04-29T21:24:13.724+08:00 DEBUG 53697 --- [nextkey-ecommerce] [           main] c.n.e.shared.tenant.TenantContext        : [TenantContext] getCurrentTenant called, returning: 00000000-0000-0000-0000-000000000001
2026-04-29T21:24:13.725+08:00 DEBUG 53697 --- [nextkey-ecommerce] [           main] org.hibernate.SQL                        : select l1_0.id,l1_0.base_price,l1_0.cover_image_url,l1_0.created_at,l1_0.currency,l1_0.description,l1_0.listing_type,l1_0.metadata,l1_0.owner_id,l1_0.status,l1_0.tags,l1_0.tenant_id,l1_0.title,l1_0.updated_at from listings l1_0 where l1_0.id=?
Hibernate: select l1_0.id,l1_0.base_price,l1_0.cover_image_url,l1_0.created_at,l1_0.currency,l1_0.description,l1_0.listing_type,l1_0.metadata,l1_0.owner_id,l1_0.status,l1_0.tags,l1_0.tenant_id,l1_0.title,l1_0.updated_at from listings l1_0 where l1_0.id=?
2026-04-29T21:24:13.727+08:00 DEBUG 53697 --- [nextkey-ecommerce] [           main] org.hibernate.SQL                        : select t1_0.id,t1_0.commission_rate,t1_0.contact_email,t1_0.contact_phone,t1_0.created_at,t1_0.description,t1_0.logo_url,t1_0.metadata,t1_0.name,t1_0.slug,t1_0.status,t1_0.updated_at from tenants t1_0 where t1_0.id=?
Hibernate: select t1_0.id,t1_0.commission_rate,t1_0.contact_email,t1_0.contact_phone,t1_0.created_at,t1_0.description,t1_0.logo_url,t1_0.metadata,t1_0.name,t1_0.slug,t1_0.status,t1_0.updated_at from tenants t1_0 where t1_0.id=?
2026-04-29T21:24:13.729+08:00 DEBUG 53697 --- [nextkey-ecommerce] [           main] org.hibernate.SQL                        : select t1_0.id,t1_0.commission_rate,t1_0.contact_email,t1_0.contact_phone,t1_0.created_at,t1_0.description,t1_0.logo_url,t1_0.metadata,t1_0.name,t1_0.slug,t1_0.status,t1_0.updated_at from tenants t1_0 where t1_0.id=?
Hibernate: select t1_0.id,t1_0.commission_rate,t1_0.contact_email,t1_0.contact_phone,t1_0.created_at,t1_0.description,t1_0.logo_url,t1_0.metadata,t1_0.name,t1_0.slug,t1_0.status,t1_0.updated_at from tenants t1_0 where t1_0.id=?
2026-04-29T21:24:13.731+08:00 DEBUG 53697 --- [nextkey-ecommerce] [           main] org.hibernate.SQL                        : select t1_0.id,t1_0.commission_rate,t1_0.contact_email,t1_0.contact_phone,t1_0.created_at,t1_0.description,t1_0.logo_url,t1_0.metadata,t1_0.name,t1_0.slug,t1_0.status,t1_0.updated_at from tenants t1_0 where t1_0.slug=?
Hibernate: select t1_0.id,t1_0.commission_rate,t1_0.contact_email,t1_0.contact_phone,t1_0.created_at,t1_0.description,t1_0.logo_url,t1_0.metadata,t1_0.name,t1_0.slug,t1_0.status,t1_0.updated_at from tenants t1_0 where t1_0.slug=?
2026-04-29T21:24:13.733+08:00  INFO 53697 --- [nextkey-ecommerce] [           main] c.n.ecommerce.core.order.OrderService    : ROOM order price calculation: listingId=97b4a860-d80a-4862-9749-d91b45f7536e, checkIn=2026-04-30, checkOut=2026-05-01, nights=1, pricePerNight=1500.00, totalAmount=1500.00
2026-04-29T21:24:13.736+08:00 DEBUG 53697 --- [nextkey-ecommerce] [           main] org.hibernate.SQL                        : insert into orders (created_at,currency,guest_count,metadata,notes,order_type,shipping_address,shipping_phone,shipping_recipient_name,status,tenant_id,total_amount,updated_at,user_id,id) values (?,?,?,?,?,?,?,?,?,?,?,?,?,?,?)
Hibernate: insert into orders (created_at,currency,guest_count,metadata,notes,order_type,shipping_address,shipping_phone,shipping_recipient_name,status,tenant_id,total_amount,updated_at,user_id,id) values (?,?,?,?,?,?,?,?,?,?,?,?,?,?,?)
2026-04-29T21:24:13.738+08:00 DEBUG 53697 --- [nextkey-ecommerce] [           main] org.hibernate.SQL                        : select max(osl1_0.sequence) from order_state_log osl1_0 where osl1_0.order_id=?
Hibernate: select max(osl1_0.sequence) from order_state_log osl1_0 where osl1_0.order_id=?
2026-04-29T21:24:13.739+08:00  INFO 53697 --- [nextkey-ecommerce] [           main] c.n.ecommerce.core.order.OrderService    : ROOM order created: orderId=5b9bf8ed-37f5-4b39-b8d5-00405f8b98de, userId=298be4fc-ff52-42fb-858c-aacde55b1fbb
2026-04-29T21:24:13.740+08:00 DEBUG 53697 --- [nextkey-ecommerce] [           main] org.hibernate.SQL                        : insert into order_state_log (changed_by,created_at,from_status,order_id,reason,sequence,to_status,id) values (?,?,?,?,?,?,?,?)
Hibernate: insert into order_state_log (changed_by,created_at,from_status,order_id,reason,sequence,to_status,id) values (?,?,?,?,?,?,?,?)
2026-04-29T21:24:13.747+08:00 DEBUG 53697 --- [nextkey-ecommerce] [           main] c.n.e.api.filter.TenantContextFilter     : [TenantContextFilter] Clearing tenant context
2026-04-29T21:24:13.747+08:00  INFO 53697 --- [nextkey-ecommerce] [           main] c.n.e.shared.tenant.TenantContext        : [TenantContext] clear
2026-04-29T21:24:13.754+08:00 DEBUG 53697 --- [nextkey-ecommerce] [           main] c.n.e.a.filter.JwtAuthenticationFilter   : Authenticated user: order-test-1777469053485-9008@example.com with role: BUYER and 13 authorities
2026-04-29T21:24:13.754+08:00  INFO 53697 --- [nextkey-ecommerce] [           main] c.n.e.api.filter.TenantContextFilter     : [TenantContextFilter] Incoming request: POST , X-Tenant-ID: null
2026-04-29T21:24:13.755+08:00 DEBUG 53697 --- [nextkey-ecommerce] [           main] c.n.e.api.filter.TenantContextFilter     : [TenantContextFilter] Authentication: UsernamePasswordAuthenticationToken, principal: UserPrincipal(userId=298be4fc-ff52-42fb-858c-aacde55b1fbb, email=order-test-1777469053485-9008@example.com, role=BUYER, tenantId=null)
2026-04-29T21:24:13.755+08:00  INFO 53697 --- [nextkey-ecommerce] [           main] c.n.e.api.filter.TenantContextFilter     : [TenantContextFilter] Authenticated user: 298be4fc-ff52-42fb-858c-aacde55b1fbb, tenantId: null, role: BUYER, requestedTenantId: null
2026-04-29T21:24:13.755+08:00  INFO 53697 --- [nextkey-ecommerce] [           main] c.n.e.shared.tenant.TenantContext        : [TenantContext] setCurrentUser: 298be4fc-ff52-42fb-858c-aacde55b1fbb
2026-04-29T21:24:13.755+08:00  INFO 53697 --- [nextkey-ecommerce] [           main] c.n.e.shared.tenant.TenantContext        : [TenantContext] setCurrentTenant: 00000000-0000-0000-0000-000000000001
2026-04-29T21:24:13.755+08:00  INFO 53697 --- [nextkey-ecommerce] [           main] c.n.e.api.filter.TenantContextFilter     : [TenantContextFilter] Tenant context set - user: 298be4fc-ff52-42fb-858c-aacde55b1fbb, effective tenant: 00000000-0000-0000-0000-000000000001
2026-04-29T21:24:13.757+08:00 DEBUG 53697 --- [nextkey-ecommerce] [           main] c.n.e.shared.tenant.TenantContext        : [TenantContext] getCurrentUser called, returning: 298be4fc-ff52-42fb-858c-aacde55b1fbb
2026-04-29T21:24:13.757+08:00 DEBUG 53697 --- [nextkey-ecommerce] [           main] org.hibernate.SQL                        : select o1_0.id,o1_0.created_at,o1_0.currency,o1_0.guest_count,o1_0.metadata,o1_0.notes,o1_0.order_type,o1_0.shipping_address,o1_0.shipping_phone,o1_0.shipping_recipient_name,o1_0.status,o1_0.tenant_id,o1_0.total_amount,o1_0.updated_at,o1_0.user_id from orders o1_0 where o1_0.id=?
Hibernate: select o1_0.id,o1_0.created_at,o1_0.currency,o1_0.guest_count,o1_0.metadata,o1_0.notes,o1_0.order_type,o1_0.shipping_address,o1_0.shipping_phone,o1_0.shipping_recipient_name,o1_0.status,o1_0.tenant_id,o1_0.total_amount,o1_0.updated_at,o1_0.user_id from orders o1_0 where o1_0.id=?
2026-04-29T21:24:13.762+08:00 DEBUG 53697 --- [nextkey-ecommerce] [           main] org.hibernate.SQL                        : select max(osl1_0.sequence) from order_state_log osl1_0 where osl1_0.order_id=?
Hibernate: select max(osl1_0.sequence) from order_state_log osl1_0 where osl1_0.order_id=?
2026-04-29T21:24:13.765+08:00  INFO 53697 --- [nextkey-ecommerce] [           main] c.n.ecommerce.core.order.OrderService    : Order cancelled: orderId=5b9bf8ed-37f5-4b39-b8d5-00405f8b98de
2026-04-29T21:24:13.765+08:00 DEBUG 53697 --- [nextkey-ecommerce] [           main] org.hibernate.SQL                        : select i1_0.order_id,i1_0.id,i1_0.created_at,i1_0.listing_id,i1_0.quantity,i1_0.sku_id,i1_0.subtotal,i1_0.unit_price from order_items i1_0 where i1_0.order_id=?
Hibernate: select i1_0.order_id,i1_0.id,i1_0.created_at,i1_0.listing_id,i1_0.quantity,i1_0.sku_id,i1_0.subtotal,i1_0.unit_price from order_items i1_0 where i1_0.order_id=?
2026-04-29T21:24:13.769+08:00 DEBUG 53697 --- [nextkey-ecommerce] [           main] org.hibernate.SQL                        : insert into order_state_log (changed_by,created_at,from_status,order_id,reason,sequence,to_status,id) values (?,?,?,?,?,?,?,?)
Hibernate: insert into order_state_log (changed_by,created_at,from_status,order_id,reason,sequence,to_status,id) values (?,?,?,?,?,?,?,?)
2026-04-29T21:24:13.771+08:00 DEBUG 53697 --- [nextkey-ecommerce] [           main] org.hibernate.SQL                        : update orders set created_at=?,currency=?,guest_count=?,metadata=?,notes=?,order_type=?,shipping_address=?,shipping_phone=?,shipping_recipient_name=?,status=?,tenant_id=?,total_amount=?,updated_at=?,user_id=? where id=?
Hibernate: update orders set created_at=?,currency=?,guest_count=?,metadata=?,notes=?,order_type=?,shipping_address=?,shipping_phone=?,shipping_recipient_name=?,status=?,tenant_id=?,total_amount=?,updated_at=?,user_id=? where id=?
2026-04-29T21:24:13.775+08:00 DEBUG 53697 --- [nextkey-ecommerce] [           main] c.n.e.api.filter.TenantContextFilter     : [TenantContextFilter] Clearing tenant context
2026-04-29T21:24:13.775+08:00  INFO 53697 --- [nextkey-ecommerce] [           main] c.n.e.shared.tenant.TenantContext        : [TenantContext] clear
2026-04-29T21:24:13.812+08:00 DEBUG 53697 --- [nextkey-ecommerce] [           main] c.n.e.a.filter.JwtAuthenticationFilter   : Authenticated user: order-test-1777469053485-9008@example.com with role: BUYER and 13 authorities
2026-04-29T21:24:13.813+08:00  INFO 53697 --- [nextkey-ecommerce] [           main] c.n.e.api.filter.TenantContextFilter     : [TenantContextFilter] Incoming request: POST , X-Tenant-ID: null
2026-04-29T21:24:13.813+08:00 DEBUG 53697 --- [nextkey-ecommerce] [           main] c.n.e.api.filter.TenantContextFilter     : [TenantContextFilter] Authentication: UsernamePasswordAuthenticationToken, principal: UserPrincipal(userId=298be4fc-ff52-42fb-858c-aacde55b1fbb, email=order-test-1777469053485-9008@example.com, role=BUYER, tenantId=null)
2026-04-29T21:24:13.813+08:00  INFO 53697 --- [nextkey-ecommerce] [           main] c.n.e.api.filter.TenantContextFilter     : [TenantContextFilter] Authenticated user: 298be4fc-ff52-42fb-858c-aacde55b1fbb, tenantId: null, role: BUYER, requestedTenantId: null
2026-04-29T21:24:13.813+08:00  INFO 53697 --- [nextkey-ecommerce] [           main] c.n.e.shared.tenant.TenantContext        : [TenantContext] setCurrentUser: 298be4fc-ff52-42fb-858c-aacde55b1fbb
2026-04-29T21:24:13.813+08:00  INFO 53697 --- [nextkey-ecommerce] [           main] c.n.e.shared.tenant.TenantContext        : [TenantContext] setCurrentTenant: 00000000-0000-0000-0000-000000000001
2026-04-29T21:24:13.813+08:00  INFO 53697 --- [nextkey-ecommerce] [           main] c.n.e.api.filter.TenantContextFilter     : [TenantContextFilter] Tenant context set - user: 298be4fc-ff52-42fb-858c-aacde55b1fbb, effective tenant: 00000000-0000-0000-0000-000000000001
2026-04-29T21:24:13.815+08:00 DEBUG 53697 --- [nextkey-ecommerce] [           main] c.n.e.shared.tenant.TenantContext        : [TenantContext] getCurrentUser called, returning: 298be4fc-ff52-42fb-858c-aacde55b1fbb
2026-04-29T21:24:13.816+08:00 DEBUG 53697 --- [nextkey-ecommerce] [           main] org.hibernate.SQL                        : select o1_0.id,o1_0.created_at,o1_0.currency,o1_0.guest_count,o1_0.metadata,o1_0.notes,o1_0.order_type,o1_0.shipping_address,o1_0.shipping_phone,o1_0.shipping_recipient_name,o1_0.status,o1_0.tenant_id,o1_0.total_amount,o1_0.updated_at,o1_0.user_id from orders o1_0 where o1_0.id=?
Hibernate: select o1_0.id,o1_0.created_at,o1_0.currency,o1_0.guest_count,o1_0.metadata,o1_0.notes,o1_0.order_type,o1_0.shipping_address,o1_0.shipping_phone,o1_0.shipping_recipient_name,o1_0.status,o1_0.tenant_id,o1_0.total_amount,o1_0.updated_at,o1_0.user_id from orders o1_0 where o1_0.id=?
2026-04-29T21:24:13.819+08:00  WARN 53697 --- [nextkey-ecommerce] [           main] c.n.e.api.dto.GlobalExceptionHandler     : Business exception: E-5002 - Order cannot be cancelled: Order cannot be cancelled in current status
2026-04-29T21:24:13.820+08:00 DEBUG 53697 --- [nextkey-ecommerce] [           main] c.n.e.api.filter.TenantContextFilter     : [TenantContextFilter] Clearing tenant context
2026-04-29T21:24:13.821+08:00  INFO 53697 --- [nextkey-ecommerce] [           main] c.n.e.shared.tenant.TenantContext        : [TenantContext] clear
✅ API-M06-012 PASSED: 已取消的訂單無法再次取消
2026-04-29T21:24:13.825+08:00 DEBUG 53697 --- [nextkey-ecommerce] [           main] org.hibernate.SQL                        : select u1_0.id,u1_0.avatar_url,u1_0.created_at,u1_0.email,u1_0.email_verified,u1_0.full_name,u1_0.kyc_id_card_back_url,u1_0.kyc_id_card_front_url,u1_0.kyc_id_number_encrypted,u1_0.kyc_status,u1_0.last_login_at,u1_0.metadata,u1_0.password_hash,u1_0.phone,u1_0.phone_verified,u1_0.role,u1_0.status,u1_0.tenant_id,u1_0.updated_at from users u1_0 where u1_0.email=?
Hibernate: select u1_0.id,u1_0.avatar_url,u1_0.created_at,u1_0.email,u1_0.email_verified,u1_0.full_name,u1_0.kyc_id_card_back_url,u1_0.kyc_id_card_front_url,u1_0.kyc_id_number_encrypted,u1_0.kyc_status,u1_0.last_login_at,u1_0.metadata,u1_0.password_hash,u1_0.phone,u1_0.phone_verified,u1_0.role,u1_0.status,u1_0.tenant_id,u1_0.updated_at from users u1_0 where u1_0.email=?
2026-04-29T21:24:13.830+08:00 DEBUG 53697 --- [nextkey-ecommerce] [           main] org.hibernate.SQL                        : select o1_0.id,o1_0.created_at,o1_0.currency,o1_0.guest_count,o1_0.metadata,o1_0.notes,o1_0.order_type,o1_0.shipping_address,o1_0.shipping_phone,o1_0.shipping_recipient_name,o1_0.status,o1_0.tenant_id,o1_0.total_amount,o1_0.updated_at,o1_0.user_id from orders o1_0 where o1_0.user_id=? order by o1_0.created_at desc
Hibernate: select o1_0.id,o1_0.created_at,o1_0.currency,o1_0.guest_count,o1_0.metadata,o1_0.notes,o1_0.order_type,o1_0.shipping_address,o1_0.shipping_phone,o1_0.shipping_recipient_name,o1_0.status,o1_0.tenant_id,o1_0.total_amount,o1_0.updated_at,o1_0.user_id from orders o1_0 where o1_0.user_id=? order by o1_0.created_at desc
2026-04-29T21:24:13.833+08:00 DEBUG 53697 --- [nextkey-ecommerce] [           main] org.hibernate.SQL                        : select o1_0.id,o1_0.created_at,o1_0.currency,o1_0.guest_count,o1_0.metadata,o1_0.notes,o1_0.order_type,o1_0.shipping_address,o1_0.shipping_phone,o1_0.shipping_recipient_name,o1_0.status,o1_0.tenant_id,o1_0.total_amount,o1_0.updated_at,o1_0.user_id from orders o1_0 where o1_0.id=?
Hibernate: select o1_0.id,o1_0.created_at,o1_0.currency,o1_0.guest_count,o1_0.metadata,o1_0.notes,o1_0.order_type,o1_0.shipping_address,o1_0.shipping_phone,o1_0.shipping_recipient_name,o1_0.status,o1_0.tenant_id,o1_0.total_amount,o1_0.updated_at,o1_0.user_id from orders o1_0 where o1_0.id=?
2026-04-29T21:24:13.836+08:00 DEBUG 53697 --- [nextkey-ecommerce] [           main] org.hibernate.SQL                        : select i1_0.order_id,i1_0.id,i1_0.created_at,i1_0.listing_id,i1_0.quantity,i1_0.sku_id,i1_0.subtotal,i1_0.unit_price from order_items i1_0 where i1_0.order_id=?
Hibernate: select i1_0.order_id,i1_0.id,i1_0.created_at,i1_0.listing_id,i1_0.quantity,i1_0.sku_id,i1_0.subtotal,i1_0.unit_price from order_items i1_0 where i1_0.order_id=?
2026-04-29T21:24:13.837+08:00 DEBUG 53697 --- [nextkey-ecommerce] [           main] org.hibernate.SQL                        : select sl1_0.order_id,sl1_0.id,sl1_0.changed_by,sl1_0.created_at,sl1_0.from_status,sl1_0.reason,sl1_0.sequence,sl1_0.to_status from order_state_log sl1_0 where sl1_0.order_id=?
Hibernate: select sl1_0.order_id,sl1_0.id,sl1_0.changed_by,sl1_0.created_at,sl1_0.from_status,sl1_0.reason,sl1_0.sequence,sl1_0.to_status from order_state_log sl1_0 where sl1_0.order_id=?
2026-04-29T21:24:13.841+08:00 DEBUG 53697 --- [nextkey-ecommerce] [           main] org.hibernate.SQL                        : delete from order_state_log where id=?
Hibernate: delete from order_state_log where id=?
2026-04-29T21:24:13.843+08:00 DEBUG 53697 --- [nextkey-ecommerce] [           main] org.hibernate.SQL                        : delete from order_state_log where id=?
Hibernate: delete from order_state_log where id=?
2026-04-29T21:24:13.844+08:00 DEBUG 53697 --- [nextkey-ecommerce] [           main] org.hibernate.SQL                        : delete from orders where id=?
Hibernate: delete from orders where id=?
2026-04-29T21:24:13.851+08:00 DEBUG 53697 --- [nextkey-ecommerce] [           main] org.hibernate.SQL                        : select u1_0.id,u1_0.avatar_url,u1_0.created_at,u1_0.email,u1_0.email_verified,u1_0.full_name,u1_0.kyc_id_card_back_url,u1_0.kyc_id_card_front_url,u1_0.kyc_id_number_encrypted,u1_0.kyc_status,u1_0.last_login_at,u1_0.metadata,u1_0.password_hash,u1_0.phone,u1_0.phone_verified,u1_0.role,u1_0.status,u1_0.tenant_id,u1_0.updated_at from users u1_0 where u1_0.id=?
Hibernate: select u1_0.id,u1_0.avatar_url,u1_0.created_at,u1_0.email,u1_0.email_verified,u1_0.full_name,u1_0.kyc_id_card_back_url,u1_0.kyc_id_card_front_url,u1_0.kyc_id_number_encrypted,u1_0.kyc_status,u1_0.last_login_at,u1_0.metadata,u1_0.password_hash,u1_0.phone,u1_0.phone_verified,u1_0.role,u1_0.status,u1_0.tenant_id,u1_0.updated_at from users u1_0 where u1_0.id=?
2026-04-29T21:24:13.854+08:00 DEBUG 53697 --- [nextkey-ecommerce] [           main] org.hibernate.SQL                        : delete from users where id=?
Hibernate: delete from users where id=?
]]></system-out>
  </testcase>
</testsuite>