<?xml version="1.0" encoding="UTF-8"?>
<testsuite xmlns:xsi="http://www.w3.org/2001/XMLSchema-instance" xsi:noNamespaceSchemaLocation="https://maven.apache.org/surefire/maven-surefire-plugin/xsd/surefire-test-report-3.0.xsd" version="3.0" name="com.nextkey.ecommerce.api.controller.ProductControllerE2ETest" time="3.611" tests="10" errors="0" skipped="0" failures="0">
  <properties>
[...]
</properties>
  <testcase name="getProducts_success_returns200" classname="com.nextkey.ecommerce.api.controller.ProductControllerE2ETest" time="0.411">
    <system-out><![CDATA[2026-04-25T15:38:50.051+08:00  INFO 3774 --- [nextkey-ecommerce] [           main] t.c.s.AnnotationConfigContextLoaderUtils : Could not detect default configuration classes for test class [com.nextkey.ecommerce.api.controller.ProductControllerE2ETest]: ProductControllerE2ETest does not declare any static, non-private, non-final, nested classes annotated with @Configuration.
2026-04-25T15:38:50.056+08:00  INFO 3774 --- [nextkey-ecommerce] [           main] .b.t.c.SpringBootTestContextBootstrapper : Found @SpringBootConfiguration com.nextkey.ecommerce.EcommerceApplication for test class com.nextkey.ecommerce.api.controller.ProductControllerE2ETest
2026-04-25T15:38:50.074+08:00  INFO 3774 --- [nextkey-ecommerce] [           main] c.n.e.api.filter.TenantContextFilter     : [TenantContextFilter] Incoming request: POST , X-Tenant-ID: null
2026-04-25T15:38:50.075+08:00 DEBUG 3774 --- [nextkey-ecommerce] [           main] c.n.e.api.filter.TenantContextFilter     : [TenantContextFilter] Authentication: null, principal: null
2026-04-25T15:38:50.075+08:00  INFO 3774 --- [nextkey-ecommerce] [           main] c.n.e.api.filter.TenantContextFilter     : [TenantContextFilter] Anonymous/public request - using system tenant
2026-04-25T15:38:50.075+08:00  INFO 3774 --- [nextkey-ecommerce] [           main] c.n.e.shared.tenant.TenantContext        : [TenantContext] setCurrentTenant: 00000000-0000-0000-0000-000000000001
2026-04-25T15:38:50.080+08:00  INFO 3774 --- [nextkey-ecommerce] [           main] c.n.e.api.controller.AuthController      : Register request for email: product-test-1777102730065-274@example.com
2026-04-25T15:38:50.081+08:00 DEBUG 3774 --- [nextkey-ecommerce] [           main] org.hibernate.SQL                        : select u1_0.id from users u1_0 where u1_0.email=? fetch first ? rows only
Hibernate: select u1_0.id from users u1_0 where u1_0.email=? fetch first ? rows only
2026-04-25T15:38:50.204+08:00  INFO 3774 --- [nextkey-ecommerce] [           main] c.n.ecommerce.core.auth.AuthService      : New user registered: product-test-1777102730065-274@example.com (SELLER)
2026-04-25T15:38:50.205+08:00 DEBUG 3774 --- [nextkey-ecommerce] [           main] org.hibernate.SQL                        : insert into users (avatar_url,created_at,email,email_verified,full_name,kyc_id_card_back_url,kyc_id_card_front_url,kyc_id_number_encrypted,kyc_status,last_login_at,metadata,password_hash,phone,phone_verified,role,status,tenant_id,updated_at,id) values (?,?,?,?,?,?,?,?,?,?,?,?,?,?,?,?,?,?,?)
Hibernate: insert into users (avatar_url,created_at,email,email_verified,full_name,kyc_id_card_back_url,kyc_id_card_front_url,kyc_id_number_encrypted,kyc_status,last_login_at,metadata,password_hash,phone,phone_verified,role,status,tenant_id,updated_at,id) values (?,?,?,?,?,?,?,?,?,?,?,?,?,?,?,?,?,?,?)
2026-04-25T15:38:50.208+08:00 DEBUG 3774 --- [nextkey-ecommerce] [           main] c.n.e.api.filter.TenantContextFilter     : [TenantContextFilter] Clearing tenant context
2026-04-25T15:38:50.208+08:00  INFO 3774 --- [nextkey-ecommerce] [           main] c.n.e.shared.tenant.TenantContext        : [TenantContext] clear
2026-04-25T15:38:50.214+08:00  INFO 3774 --- [nextkey-ecommerce] [           main] c.n.e.api.filter.TenantContextFilter     : [TenantContextFilter] Incoming request: POST , X-Tenant-ID: null
2026-04-25T15:38:50.214+08:00 DEBUG 3774 --- [nextkey-ecommerce] [           main] c.n.e.api.filter.TenantContextFilter     : [TenantContextFilter] Authentication: null, principal: null
2026-04-25T15:38:50.214+08:00  INFO 3774 --- [nextkey-ecommerce] [           main] c.n.e.api.filter.TenantContextFilter     : [TenantContextFilter] Anonymous/public request - using system tenant
2026-04-25T15:38:50.214+08:00  INFO 3774 --- [nextkey-ecommerce] [           main] c.n.e.shared.tenant.TenantContext        : [TenantContext] setCurrentTenant: 00000000-0000-0000-0000-000000000001
2026-04-25T15:38:50.215+08:00  INFO 3774 --- [nextkey-ecommerce] [           main] c.n.e.api.controller.AuthController      : Login request for email: product-test-1777102730065-274@example.com
2026-04-25T15:38:50.218+08:00 DEBUG 3774 --- [nextkey-ecommerce] [           main] org.hibernate.SQL                        : select u1_0.id,u1_0.avatar_url,u1_0.created_at,u1_0.email,u1_0.email_verified,u1_0.full_name,u1_0.kyc_id_card_back_url,u1_0.kyc_id_card_front_url,u1_0.kyc_id_number_encrypted,u1_0.kyc_status,u1_0.last_login_at,u1_0.metadata,u1_0.password_hash,u1_0.phone,u1_0.phone_verified,u1_0.role,u1_0.status,u1_0.tenant_id,u1_0.updated_at from users u1_0 where u1_0.email=? and u1_0.status=?
Hibernate: select u1_0.id,u1_0.avatar_url,u1_0.created_at,u1_0.email,u1_0.email_verified,u1_0.full_name,u1_0.kyc_id_card_back_url,u1_0.kyc_id_card_front_url,u1_0.kyc_id_number_encrypted,u1_0.kyc_status,u1_0.last_login_at,u1_0.metadata,u1_0.password_hash,u1_0.phone,u1_0.phone_verified,u1_0.role,u1_0.status,u1_0.tenant_id,u1_0.updated_at from users u1_0 where u1_0.email=? and u1_0.status=?
2026-04-25T15:38:50.339+08:00  INFO 3774 --- [nextkey-ecommerce] [           main] c.n.ecommerce.core.auth.AuthService      : User logged in: product-test-1777102730065-274@example.com
2026-04-25T15:38:50.346+08:00 DEBUG 3774 --- [nextkey-ecommerce] [           main] c.n.e.i.security.RefreshTokenService     : Stored refresh token for user: 9efeba53-1103-46f3-9b43-c4f45dd6c433
2026-04-25T15:38:50.347+08:00 DEBUG 3774 --- [nextkey-ecommerce] [           main] org.hibernate.SQL                        : update users set avatar_url=?,created_at=?,email=?,email_verified=?,full_name=?,kyc_id_card_back_url=?,kyc_id_card_front_url=?,kyc_id_number_encrypted=?,kyc_status=?,last_login_at=?,metadata=?,password_hash=?,phone=?,phone_verified=?,role=?,status=?,tenant_id=?,updated_at=? where id=?
Hibernate: update users set avatar_url=?,created_at=?,email=?,email_verified=?,full_name=?,kyc_id_card_back_url=?,kyc_id_card_front_url=?,kyc_id_number_encrypted=?,kyc_status=?,last_login_at=?,metadata=?,password_hash=?,phone=?,phone_verified=?,role=?,status=?,tenant_id=?,updated_at=? where id=?
2026-04-25T15:38:50.353+08:00 DEBUG 3774 --- [nextkey-ecommerce] [           main] c.n.e.api.filter.TenantContextFilter     : [TenantContextFilter] Clearing tenant context
2026-04-25T15:38:50.353+08:00  INFO 3774 --- [nextkey-ecommerce] [           main] c.n.e.shared.tenant.TenantContext        : [TenantContext] clear
2026-04-25T15:38:50.364+08:00 DEBUG 3774 --- [nextkey-ecommerce] [           main] c.n.e.a.filter.JwtAuthenticationFilter   : Authenticated user: product-test-1777102730065-274@example.com with role: SELLER and 9 authorities
2026-04-25T15:38:50.364+08:00  INFO 3774 --- [nextkey-ecommerce] [           main] c.n.e.api.filter.TenantContextFilter     : [TenantContextFilter] Incoming request: GET , X-Tenant-ID: null
2026-04-25T15:38:50.364+08:00 DEBUG 3774 --- [nextkey-ecommerce] [           main] c.n.e.api.filter.TenantContextFilter     : [TenantContextFilter] Authentication: UsernamePasswordAuthenticationToken, principal: UserPrincipal(userId=9efeba53-1103-46f3-9b43-c4f45dd6c433, email=product-test-1777102730065-274@example.com, role=SELLER, tenantId=null)
2026-04-25T15:38:50.364+08:00  INFO 3774 --- [nextkey-ecommerce] [           main] c.n.e.api.filter.TenantContextFilter     : [TenantContextFilter] Authenticated user: 9efeba53-1103-46f3-9b43-c4f45dd6c433, tenantId: null, role: SELLER, requestedTenantId: null
2026-04-25T15:38:50.364+08:00  INFO 3774 --- [nextkey-ecommerce] [           main] c.n.e.shared.tenant.TenantContext        : [TenantContext] setCurrentUser: 9efeba53-1103-46f3-9b43-c4f45dd6c433
2026-04-25T15:38:50.364+08:00  INFO 3774 --- [nextkey-ecommerce] [           main] c.n.e.shared.tenant.TenantContext        : [TenantContext] setCurrentTenant: 00000000-0000-0000-0000-000000000001
2026-04-25T15:38:50.364+08:00  INFO 3774 --- [nextkey-ecommerce] [           main] c.n.e.api.filter.TenantContextFilter     : [TenantContextFilter] Tenant context set - user: 9efeba53-1103-46f3-9b43-c4f45dd6c433, effective tenant: 00000000-0000-0000-0000-000000000001
2026-04-25T15:38:50.377+08:00 DEBUG 3774 --- [nextkey-ecommerce] [           main] c.n.e.shared.tenant.TenantContext        : [TenantContext] getCurrentTenant called, returning: 00000000-0000-0000-0000-000000000001
2026-04-25T15:38:50.385+08:00 DEBUG 3774 --- [nextkey-ecommerce] [           main] org.hibernate.SQL                        : select p1_0.listing_id,p1_0.brand,p1_0.category,p1_0.created_at,p1_0.dimensions_cm,p1_0.updated_at,p1_0.weight_grams from products p1_0 left join listings l1_0 on l1_0.id=p1_0.listing_id where l1_0.tenant_id=? and l1_0.status=? order by l1_0.created_at desc offset ? rows fetch first ? rows only
Hibernate: select p1_0.listing_id,p1_0.brand,p1_0.category,p1_0.created_at,p1_0.dimensions_cm,p1_0.updated_at,p1_0.weight_grams from products p1_0 left join listings l1_0 on l1_0.id=p1_0.listing_id where l1_0.tenant_id=? and l1_0.status=? order by l1_0.created_at desc offset ? rows fetch first ? rows only
2026-04-25T15:38:50.392+08:00 DEBUG 3774 --- [nextkey-ecommerce] [           main] c.n.e.api.filter.TenantContextFilter     : [TenantContextFilter] Clearing tenant context
2026-04-25T15:38:50.392+08:00  INFO 3774 --- [nextkey-ecommerce] [           main] c.n.e.shared.tenant.TenantContext        : [TenantContext] clear
✅ API-M05-001 PASSED: 成功取得商品列表
2026-04-25T15:38:50.458+08:00 DEBUG 3774 --- [nextkey-ecommerce] [           main] org.hibernate.SQL                        : select u1_0.id,u1_0.avatar_url,u1_0.created_at,u1_0.email,u1_0.email_verified,u1_0.full_name,u1_0.kyc_id_card_back_url,u1_0.kyc_id_card_front_url,u1_0.kyc_id_number_encrypted,u1_0.kyc_status,u1_0.last_login_at,u1_0.metadata,u1_0.password_hash,u1_0.phone,u1_0.phone_verified,u1_0.role,u1_0.status,u1_0.tenant_id,u1_0.updated_at from users u1_0 where u1_0.email=?
Hibernate: select u1_0.id,u1_0.avatar_url,u1_0.created_at,u1_0.email,u1_0.email_verified,u1_0.full_name,u1_0.kyc_id_card_back_url,u1_0.kyc_id_card_front_url,u1_0.kyc_id_number_encrypted,u1_0.kyc_status,u1_0.last_login_at,u1_0.metadata,u1_0.password_hash,u1_0.phone,u1_0.phone_verified,u1_0.role,u1_0.status,u1_0.tenant_id,u1_0.updated_at from users u1_0 where u1_0.email=?
2026-04-25T15:38:50.461+08:00 DEBUG 3774 --- [nextkey-ecommerce] [           main] org.hibernate.SQL                        : select u1_0.id,u1_0.avatar_url,u1_0.created_at,u1_0.email,u1_0.email_verified,u1_0.full_name,u1_0.kyc_id_card_back_url,u1_0.kyc_id_card_front_url,u1_0.kyc_id_number_encrypted,u1_0.kyc_status,u1_0.last_login_at,u1_0.metadata,u1_0.password_hash,u1_0.phone,u1_0.phone_verified,u1_0.role,u1_0.status,u1_0.tenant_id,u1_0.updated_at from users u1_0 where u1_0.id=?
Hibernate: select u1_0.id,u1_0.avatar_url,u1_0.created_at,u1_0.email,u1_0.email_verified,u1_0.full_name,u1_0.kyc_id_card_back_url,u1_0.kyc_id_card_front_url,u1_0.kyc_id_number_encrypted,u1_0.kyc_status,u1_0.last_login_at,u1_0.metadata,u1_0.password_hash,u1_0.phone,u1_0.phone_verified,u1_0.role,u1_0.status,u1_0.tenant_id,u1_0.updated_at from users u1_0 where u1_0.id=?
2026-04-25T15:38:50.464+08:00 DEBUG 3774 --- [nextkey-ecommerce] [           main] org.hibernate.SQL                        : delete from users where id=?
Hibernate: delete from users where id=?
]]></system-out>
  </testcase>
  <testcase name="getProducts_withPaginationAndFilter_returns200" classname="com.nextkey.ecommerce.api.controller.ProductControllerE2ETest" time="0.314">
    <system-out><![CDATA[2026-04-25T15:38:50.484+08:00  INFO 3774 --- [nextkey-ecommerce] [           main] c.n.e.api.filter.TenantContextFilter     : [TenantContextFilter] Incoming request: POST , X-Tenant-ID: null
2026-04-25T15:38:50.484+08:00 DEBUG 3774 --- [nextkey-ecommerce] [           main] c.n.e.api.filter.TenantContextFilter     : [TenantContextFilter] Authentication: null, principal: null
2026-04-25T15:38:50.484+08:00  INFO 3774 --- [nextkey-ecommerce] [           main] c.n.e.api.filter.TenantContextFilter     : [TenantContextFilter] Anonymous/public request - using system tenant
2026-04-25T15:38:50.484+08:00  INFO 3774 --- [nextkey-ecommerce] [           main] c.n.e.shared.tenant.TenantContext        : [TenantContext] setCurrentTenant: 00000000-0000-0000-0000-000000000001
2026-04-25T15:38:50.486+08:00  INFO 3774 --- [nextkey-ecommerce] [           main] c.n.e.api.controller.AuthController      : Register request for email: product-test-1777102730476-6703@example.com
2026-04-25T15:38:50.488+08:00 DEBUG 3774 --- [nextkey-ecommerce] [           main] org.hibernate.SQL                        : select u1_0.id from users u1_0 where u1_0.email=? fetch first ? rows only
Hibernate: select u1_0.id from users u1_0 where u1_0.email=? fetch first ? rows only
2026-04-25T15:38:50.586+08:00  INFO 3774 --- [nextkey-ecommerce] [           main] c.n.ecommerce.core.auth.AuthService      : New user registered: product-test-1777102730476-6703@example.com (SELLER)
2026-04-25T15:38:50.586+08:00 DEBUG 3774 --- [nextkey-ecommerce] [           main] org.hibernate.SQL                        : insert into users (avatar_url,created_at,email,email_verified,full_name,kyc_id_card_back_url,kyc_id_card_front_url,kyc_id_number_encrypted,kyc_status,last_login_at,metadata,password_hash,phone,phone_verified,role,status,tenant_id,updated_at,id) values (?,?,?,?,?,?,?,?,?,?,?,?,?,?,?,?,?,?,?)
Hibernate: insert into users (avatar_url,created_at,email,email_verified,full_name,kyc_id_card_back_url,kyc_id_card_front_url,kyc_id_number_encrypted,kyc_status,last_login_at,metadata,password_hash,phone,phone_verified,role,status,tenant_id,updated_at,id) values (?,?,?,?,?,?,?,?,?,?,?,?,?,?,?,?,?,?,?)
2026-04-25T15:38:50.590+08:00 DEBUG 3774 --- [nextkey-ecommerce] [           main] c.n.e.api.filter.TenantContextFilter     : [TenantContextFilter] Clearing tenant context
2026-04-25T15:38:50.590+08:00  INFO 3774 --- [nextkey-ecommerce] [           main] c.n.e.shared.tenant.TenantContext        : [TenantContext] clear
2026-04-25T15:38:50.595+08:00  INFO 3774 --- [nextkey-ecommerce] [           main] c.n.e.api.filter.TenantContextFilter     : [TenantContextFilter] Incoming request: POST , X-Tenant-ID: null
2026-04-25T15:38:50.595+08:00 DEBUG 3774 --- [nextkey-ecommerce] [           main] c.n.e.api.filter.TenantContextFilter     : [TenantContextFilter] Authentication: null, principal: null
2026-04-25T15:38:50.595+08:00  INFO 3774 --- [nextkey-ecommerce] [           main] c.n.e.api.filter.TenantContextFilter     : [TenantContextFilter] Anonymous/public request - using system tenant
2026-04-25T15:38:50.595+08:00  INFO 3774 --- [nextkey-ecommerce] [           main] c.n.e.shared.tenant.TenantContext        : [TenantContext] setCurrentTenant: 00000000-0000-0000-0000-000000000001
2026-04-25T15:38:50.597+08:00  INFO 3774 --- [nextkey-ecommerce] [           main] c.n.e.api.controller.AuthController      : Login request for email: product-test-1777102730476-6703@example.com
2026-04-25T15:38:50.598+08:00 DEBUG 3774 --- [nextkey-ecommerce] [           main] org.hibernate.SQL                        : select u1_0.id,u1_0.avatar_url,u1_0.created_at,u1_0.email,u1_0.email_verified,u1_0.full_name,u1_0.kyc_id_card_back_url,u1_0.kyc_id_card_front_url,u1_0.kyc_id_number_encrypted,u1_0.kyc_status,u1_0.last_login_at,u1_0.metadata,u1_0.password_hash,u1_0.phone,u1_0.phone_verified,u1_0.role,u1_0.status,u1_0.tenant_id,u1_0.updated_at from users u1_0 where u1_0.email=? and u1_0.status=?
Hibernate: select u1_0.id,u1_0.avatar_url,u1_0.created_at,u1_0.email,u1_0.email_verified,u1_0.full_name,u1_0.kyc_id_card_back_url,u1_0.kyc_id_card_front_url,u1_0.kyc_id_number_encrypted,u1_0.kyc_status,u1_0.last_login_at,u1_0.metadata,u1_0.password_hash,u1_0.phone,u1_0.phone_verified,u1_0.role,u1_0.status,u1_0.tenant_id,u1_0.updated_at from users u1_0 where u1_0.email=? and u1_0.status=?
2026-04-25T15:38:50.696+08:00  INFO 3774 --- [nextkey-ecommerce] [           main] c.n.ecommerce.core.auth.AuthService      : User logged in: product-test-1777102730476-6703@example.com
2026-04-25T15:38:50.700+08:00 DEBUG 3774 --- [nextkey-ecommerce] [           main] c.n.e.i.security.RefreshTokenService     : Stored refresh token for user: 0472326e-0078-46d8-a414-8482b4c003c4
2026-04-25T15:38:50.701+08:00 DEBUG 3774 --- [nextkey-ecommerce] [           main] org.hibernate.SQL                        : update users set avatar_url=?,created_at=?,email=?,email_verified=?,full_name=?,kyc_id_card_back_url=?,kyc_id_card_front_url=?,kyc_id_number_encrypted=?,kyc_status=?,last_login_at=?,metadata=?,password_hash=?,phone=?,phone_verified=?,role=?,status=?,tenant_id=?,updated_at=? where id=?
Hibernate: update users set avatar_url=?,created_at=?,email=?,email_verified=?,full_name=?,kyc_id_card_back_url=?,kyc_id_card_front_url=?,kyc_id_number_encrypted=?,kyc_status=?,last_login_at=?,metadata=?,password_hash=?,phone=?,phone_verified=?,role=?,status=?,tenant_id=?,updated_at=? where id=?
2026-04-25T15:38:50.709+08:00 DEBUG 3774 --- [nextkey-ecommerce] [           main] c.n.e.api.filter.TenantContextFilter     : [TenantContextFilter] Clearing tenant context
2026-04-25T15:38:50.709+08:00  INFO 3774 --- [nextkey-ecommerce] [           main] c.n.e.shared.tenant.TenantContext        : [TenantContext] clear
2026-04-25T15:38:50.714+08:00 DEBUG 3774 --- [nextkey-ecommerce] [           main] c.n.e.a.filter.JwtAuthenticationFilter   : Authenticated user: product-test-1777102730476-6703@example.com with role: SELLER and 9 authorities
2026-04-25T15:38:50.715+08:00  INFO 3774 --- [nextkey-ecommerce] [           main] c.n.e.api.filter.TenantContextFilter     : [TenantContextFilter] Incoming request: GET , X-Tenant-ID: null
2026-04-25T15:38:50.715+08:00 DEBUG 3774 --- [nextkey-ecommerce] [           main] c.n.e.api.filter.TenantContextFilter     : [TenantContextFilter] Authentication: UsernamePasswordAuthenticationToken, principal: UserPrincipal(userId=0472326e-0078-46d8-a414-8482b4c003c4, email=product-test-1777102730476-6703@example.com, role=SELLER, tenantId=null)
2026-04-25T15:38:50.715+08:00  INFO 3774 --- [nextkey-ecommerce] [           main] c.n.e.api.filter.TenantContextFilter     : [TenantContextFilter] Authenticated user: 0472326e-0078-46d8-a414-8482b4c003c4, tenantId: null, role: SELLER, requestedTenantId: null
2026-04-25T15:38:50.715+08:00  INFO 3774 --- [nextkey-ecommerce] [           main] c.n.e.shared.tenant.TenantContext        : [TenantContext] setCurrentUser: 0472326e-0078-46d8-a414-8482b4c003c4
2026-04-25T15:38:50.715+08:00  INFO 3774 --- [nextkey-ecommerce] [           main] c.n.e.shared.tenant.TenantContext        : [TenantContext] setCurrentTenant: 00000000-0000-0000-0000-000000000001
2026-04-25T15:38:50.715+08:00  INFO 3774 --- [nextkey-ecommerce] [           main] c.n.e.api.filter.TenantContextFilter     : [TenantContextFilter] Tenant context set - user: 0472326e-0078-46d8-a414-8482b4c003c4, effective tenant: 00000000-0000-0000-0000-000000000001
2026-04-25T15:38:50.717+08:00 DEBUG 3774 --- [nextkey-ecommerce] [           main] c.n.e.shared.tenant.TenantContext        : [TenantContext] getCurrentTenant called, returning: 00000000-0000-0000-0000-000000000001
2026-04-25T15:38:50.721+08:00 DEBUG 3774 --- [nextkey-ecommerce] [           main] org.hibernate.SQL                        : select p1_0.listing_id,p1_0.brand,p1_0.category,p1_0.created_at,p1_0.dimensions_cm,p1_0.updated_at,p1_0.weight_grams from products p1_0 left join listings l1_0 on l1_0.id=p1_0.listing_id where l1_0.tenant_id=? and l1_0.status=? order by l1_0.created_at desc offset ? rows fetch first ? rows only
Hibernate: select p1_0.listing_id,p1_0.brand,p1_0.category,p1_0.created_at,p1_0.dimensions_cm,p1_0.updated_at,p1_0.weight_grams from products p1_0 left join listings l1_0 on l1_0.id=p1_0.listing_id where l1_0.tenant_id=? and l1_0.status=? order by l1_0.created_at desc offset ? rows fetch first ? rows only
2026-04-25T15:38:50.725+08:00 DEBUG 3774 --- [nextkey-ecommerce] [           main] c.n.e.api.filter.TenantContextFilter     : [TenantContextFilter] Clearing tenant context
2026-04-25T15:38:50.725+08:00  INFO 3774 --- [nextkey-ecommerce] [           main] c.n.e.shared.tenant.TenantContext        : [TenantContext] clear
✅ API-M05-002 PASSED: 分頁和篩選參數有效
2026-04-25T15:38:50.777+08:00 DEBUG 3774 --- [nextkey-ecommerce] [           main] org.hibernate.SQL                        : select u1_0.id,u1_0.avatar_url,u1_0.created_at,u1_0.email,u1_0.email_verified,u1_0.full_name,u1_0.kyc_id_card_back_url,u1_0.kyc_id_card_front_url,u1_0.kyc_id_number_encrypted,u1_0.kyc_status,u1_0.last_login_at,u1_0.metadata,u1_0.password_hash,u1_0.phone,u1_0.phone_verified,u1_0.role,u1_0.status,u1_0.tenant_id,u1_0.updated_at from users u1_0 where u1_0.email=?
Hibernate: select u1_0.id,u1_0.avatar_url,u1_0.created_at,u1_0.email,u1_0.email_verified,u1_0.full_name,u1_0.kyc_id_card_back_url,u1_0.kyc_id_card_front_url,u1_0.kyc_id_number_encrypted,u1_0.kyc_status,u1_0.last_login_at,u1_0.metadata,u1_0.password_hash,u1_0.phone,u1_0.phone_verified,u1_0.role,u1_0.status,u1_0.tenant_id,u1_0.updated_at from users u1_0 where u1_0.email=?
2026-04-25T15:38:50.779+08:00 DEBUG 3774 --- [nextkey-ecommerce] [           main] org.hibernate.SQL                        : select u1_0.id,u1_0.avatar_url,u1_0.created_at,u1_0.email,u1_0.email_verified,u1_0.full_name,u1_0.kyc_id_card_back_url,u1_0.kyc_id_card_front_url,u1_0.kyc_id_number_encrypted,u1_0.kyc_status,u1_0.last_login_at,u1_0.metadata,u1_0.password_hash,u1_0.phone,u1_0.phone_verified,u1_0.role,u1_0.status,u1_0.tenant_id,u1_0.updated_at from users u1_0 where u1_0.id=?
Hibernate: select u1_0.id,u1_0.avatar_url,u1_0.created_at,u1_0.email,u1_0.email_verified,u1_0.full_name,u1_0.kyc_id_card_back_url,u1_0.kyc_id_card_front_url,u1_0.kyc_id_number_encrypted,u1_0.kyc_status,u1_0.last_login_at,u1_0.metadata,u1_0.password_hash,u1_0.phone,u1_0.phone_verified,u1_0.role,u1_0.status,u1_0.tenant_id,u1_0.updated_at from users u1_0 where u1_0.id=?
2026-04-25T15:38:50.783+08:00 DEBUG 3774 --- [nextkey-ecommerce] [           main] org.hibernate.SQL                        : delete from users where id=?
Hibernate: delete from users where id=?
]]></system-out>
  </testcase>
  <testcase name="getProduct_success_returns200" classname="com.nextkey.ecommerce.api.controller.ProductControllerE2ETest" time="0.375">
    <system-out><![CDATA[2026-04-25T15:38:50.796+08:00  INFO 3774 --- [nextkey-ecommerce] [           main] c.n.e.api.filter.TenantContextFilter     : [TenantContextFilter] Incoming request: POST , X-Tenant-ID: null
2026-04-25T15:38:50.796+08:00 DEBUG 3774 --- [nextkey-ecommerce] [           main] c.n.e.api.filter.TenantContextFilter     : [TenantContextFilter] Authentication: null, principal: null
2026-04-25T15:38:50.796+08:00  INFO 3774 --- [nextkey-ecommerce] [           main] c.n.e.api.filter.TenantContextFilter     : [TenantContextFilter] Anonymous/public request - using system tenant
2026-04-25T15:38:50.796+08:00  INFO 3774 --- [nextkey-ecommerce] [           main] c.n.e.shared.tenant.TenantContext        : [TenantContext] setCurrentTenant: 00000000-0000-0000-0000-000000000001
2026-04-25T15:38:50.798+08:00  INFO 3774 --- [nextkey-ecommerce] [           main] c.n.e.api.controller.AuthController      : Register request for email: product-test-1777102730792-4720@example.com
2026-04-25T15:38:50.799+08:00 DEBUG 3774 --- [nextkey-ecommerce] [           main] org.hibernate.SQL                        : select u1_0.id from users u1_0 where u1_0.email=? fetch first ? rows only
Hibernate: select u1_0.id from users u1_0 where u1_0.email=? fetch first ? rows only
2026-04-25T15:38:50.893+08:00  INFO 3774 --- [nextkey-ecommerce] [           main] c.n.ecommerce.core.auth.AuthService      : New user registered: product-test-1777102730792-4720@example.com (SELLER)
2026-04-25T15:38:50.893+08:00 DEBUG 3774 --- [nextkey-ecommerce] [           main] org.hibernate.SQL                        : insert into users (avatar_url,created_at,email,email_verified,full_name,kyc_id_card_back_url,kyc_id_card_front_url,kyc_id_number_encrypted,kyc_status,last_login_at,metadata,password_hash,phone,phone_verified,role,status,tenant_id,updated_at,id) values (?,?,?,?,?,?,?,?,?,?,?,?,?,?,?,?,?,?,?)
Hibernate: insert into users (avatar_url,created_at,email,email_verified,full_name,kyc_id_card_back_url,kyc_id_card_front_url,kyc_id_number_encrypted,kyc_status,last_login_at,metadata,password_hash,phone,phone_verified,role,status,tenant_id,updated_at,id) values (?,?,?,?,?,?,?,?,?,?,?,?,?,?,?,?,?,?,?)
2026-04-25T15:38:50.897+08:00 DEBUG 3774 --- [nextkey-ecommerce] [           main] c.n.e.api.filter.TenantContextFilter     : [TenantContextFilter] Clearing tenant context
2026-04-25T15:38:50.897+08:00  INFO 3774 --- [nextkey-ecommerce] [           main] c.n.e.shared.tenant.TenantContext        : [TenantContext] clear
2026-04-25T15:38:50.904+08:00  INFO 3774 --- [nextkey-ecommerce] [           main] c.n.e.api.filter.TenantContextFilter     : [TenantContextFilter] Incoming request: POST , X-Tenant-ID: null
2026-04-25T15:38:50.904+08:00 DEBUG 3774 --- [nextkey-ecommerce] [           main] c.n.e.api.filter.TenantContextFilter     : [TenantContextFilter] Authentication: null, principal: null
2026-04-25T15:38:50.905+08:00  INFO 3774 --- [nextkey-ecommerce] [           main] c.n.e.api.filter.TenantContextFilter     : [TenantContextFilter] Anonymous/public request - using system tenant
2026-04-25T15:38:50.905+08:00  INFO 3774 --- [nextkey-ecommerce] [           main] c.n.e.shared.tenant.TenantContext        : [TenantContext] setCurrentTenant: 00000000-0000-0000-0000-000000000001
2026-04-25T15:38:50.906+08:00  INFO 3774 --- [nextkey-ecommerce] [           main] c.n.e.api.controller.AuthController      : Login request for email: product-test-1777102730792-4720@example.com
2026-04-25T15:38:50.908+08:00 DEBUG 3774 --- [nextkey-ecommerce] [           main] org.hibernate.SQL                        : select u1_0.id,u1_0.avatar_url,u1_0.created_at,u1_0.email,u1_0.email_verified,u1_0.full_name,u1_0.kyc_id_card_back_url,u1_0.kyc_id_card_front_url,u1_0.kyc_id_number_encrypted,u1_0.kyc_status,u1_0.last_login_at,u1_0.metadata,u1_0.password_hash,u1_0.phone,u1_0.phone_verified,u1_0.role,u1_0.status,u1_0.tenant_id,u1_0.updated_at from users u1_0 where u1_0.email=? and u1_0.status=?
Hibernate: select u1_0.id,u1_0.avatar_url,u1_0.created_at,u1_0.email,u1_0.email_verified,u1_0.full_name,u1_0.kyc_id_card_back_url,u1_0.kyc_id_card_front_url,u1_0.kyc_id_number_encrypted,u1_0.kyc_status,u1_0.last_login_at,u1_0.metadata,u1_0.password_hash,u1_0.phone,u1_0.phone_verified,u1_0.role,u1_0.status,u1_0.tenant_id,u1_0.updated_at from users u1_0 where u1_0.email=? and u1_0.status=?
2026-04-25T15:38:50.996+08:00  INFO 3774 --- [nextkey-ecommerce] [           main] c.n.ecommerce.core.auth.AuthService      : User logged in: product-test-1777102730792-4720@example.com
2026-04-25T15:38:51.003+08:00 DEBUG 3774 --- [nextkey-ecommerce] [           main] c.n.e.i.security.RefreshTokenService     : Stored refresh token for user: b25c2037-da8c-4ea3-aff2-f80a827ef4f3
2026-04-25T15:38:51.005+08:00 DEBUG 3774 --- [nextkey-ecommerce] [           main] org.hibernate.SQL                        : update users set avatar_url=?,created_at=?,email=?,email_verified=?,full_name=?,kyc_id_card_back_url=?,kyc_id_card_front_url=?,kyc_id_number_encrypted=?,kyc_status=?,last_login_at=?,metadata=?,password_hash=?,phone=?,phone_verified=?,role=?,status=?,tenant_id=?,updated_at=? where id=?
Hibernate: update users set avatar_url=?,created_at=?,email=?,email_verified=?,full_name=?,kyc_id_card_back_url=?,kyc_id_card_front_url=?,kyc_id_number_encrypted=?,kyc_status=?,last_login_at=?,metadata=?,password_hash=?,phone=?,phone_verified=?,role=?,status=?,tenant_id=?,updated_at=? where id=?
2026-04-25T15:38:51.009+08:00 DEBUG 3774 --- [nextkey-ecommerce] [           main] c.n.e.api.filter.TenantContextFilter     : [TenantContextFilter] Clearing tenant context
2026-04-25T15:38:51.009+08:00  INFO 3774 --- [nextkey-ecommerce] [           main] c.n.e.shared.tenant.TenantContext        : [TenantContext] clear
2026-04-25T15:38:51.032+08:00 DEBUG 3774 --- [nextkey-ecommerce] [           main] c.n.e.a.filter.JwtAuthenticationFilter   : Authenticated user: product-test-1777102730792-4720@example.com with role: SELLER and 9 authorities
2026-04-25T15:38:51.033+08:00  INFO 3774 --- [nextkey-ecommerce] [           main] c.n.e.api.filter.TenantContextFilter     : [TenantContextFilter] Incoming request: POST , X-Tenant-ID: null
2026-04-25T15:38:51.033+08:00 DEBUG 3774 --- [nextkey-ecommerce] [           main] c.n.e.api.filter.TenantContextFilter     : [TenantContextFilter] Authentication: UsernamePasswordAuthenticationToken, principal: UserPrincipal(userId=b25c2037-da8c-4ea3-aff2-f80a827ef4f3, email=product-test-1777102730792-4720@example.com, role=SELLER, tenantId=null)
2026-04-25T15:38:51.033+08:00  INFO 3774 --- [nextkey-ecommerce] [           main] c.n.e.api.filter.TenantContextFilter     : [TenantContextFilter] Authenticated user: b25c2037-da8c-4ea3-aff2-f80a827ef4f3, tenantId: null, role: SELLER, requestedTenantId: null
2026-04-25T15:38:51.033+08:00  INFO 3774 --- [nextkey-ecommerce] [           main] c.n.e.shared.tenant.TenantContext        : [TenantContext] setCurrentUser: b25c2037-da8c-4ea3-aff2-f80a827ef4f3
2026-04-25T15:38:51.033+08:00  INFO 3774 --- [nextkey-ecommerce] [           main] c.n.e.shared.tenant.TenantContext        : [TenantContext] setCurrentTenant: 00000000-0000-0000-0000-000000000001
2026-04-25T15:38:51.033+08:00  INFO 3774 --- [nextkey-ecommerce] [           main] c.n.e.api.filter.TenantContextFilter     : [TenantContextFilter] Tenant context set - user: b25c2037-da8c-4ea3-aff2-f80a827ef4f3, effective tenant: 00000000-0000-0000-0000-000000000001
2026-04-25T15:38:51.060+08:00 DEBUG 3774 --- [nextkey-ecommerce] [           main] c.n.e.shared.tenant.TenantContext        : [TenantContext] getCurrentTenant called, returning: 00000000-0000-0000-0000-000000000001
2026-04-25T15:38:51.061+08:00 DEBUG 3774 --- [nextkey-ecommerce] [           main] c.n.e.shared.tenant.TenantContext        : [TenantContext] getCurrentUser called, returning: b25c2037-da8c-4ea3-aff2-f80a827ef4f3
2026-04-25T15:38:51.063+08:00  INFO 3774 --- [nextkey-ecommerce] [           main] c.n.e.core.product.ProductService        : Created product with listingId: 22e255c7-54f8-46ac-8837-1ba0144b408c
2026-04-25T15:38:51.065+08:00 DEBUG 3774 --- [nextkey-ecommerce] [           main] org.hibernate.SQL                        : insert into listings (base_price,cover_image_url,created_at,currency,description,listing_type,metadata,owner_id,status,tags,tenant_id,title,updated_at,id) values (?,?,?,?,?,?,?,?,?,?,?,?,?,?)
Hibernate: insert into listings (base_price,cover_image_url,created_at,currency,description,listing_type,metadata,owner_id,status,tags,tenant_id,title,updated_at,id) values (?,?,?,?,?,?,?,?,?,?,?,?,?,?)
2026-04-25T15:38:51.067+08:00 DEBUG 3774 --- [nextkey-ecommerce] [           main] org.hibernate.SQL                        : insert into products (brand,category,created_at,dimensions_cm,updated_at,weight_grams,listing_id) values (?,?,?,?,?,?,?)
Hibernate: insert into products (brand,category,created_at,dimensions_cm,updated_at,weight_grams,listing_id) values (?,?,?,?,?,?,?)
2026-04-25T15:38:51.072+08:00 DEBUG 3774 --- [nextkey-ecommerce] [           main] c.n.e.api.filter.TenantContextFilter     : [TenantContextFilter] Clearing tenant context
2026-04-25T15:38:51.072+08:00  INFO 3774 --- [nextkey-ecommerce] [           main] c.n.e.shared.tenant.TenantContext        : [TenantContext] clear
2026-04-25T15:38:51.081+08:00 DEBUG 3774 --- [nextkey-ecommerce] [           main] c.n.e.a.filter.JwtAuthenticationFilter   : Authenticated user: product-test-1777102730792-4720@example.com with role: SELLER and 9 authorities
2026-04-25T15:38:51.081+08:00  INFO 3774 --- [nextkey-ecommerce] [           main] c.n.e.api.filter.TenantContextFilter     : [TenantContextFilter] Incoming request: GET , X-Tenant-ID: null
2026-04-25T15:38:51.081+08:00 DEBUG 3774 --- [nextkey-ecommerce] [           main] c.n.e.api.filter.TenantContextFilter     : [TenantContextFilter] Authentication: UsernamePasswordAuthenticationToken, principal: UserPrincipal(userId=b25c2037-da8c-4ea3-aff2-f80a827ef4f3, email=product-test-1777102730792-4720@example.com, role=SELLER, tenantId=null)
2026-04-25T15:38:51.081+08:00  INFO 3774 --- [nextkey-ecommerce] [           main] c.n.e.api.filter.TenantContextFilter     : [TenantContextFilter] Authenticated user: b25c2037-da8c-4ea3-aff2-f80a827ef4f3, tenantId: null, role: SELLER, requestedTenantId: null
2026-04-25T15:38:51.081+08:00  INFO 3774 --- [nextkey-ecommerce] [           main] c.n.e.shared.tenant.TenantContext        : [TenantContext] setCurrentUser: b25c2037-da8c-4ea3-aff2-f80a827ef4f3
2026-04-25T15:38:51.081+08:00  INFO 3774 --- [nextkey-ecommerce] [           main] c.n.e.shared.tenant.TenantContext        : [TenantContext] setCurrentTenant: 00000000-0000-0000-0000-000000000001
2026-04-25T15:38:51.081+08:00  INFO 3774 --- [nextkey-ecommerce] [           main] c.n.e.api.filter.TenantContextFilter     : [TenantContextFilter] Tenant context set - user: b25c2037-da8c-4ea3-aff2-f80a827ef4f3, effective tenant: 00000000-0000-0000-0000-000000000001
2026-04-25T15:38:51.091+08:00 DEBUG 3774 --- [nextkey-ecommerce] [           main] org.hibernate.SQL                        : select p1_0.listing_id,p1_0.brand,p1_0.category,p1_0.created_at,p1_0.dimensions_cm,p1_0.updated_at,p1_0.weight_grams from products p1_0 join listings l1_0 on l1_0.id=p1_0.listing_id where p1_0.listing_id=? and l1_0.status<>'DELETED'
Hibernate: select p1_0.listing_id,p1_0.brand,p1_0.category,p1_0.created_at,p1_0.dimensions_cm,p1_0.updated_at,p1_0.weight_grams from products p1_0 join listings l1_0 on l1_0.id=p1_0.listing_id where p1_0.listing_id=? and l1_0.status<>'DELETED'
2026-04-25T15:38:51.094+08:00 DEBUG 3774 --- [nextkey-ecommerce] [           main] org.hibernate.SQL                        : select l1_0.id,l1_0.base_price,l1_0.cover_image_url,l1_0.created_at,l1_0.currency,l1_0.description,l1_0.listing_type,l1_0.metadata,l1_0.owner_id,l1_0.status,l1_0.tags,l1_0.tenant_id,l1_0.title,l1_0.updated_at from listings l1_0 where l1_0.id=?
Hibernate: select l1_0.id,l1_0.base_price,l1_0.cover_image_url,l1_0.created_at,l1_0.currency,l1_0.description,l1_0.listing_type,l1_0.metadata,l1_0.owner_id,l1_0.status,l1_0.tags,l1_0.tenant_id,l1_0.title,l1_0.updated_at from listings l1_0 where l1_0.id=?
2026-04-25T15:38:51.098+08:00 DEBUG 3774 --- [nextkey-ecommerce] [           main] c.n.e.api.filter.TenantContextFilter     : [TenantContextFilter] Clearing tenant context
2026-04-25T15:38:51.098+08:00  INFO 3774 --- [nextkey-ecommerce] [           main] c.n.e.shared.tenant.TenantContext        : [TenantContext] clear
✅ API-M05-003 PASSED: 成功取得商品詳情
2026-04-25T15:38:51.156+08:00 DEBUG 3774 --- [nextkey-ecommerce] [           main] org.hibernate.SQL                        : select u1_0.id,u1_0.avatar_url,u1_0.created_at,u1_0.email,u1_0.email_verified,u1_0.full_name,u1_0.kyc_id_card_back_url,u1_0.kyc_id_card_front_url,u1_0.kyc_id_number_encrypted,u1_0.kyc_status,u1_0.last_login_at,u1_0.metadata,u1_0.password_hash,u1_0.phone,u1_0.phone_verified,u1_0.role,u1_0.status,u1_0.tenant_id,u1_0.updated_at from users u1_0 where u1_0.email=?
Hibernate: select u1_0.id,u1_0.avatar_url,u1_0.created_at,u1_0.email,u1_0.email_verified,u1_0.full_name,u1_0.kyc_id_card_back_url,u1_0.kyc_id_card_front_url,u1_0.kyc_id_number_encrypted,u1_0.kyc_status,u1_0.last_login_at,u1_0.metadata,u1_0.password_hash,u1_0.phone,u1_0.phone_verified,u1_0.role,u1_0.status,u1_0.tenant_id,u1_0.updated_at from users u1_0 where u1_0.email=?
2026-04-25T15:38:51.158+08:00 DEBUG 3774 --- [nextkey-ecommerce] [           main] org.hibernate.SQL                        : select u1_0.id,u1_0.avatar_url,u1_0.created_at,u1_0.email,u1_0.email_verified,u1_0.full_name,u1_0.kyc_id_card_back_url,u1_0.kyc_id_card_front_url,u1_0.kyc_id_number_encrypted,u1_0.kyc_status,u1_0.last_login_at,u1_0.metadata,u1_0.password_hash,u1_0.phone,u1_0.phone_verified,u1_0.role,u1_0.status,u1_0.tenant_id,u1_0.updated_at from users u1_0 where u1_0.id=?
Hibernate: select u1_0.id,u1_0.avatar_url,u1_0.created_at,u1_0.email,u1_0.email_verified,u1_0.full_name,u1_0.kyc_id_card_back_url,u1_0.kyc_id_card_front_url,u1_0.kyc_id_number_encrypted,u1_0.kyc_status,u1_0.last_login_at,u1_0.metadata,u1_0.password_hash,u1_0.phone,u1_0.phone_verified,u1_0.role,u1_0.status,u1_0.tenant_id,u1_0.updated_at from users u1_0 where u1_0.id=?
2026-04-25T15:38:51.160+08:00 DEBUG 3774 --- [nextkey-ecommerce] [           main] org.hibernate.SQL                        : delete from users where id=?
Hibernate: delete from users where id=?
]]></system-out>
  </testcase>
  <testcase name="getProduct_notFound_returns404" classname="com.nextkey.ecommerce.api.controller.ProductControllerE2ETest" time="0.299">
    <system-out><![CDATA[2026-04-25T15:38:51.174+08:00  INFO 3774 --- [nextkey-ecommerce] [           main] c.n.e.api.filter.TenantContextFilter     : [TenantContextFilter] Incoming request: POST , X-Tenant-ID: null
2026-04-25T15:38:51.174+08:00 DEBUG 3774 --- [nextkey-ecommerce] [           main] c.n.e.api.filter.TenantContextFilter     : [TenantContextFilter] Authentication: null, principal: null
2026-04-25T15:38:51.174+08:00  INFO 3774 --- [nextkey-ecommerce] [           main] c.n.e.api.filter.TenantContextFilter     : [TenantContextFilter] Anonymous/public request - using system tenant
2026-04-25T15:38:51.174+08:00  INFO 3774 --- [nextkey-ecommerce] [           main] c.n.e.shared.tenant.TenantContext        : [TenantContext] setCurrentTenant: 00000000-0000-0000-0000-000000000001
2026-04-25T15:38:51.176+08:00  INFO 3774 --- [nextkey-ecommerce] [           main] c.n.e.api.controller.AuthController      : Register request for email: product-test-1777102731170-8805@example.com
2026-04-25T15:38:51.178+08:00 DEBUG 3774 --- [nextkey-ecommerce] [           main] org.hibernate.SQL                        : select u1_0.id from users u1_0 where u1_0.email=? fetch first ? rows only
Hibernate: select u1_0.id from users u1_0 where u1_0.email=? fetch first ? rows only
2026-04-25T15:38:51.271+08:00  INFO 3774 --- [nextkey-ecommerce] [           main] c.n.ecommerce.core.auth.AuthService      : New user registered: product-test-1777102731170-8805@example.com (SELLER)
2026-04-25T15:38:51.272+08:00 DEBUG 3774 --- [nextkey-ecommerce] [           main] org.hibernate.SQL                        : insert into users (avatar_url,created_at,email,email_verified,full_name,kyc_id_card_back_url,kyc_id_card_front_url,kyc_id_number_encrypted,kyc_status,last_login_at,metadata,password_hash,phone,phone_verified,role,status,tenant_id,updated_at,id) values (?,?,?,?,?,?,?,?,?,?,?,?,?,?,?,?,?,?,?)
Hibernate: insert into users (avatar_url,created_at,email,email_verified,full_name,kyc_id_card_back_url,kyc_id_card_front_url,kyc_id_number_encrypted,kyc_status,last_login_at,metadata,password_hash,phone,phone_verified,role,status,tenant_id,updated_at,id) values (?,?,?,?,?,?,?,?,?,?,?,?,?,?,?,?,?,?,?)
2026-04-25T15:38:51.277+08:00 DEBUG 3774 --- [nextkey-ecommerce] [           main] c.n.e.api.filter.TenantContextFilter     : [TenantContextFilter] Clearing tenant context
2026-04-25T15:38:51.277+08:00  INFO 3774 --- [nextkey-ecommerce] [           main] c.n.e.shared.tenant.TenantContext        : [TenantContext] clear
2026-04-25T15:38:51.283+08:00  INFO 3774 --- [nextkey-ecommerce] [           main] c.n.e.api.filter.TenantContextFilter     : [TenantContextFilter] Incoming request: POST , X-Tenant-ID: null
2026-04-25T15:38:51.283+08:00 DEBUG 3774 --- [nextkey-ecommerce] [           main] c.n.e.api.filter.TenantContextFilter     : [TenantContextFilter] Authentication: null, principal: null
2026-04-25T15:38:51.283+08:00  INFO 3774 --- [nextkey-ecommerce] [           main] c.n.e.api.filter.TenantContextFilter     : [TenantContextFilter] Anonymous/public request - using system tenant
2026-04-25T15:38:51.283+08:00  INFO 3774 --- [nextkey-ecommerce] [           main] c.n.e.shared.tenant.TenantContext        : [TenantContext] setCurrentTenant: 00000000-0000-0000-0000-000000000001
2026-04-25T15:38:51.285+08:00  INFO 3774 --- [nextkey-ecommerce] [           main] c.n.e.api.controller.AuthController      : Login request for email: product-test-1777102731170-8805@example.com
2026-04-25T15:38:51.289+08:00 DEBUG 3774 --- [nextkey-ecommerce] [           main] org.hibernate.SQL                        : select u1_0.id,u1_0.avatar_url,u1_0.created_at,u1_0.email,u1_0.email_verified,u1_0.full_name,u1_0.kyc_id_card_back_url,u1_0.kyc_id_card_front_url,u1_0.kyc_id_number_encrypted,u1_0.kyc_status,u1_0.last_login_at,u1_0.metadata,u1_0.password_hash,u1_0.phone,u1_0.phone_verified,u1_0.role,u1_0.status,u1_0.tenant_id,u1_0.updated_at from users u1_0 where u1_0.email=? and u1_0.status=?
Hibernate: select u1_0.id,u1_0.avatar_url,u1_0.created_at,u1_0.email,u1_0.email_verified,u1_0.full_name,u1_0.kyc_id_card_back_url,u1_0.kyc_id_card_front_url,u1_0.kyc_id_number_encrypted,u1_0.kyc_status,u1_0.last_login_at,u1_0.metadata,u1_0.password_hash,u1_0.phone,u1_0.phone_verified,u1_0.role,u1_0.status,u1_0.tenant_id,u1_0.updated_at from users u1_0 where u1_0.email=? and u1_0.status=?
2026-04-25T15:38:51.399+08:00  INFO 3774 --- [nextkey-ecommerce] [           main] c.n.ecommerce.core.auth.AuthService      : User logged in: product-test-1777102731170-8805@example.com
2026-04-25T15:38:51.410+08:00 DEBUG 3774 --- [nextkey-ecommerce] [           main] c.n.e.i.security.RefreshTokenService     : Stored refresh token for user: 11461498-5a13-49e0-9af7-9eacdadaedfc
2026-04-25T15:38:51.411+08:00 DEBUG 3774 --- [nextkey-ecommerce] [           main] org.hibernate.SQL                        : update users set avatar_url=?,created_at=?,email=?,email_verified=?,full_name=?,kyc_id_card_back_url=?,kyc_id_card_front_url=?,kyc_id_number_encrypted=?,kyc_status=?,last_login_at=?,metadata=?,password_hash=?,phone=?,phone_verified=?,role=?,status=?,tenant_id=?,updated_at=? where id=?
Hibernate: update users set avatar_url=?,created_at=?,email=?,email_verified=?,full_name=?,kyc_id_card_back_url=?,kyc_id_card_front_url=?,kyc_id_number_encrypted=?,kyc_status=?,last_login_at=?,metadata=?,password_hash=?,phone=?,phone_verified=?,role=?,status=?,tenant_id=?,updated_at=? where id=?
2026-04-25T15:38:51.417+08:00 DEBUG 3774 --- [nextkey-ecommerce] [           main] c.n.e.api.filter.TenantContextFilter     : [TenantContextFilter] Clearing tenant context
2026-04-25T15:38:51.417+08:00  INFO 3774 --- [nextkey-ecommerce] [           main] c.n.e.shared.tenant.TenantContext        : [TenantContext] clear
2026-04-25T15:38:51.433+08:00 DEBUG 3774 --- [nextkey-ecommerce] [           main] c.n.e.a.filter.JwtAuthenticationFilter   : Authenticated user: product-test-1777102731170-8805@example.com with role: SELLER and 9 authorities
2026-04-25T15:38:51.434+08:00  INFO 3774 --- [nextkey-ecommerce] [           main] c.n.e.api.filter.TenantContextFilter     : [TenantContextFilter] Incoming request: GET , X-Tenant-ID: null
2026-04-25T15:38:51.434+08:00 DEBUG 3774 --- [nextkey-ecommerce] [           main] c.n.e.api.filter.TenantContextFilter     : [TenantContextFilter] Authentication: UsernamePasswordAuthenticationToken, principal: UserPrincipal(userId=11461498-5a13-49e0-9af7-9eacdadaedfc, email=product-test-1777102731170-8805@example.com, role=SELLER, tenantId=null)
2026-04-25T15:38:51.434+08:00  INFO 3774 --- [nextkey-ecommerce] [           main] c.n.e.api.filter.TenantContextFilter     : [TenantContextFilter] Authenticated user: 11461498-5a13-49e0-9af7-9eacdadaedfc, tenantId: null, role: SELLER, requestedTenantId: null
2026-04-25T15:38:51.434+08:00  INFO 3774 --- [nextkey-ecommerce] [           main] c.n.e.shared.tenant.TenantContext        : [TenantContext] setCurrentUser: 11461498-5a13-49e0-9af7-9eacdadaedfc
2026-04-25T15:38:51.435+08:00  INFO 3774 --- [nextkey-ecommerce] [           main] c.n.e.shared.tenant.TenantContext        : [TenantContext] setCurrentTenant: 00000000-0000-0000-0000-000000000001
2026-04-25T15:38:51.435+08:00  INFO 3774 --- [nextkey-ecommerce] [           main] c.n.e.api.filter.TenantContextFilter     : [TenantContextFilter] Tenant context set - user: 11461498-5a13-49e0-9af7-9eacdadaedfc, effective tenant: 00000000-0000-0000-0000-000000000001
2026-04-25T15:38:51.438+08:00 DEBUG 3774 --- [nextkey-ecommerce] [           main] org.hibernate.SQL                        : select p1_0.listing_id,p1_0.brand,p1_0.category,p1_0.created_at,p1_0.dimensions_cm,p1_0.updated_at,p1_0.weight_grams from products p1_0 join listings l1_0 on l1_0.id=p1_0.listing_id where p1_0.listing_id=? and l1_0.status<>'DELETED'
Hibernate: select p1_0.listing_id,p1_0.brand,p1_0.category,p1_0.created_at,p1_0.dimensions_cm,p1_0.updated_at,p1_0.weight_grams from products p1_0 join listings l1_0 on l1_0.id=p1_0.listing_id where p1_0.listing_id=? and l1_0.status<>'DELETED'
2026-04-25T15:38:51.441+08:00  WARN 3774 --- [nextkey-ecommerce] [           main] c.n.e.api.dto.GlobalExceptionHandler     : Business exception: E-3000 - Listing not found
2026-04-25T15:38:51.443+08:00 DEBUG 3774 --- [nextkey-ecommerce] [           main] c.n.e.api.filter.TenantContextFilter     : [TenantContextFilter] Clearing tenant context
2026-04-25T15:38:51.443+08:00  INFO 3774 --- [nextkey-ecommerce] [           main] c.n.e.shared.tenant.TenantContext        : [TenantContext] clear
✅ API-M05-004 PASSED: 商品不存在時返回 404
2026-04-25T15:38:51.450+08:00 DEBUG 3774 --- [nextkey-ecommerce] [           main] org.hibernate.SQL                        : select u1_0.id,u1_0.avatar_url,u1_0.created_at,u1_0.email,u1_0.email_verified,u1_0.full_name,u1_0.kyc_id_card_back_url,u1_0.kyc_id_card_front_url,u1_0.kyc_id_number_encrypted,u1_0.kyc_status,u1_0.last_login_at,u1_0.metadata,u1_0.password_hash,u1_0.phone,u1_0.phone_verified,u1_0.role,u1_0.status,u1_0.tenant_id,u1_0.updated_at from users u1_0 where u1_0.email=?
Hibernate: select u1_0.id,u1_0.avatar_url,u1_0.created_at,u1_0.email,u1_0.email_verified,u1_0.full_name,u1_0.kyc_id_card_back_url,u1_0.kyc_id_card_front_url,u1_0.kyc_id_number_encrypted,u1_0.kyc_status,u1_0.last_login_at,u1_0.metadata,u1_0.password_hash,u1_0.phone,u1_0.phone_verified,u1_0.role,u1_0.status,u1_0.tenant_id,u1_0.updated_at from users u1_0 where u1_0.email=?
2026-04-25T15:38:51.453+08:00 DEBUG 3774 --- [nextkey-ecommerce] [           main] org.hibernate.SQL                        : select u1_0.id,u1_0.avatar_url,u1_0.created_at,u1_0.email,u1_0.email_verified,u1_0.full_name,u1_0.kyc_id_card_back_url,u1_0.kyc_id_card_front_url,u1_0.kyc_id_number_encrypted,u1_0.kyc_status,u1_0.last_login_at,u1_0.metadata,u1_0.password_hash,u1_0.phone,u1_0.phone_verified,u1_0.role,u1_0.status,u1_0.tenant_id,u1_0.updated_at from users u1_0 where u1_0.id=?
Hibernate: select u1_0.id,u1_0.avatar_url,u1_0.created_at,u1_0.email,u1_0.email_verified,u1_0.full_name,u1_0.kyc_id_card_back_url,u1_0.kyc_id_card_front_url,u1_0.kyc_id_number_encrypted,u1_0.kyc_status,u1_0.last_login_at,u1_0.metadata,u1_0.password_hash,u1_0.phone,u1_0.phone_verified,u1_0.role,u1_0.status,u1_0.tenant_id,u1_0.updated_at from users u1_0 where u1_0.id=?
2026-04-25T15:38:51.456+08:00 DEBUG 3774 --- [nextkey-ecommerce] [           main] org.hibernate.SQL                        : delete from users where id=?
Hibernate: delete from users where id=?
]]></system-out>
  </testcase>
  <testcase name="createProduct_success_returns201" classname="com.nextkey.ecommerce.api.controller.ProductControllerE2ETest" time="0.533">
    <system-out><![CDATA[2026-04-25T15:38:51.479+08:00  INFO 3774 --- [nextkey-ecommerce] [           main] c.n.e.api.filter.TenantContextFilter     : [TenantContextFilter] Incoming request: POST , X-Tenant-ID: null
2026-04-25T15:38:51.479+08:00 DEBUG 3774 --- [nextkey-ecommerce] [           main] c.n.e.api.filter.TenantContextFilter     : [TenantContextFilter] Authentication: null, principal: null
2026-04-25T15:38:51.479+08:00  INFO 3774 --- [nextkey-ecommerce] [           main] c.n.e.api.filter.TenantContextFilter     : [TenantContextFilter] Anonymous/public request - using system tenant
2026-04-25T15:38:51.479+08:00  INFO 3774 --- [nextkey-ecommerce] [           main] c.n.e.shared.tenant.TenantContext        : [TenantContext] setCurrentTenant: 00000000-0000-0000-0000-000000000001
2026-04-25T15:38:51.482+08:00  INFO 3774 --- [nextkey-ecommerce] [           main] c.n.e.api.controller.AuthController      : Register request for email: product-test-1777102731472-4939@example.com
2026-04-25T15:38:51.488+08:00 DEBUG 3774 --- [nextkey-ecommerce] [           main] org.hibernate.SQL                        : select u1_0.id from users u1_0 where u1_0.email=? fetch first ? rows only
Hibernate: select u1_0.id from users u1_0 where u1_0.email=? fetch first ? rows only
2026-04-25T15:38:51.614+08:00  INFO 3774 --- [nextkey-ecommerce] [           main] c.n.ecommerce.core.auth.AuthService      : New user registered: product-test-1777102731472-4939@example.com (SELLER)
2026-04-25T15:38:51.614+08:00 DEBUG 3774 --- [nextkey-ecommerce] [           main] org.hibernate.SQL                        : insert into users (avatar_url,created_at,email,email_verified,full_name,kyc_id_card_back_url,kyc_id_card_front_url,kyc_id_number_encrypted,kyc_status,last_login_at,metadata,password_hash,phone,phone_verified,role,status,tenant_id,updated_at,id) values (?,?,?,?,?,?,?,?,?,?,?,?,?,?,?,?,?,?,?)
Hibernate: insert into users (avatar_url,created_at,email,email_verified,full_name,kyc_id_card_back_url,kyc_id_card_front_url,kyc_id_number_encrypted,kyc_status,last_login_at,metadata,password_hash,phone,phone_verified,role,status,tenant_id,updated_at,id) values (?,?,?,?,?,?,?,?,?,?,?,?,?,?,?,?,?,?,?)
2026-04-25T15:38:51.619+08:00 DEBUG 3774 --- [nextkey-ecommerce] [           main] c.n.e.api.filter.TenantContextFilter     : [TenantContextFilter] Clearing tenant context
2026-04-25T15:38:51.619+08:00  INFO 3774 --- [nextkey-ecommerce] [           main] c.n.e.shared.tenant.TenantContext        : [TenantContext] clear
2026-04-25T15:38:51.627+08:00  INFO 3774 --- [nextkey-ecommerce] [           main] c.n.e.api.filter.TenantContextFilter     : [TenantContextFilter] Incoming request: POST , X-Tenant-ID: null
2026-04-25T15:38:51.628+08:00 DEBUG 3774 --- [nextkey-ecommerce] [           main] c.n.e.api.filter.TenantContextFilter     : [TenantContextFilter] Authentication: null, principal: null
2026-04-25T15:38:51.628+08:00  INFO 3774 --- [nextkey-ecommerce] [           main] c.n.e.api.filter.TenantContextFilter     : [TenantContextFilter] Anonymous/public request - using system tenant
2026-04-25T15:38:51.628+08:00  INFO 3774 --- [nextkey-ecommerce] [           main] c.n.e.shared.tenant.TenantContext        : [TenantContext] setCurrentTenant: 00000000-0000-0000-0000-000000000001
2026-04-25T15:38:51.630+08:00  INFO 3774 --- [nextkey-ecommerce] [           main] c.n.e.api.controller.AuthController      : Login request for email: product-test-1777102731472-4939@example.com
2026-04-25T15:38:51.632+08:00 DEBUG 3774 --- [nextkey-ecommerce] [           main] org.hibernate.SQL                        : select u1_0.id,u1_0.avatar_url,u1_0.created_at,u1_0.email,u1_0.email_verified,u1_0.full_name,u1_0.kyc_id_card_back_url,u1_0.kyc_id_card_front_url,u1_0.kyc_id_number_encrypted,u1_0.kyc_status,u1_0.last_login_at,u1_0.metadata,u1_0.password_hash,u1_0.phone,u1_0.phone_verified,u1_0.role,u1_0.status,u1_0.tenant_id,u1_0.updated_at from users u1_0 where u1_0.email=? and u1_0.status=?
Hibernate: select u1_0.id,u1_0.avatar_url,u1_0.created_at,u1_0.email,u1_0.email_verified,u1_0.full_name,u1_0.kyc_id_card_back_url,u1_0.kyc_id_card_front_url,u1_0.kyc_id_number_encrypted,u1_0.kyc_status,u1_0.last_login_at,u1_0.metadata,u1_0.password_hash,u1_0.phone,u1_0.phone_verified,u1_0.role,u1_0.status,u1_0.tenant_id,u1_0.updated_at from users u1_0 where u1_0.email=? and u1_0.status=?
2026-04-25T15:38:51.768+08:00  INFO 3774 --- [nextkey-ecommerce] [           main] c.n.ecommerce.core.auth.AuthService      : User logged in: product-test-1777102731472-4939@example.com
2026-04-25T15:38:51.780+08:00 DEBUG 3774 --- [nextkey-ecommerce] [           main] c.n.e.i.security.RefreshTokenService     : Stored refresh token for user: bde2c266-b2e3-47e7-bd65-4d8cc3fb5650
2026-04-25T15:38:51.785+08:00 DEBUG 3774 --- [nextkey-ecommerce] [           main] org.hibernate.SQL                        : update users set avatar_url=?,created_at=?,email=?,email_verified=?,full_name=?,kyc_id_card_back_url=?,kyc_id_card_front_url=?,kyc_id_number_encrypted=?,kyc_status=?,last_login_at=?,metadata=?,password_hash=?,phone=?,phone_verified=?,role=?,status=?,tenant_id=?,updated_at=? where id=?
Hibernate: update users set avatar_url=?,created_at=?,email=?,email_verified=?,full_name=?,kyc_id_card_back_url=?,kyc_id_card_front_url=?,kyc_id_number_encrypted=?,kyc_status=?,last_login_at=?,metadata=?,password_hash=?,phone=?,phone_verified=?,role=?,status=?,tenant_id=?,updated_at=? where id=?
2026-04-25T15:38:51.792+08:00 DEBUG 3774 --- [nextkey-ecommerce] [           main] c.n.e.api.filter.TenantContextFilter     : [TenantContextFilter] Clearing tenant context
2026-04-25T15:38:51.792+08:00  INFO 3774 --- [nextkey-ecommerce] [           main] c.n.e.shared.tenant.TenantContext        : [TenantContext] clear
2026-04-25T15:38:51.817+08:00 DEBUG 3774 --- [nextkey-ecommerce] [           main] c.n.e.a.filter.JwtAuthenticationFilter   : Authenticated user: product-test-1777102731472-4939@example.com with role: SELLER and 9 authorities
2026-04-25T15:38:51.817+08:00  INFO 3774 --- [nextkey-ecommerce] [           main] c.n.e.api.filter.TenantContextFilter     : [TenantContextFilter] Incoming request: POST , X-Tenant-ID: null
2026-04-25T15:38:51.817+08:00 DEBUG 3774 --- [nextkey-ecommerce] [           main] c.n.e.api.filter.TenantContextFilter     : [TenantContextFilter] Authentication: UsernamePasswordAuthenticationToken, principal: UserPrincipal(userId=bde2c266-b2e3-47e7-bd65-4d8cc3fb5650, email=product-test-1777102731472-4939@example.com, role=SELLER, tenantId=null)
2026-04-25T15:38:51.817+08:00  INFO 3774 --- [nextkey-ecommerce] [           main] c.n.e.api.filter.TenantContextFilter     : [TenantContextFilter] Authenticated user: bde2c266-b2e3-47e7-bd65-4d8cc3fb5650, tenantId: null, role: SELLER, requestedTenantId: null
2026-04-25T15:38:51.817+08:00  INFO 3774 --- [nextkey-ecommerce] [           main] c.n.e.shared.tenant.TenantContext        : [TenantContext] setCurrentUser: bde2c266-b2e3-47e7-bd65-4d8cc3fb5650
2026-04-25T15:38:51.817+08:00  INFO 3774 --- [nextkey-ecommerce] [           main] c.n.e.shared.tenant.TenantContext        : [TenantContext] setCurrentTenant: 00000000-0000-0000-0000-000000000001
2026-04-25T15:38:51.817+08:00  INFO 3774 --- [nextkey-ecommerce] [           main] c.n.e.api.filter.TenantContextFilter     : [TenantContextFilter] Tenant context set - user: bde2c266-b2e3-47e7-bd65-4d8cc3fb5650, effective tenant: 00000000-0000-0000-0000-000000000001
2026-04-25T15:38:51.823+08:00 DEBUG 3774 --- [nextkey-ecommerce] [           main] c.n.e.shared.tenant.TenantContext        : [TenantContext] getCurrentTenant called, returning: 00000000-0000-0000-0000-000000000001
2026-04-25T15:38:51.823+08:00 DEBUG 3774 --- [nextkey-ecommerce] [           main] c.n.e.shared.tenant.TenantContext        : [TenantContext] getCurrentUser called, returning: bde2c266-b2e3-47e7-bd65-4d8cc3fb5650
2026-04-25T15:38:51.828+08:00  INFO 3774 --- [nextkey-ecommerce] [           main] c.n.e.core.product.ProductService        : Created product with listingId: c0b16044-ce04-4a3a-92af-3010eca3df28
2026-04-25T15:38:51.835+08:00 DEBUG 3774 --- [nextkey-ecommerce] [           main] org.hibernate.SQL                        : insert into listings (base_price,cover_image_url,created_at,currency,description,listing_type,metadata,owner_id,status,tags,tenant_id,title,updated_at,id) values (?,?,?,?,?,?,?,?,?,?,?,?,?,?)
Hibernate: insert into listings (base_price,cover_image_url,created_at,currency,description,listing_type,metadata,owner_id,status,tags,tenant_id,title,updated_at,id) values (?,?,?,?,?,?,?,?,?,?,?,?,?,?)
2026-04-25T15:38:51.843+08:00 DEBUG 3774 --- [nextkey-ecommerce] [           main] org.hibernate.SQL                        : insert into products (brand,category,created_at,dimensions_cm,updated_at,weight_grams,listing_id) values (?,?,?,?,?,?,?)
Hibernate: insert into products (brand,category,created_at,dimensions_cm,updated_at,weight_grams,listing_id) values (?,?,?,?,?,?,?)
2026-04-25T15:38:51.853+08:00 DEBUG 3774 --- [nextkey-ecommerce] [           main] c.n.e.api.filter.TenantContextFilter     : [TenantContextFilter] Clearing tenant context
2026-04-25T15:38:51.853+08:00  INFO 3774 --- [nextkey-ecommerce] [           main] c.n.e.shared.tenant.TenantContext        : [TenantContext] clear
✅ API-M05-005 PASSED: 成功建立商品
2026-04-25T15:38:51.980+08:00 DEBUG 3774 --- [nextkey-ecommerce] [           main] org.hibernate.SQL                        : select u1_0.id,u1_0.avatar_url,u1_0.created_at,u1_0.email,u1_0.email_verified,u1_0.full_name,u1_0.kyc_id_card_back_url,u1_0.kyc_id_card_front_url,u1_0.kyc_id_number_encrypted,u1_0.kyc_status,u1_0.last_login_at,u1_0.metadata,u1_0.password_hash,u1_0.phone,u1_0.phone_verified,u1_0.role,u1_0.status,u1_0.tenant_id,u1_0.updated_at from users u1_0 where u1_0.email=?
Hibernate: select u1_0.id,u1_0.avatar_url,u1_0.created_at,u1_0.email,u1_0.email_verified,u1_0.full_name,u1_0.kyc_id_card_back_url,u1_0.kyc_id_card_front_url,u1_0.kyc_id_number_encrypted,u1_0.kyc_status,u1_0.last_login_at,u1_0.metadata,u1_0.password_hash,u1_0.phone,u1_0.phone_verified,u1_0.role,u1_0.status,u1_0.tenant_id,u1_0.updated_at from users u1_0 where u1_0.email=?
2026-04-25T15:38:51.986+08:00 DEBUG 3774 --- [nextkey-ecommerce] [           main] org.hibernate.SQL                        : select u1_0.id,u1_0.avatar_url,u1_0.created_at,u1_0.email,u1_0.email_verified,u1_0.full_name,u1_0.kyc_id_card_back_url,u1_0.kyc_id_card_front_url,u1_0.kyc_id_number_encrypted,u1_0.kyc_status,u1_0.last_login_at,u1_0.metadata,u1_0.password_hash,u1_0.phone,u1_0.phone_verified,u1_0.role,u1_0.status,u1_0.tenant_id,u1_0.updated_at from users u1_0 where u1_0.id=?
Hibernate: select u1_0.id,u1_0.avatar_url,u1_0.created_at,u1_0.email,u1_0.email_verified,u1_0.full_name,u1_0.kyc_id_card_back_url,u1_0.kyc_id_card_front_url,u1_0.kyc_id_number_encrypted,u1_0.kyc_status,u1_0.last_login_at,u1_0.metadata,u1_0.password_hash,u1_0.phone,u1_0.phone_verified,u1_0.role,u1_0.status,u1_0.tenant_id,u1_0.updated_at from users u1_0 where u1_0.id=?
2026-04-25T15:38:51.989+08:00 DEBUG 3774 --- [nextkey-ecommerce] [           main] org.hibernate.SQL                        : delete from users where id=?
Hibernate: delete from users where id=?
]]></system-out>
  </testcase>
  <testcase name="createProduct_missingRequiredFields_returns400" classname="com.nextkey.ecommerce.api.controller.ProductControllerE2ETest" time="0.362">
    <system-out><![CDATA[2026-04-25T15:38:52.031+08:00  INFO 3774 --- [nextkey-ecommerce] [           main] c.n.e.api.filter.TenantContextFilter     : [TenantContextFilter] Incoming request: POST , X-Tenant-ID: null
2026-04-25T15:38:52.032+08:00 DEBUG 3774 --- [nextkey-ecommerce] [           main] c.n.e.api.filter.TenantContextFilter     : [TenantContextFilter] Authentication: null, principal: null
2026-04-25T15:38:52.032+08:00  INFO 3774 --- [nextkey-ecommerce] [           main] c.n.e.api.filter.TenantContextFilter     : [TenantContextFilter] Anonymous/public request - using system tenant
2026-04-25T15:38:52.032+08:00  INFO 3774 --- [nextkey-ecommerce] [           main] c.n.e.shared.tenant.TenantContext        : [TenantContext] setCurrentTenant: 00000000-0000-0000-0000-000000000001
2026-04-25T15:38:52.035+08:00  INFO 3774 --- [nextkey-ecommerce] [           main] c.n.e.api.controller.AuthController      : Register request for email: product-test-1777102732005-3575@example.com
2026-04-25T15:38:52.039+08:00 DEBUG 3774 --- [nextkey-ecommerce] [           main] org.hibernate.SQL                        : select u1_0.id from users u1_0 where u1_0.email=? fetch first ? rows only
Hibernate: select u1_0.id from users u1_0 where u1_0.email=? fetch first ? rows only
2026-04-25T15:38:52.188+08:00  INFO 3774 --- [nextkey-ecommerce] [           main] c.n.ecommerce.core.auth.AuthService      : New user registered: product-test-1777102732005-3575@example.com (SELLER)
2026-04-25T15:38:52.189+08:00 DEBUG 3774 --- [nextkey-ecommerce] [           main] org.hibernate.SQL                        : insert into users (avatar_url,created_at,email,email_verified,full_name,kyc_id_card_back_url,kyc_id_card_front_url,kyc_id_number_encrypted,kyc_status,last_login_at,metadata,password_hash,phone,phone_verified,role,status,tenant_id,updated_at,id) values (?,?,?,?,?,?,?,?,?,?,?,?,?,?,?,?,?,?,?)
Hibernate: insert into users (avatar_url,created_at,email,email_verified,full_name,kyc_id_card_back_url,kyc_id_card_front_url,kyc_id_number_encrypted,kyc_status,last_login_at,metadata,password_hash,phone,phone_verified,role,status,tenant_id,updated_at,id) values (?,?,?,?,?,?,?,?,?,?,?,?,?,?,?,?,?,?,?)
2026-04-25T15:38:52.194+08:00 DEBUG 3774 --- [nextkey-ecommerce] [           main] c.n.e.api.filter.TenantContextFilter     : [TenantContextFilter] Clearing tenant context
2026-04-25T15:38:52.194+08:00  INFO 3774 --- [nextkey-ecommerce] [           main] c.n.e.shared.tenant.TenantContext        : [TenantContext] clear
2026-04-25T15:38:52.201+08:00  INFO 3774 --- [nextkey-ecommerce] [           main] c.n.e.api.filter.TenantContextFilter     : [TenantContextFilter] Incoming request: POST , X-Tenant-ID: null
2026-04-25T15:38:52.202+08:00 DEBUG 3774 --- [nextkey-ecommerce] [           main] c.n.e.api.filter.TenantContextFilter     : [TenantContextFilter] Authentication: null, principal: null
2026-04-25T15:38:52.202+08:00  INFO 3774 --- [nextkey-ecommerce] [           main] c.n.e.api.filter.TenantContextFilter     : [TenantContextFilter] Anonymous/public request - using system tenant
2026-04-25T15:38:52.202+08:00  INFO 3774 --- [nextkey-ecommerce] [           main] c.n.e.shared.tenant.TenantContext        : [TenantContext] setCurrentTenant: 00000000-0000-0000-0000-000000000001
2026-04-25T15:38:52.203+08:00  INFO 3774 --- [nextkey-ecommerce] [           main] c.n.e.api.controller.AuthController      : Login request for email: product-test-1777102732005-3575@example.com
2026-04-25T15:38:52.205+08:00 DEBUG 3774 --- [nextkey-ecommerce] [           main] org.hibernate.SQL                        : select u1_0.id,u1_0.avatar_url,u1_0.created_at,u1_0.email,u1_0.email_verified,u1_0.full_name,u1_0.kyc_id_card_back_url,u1_0.kyc_id_card_front_url,u1_0.kyc_id_number_encrypted,u1_0.kyc_status,u1_0.last_login_at,u1_0.metadata,u1_0.password_hash,u1_0.phone,u1_0.phone_verified,u1_0.role,u1_0.status,u1_0.tenant_id,u1_0.updated_at from users u1_0 where u1_0.email=? and u1_0.status=?
Hibernate: select u1_0.id,u1_0.avatar_url,u1_0.created_at,u1_0.email,u1_0.email_verified,u1_0.full_name,u1_0.kyc_id_card_back_url,u1_0.kyc_id_card_front_url,u1_0.kyc_id_number_encrypted,u1_0.kyc_status,u1_0.last_login_at,u1_0.metadata,u1_0.password_hash,u1_0.phone,u1_0.phone_verified,u1_0.role,u1_0.status,u1_0.tenant_id,u1_0.updated_at from users u1_0 where u1_0.email=? and u1_0.status=?
2026-04-25T15:38:52.300+08:00  INFO 3774 --- [nextkey-ecommerce] [           main] c.n.ecommerce.core.auth.AuthService      : User logged in: product-test-1777102732005-3575@example.com
2026-04-25T15:38:52.304+08:00 DEBUG 3774 --- [nextkey-ecommerce] [           main] c.n.e.i.security.RefreshTokenService     : Stored refresh token for user: df2886db-4df1-4da3-a023-ff78c15948ff
2026-04-25T15:38:52.305+08:00 DEBUG 3774 --- [nextkey-ecommerce] [           main] org.hibernate.SQL                        : update users set avatar_url=?,created_at=?,email=?,email_verified=?,full_name=?,kyc_id_card_back_url=?,kyc_id_card_front_url=?,kyc_id_number_encrypted=?,kyc_status=?,last_login_at=?,metadata=?,password_hash=?,phone=?,phone_verified=?,role=?,status=?,tenant_id=?,updated_at=? where id=?
Hibernate: update users set avatar_url=?,created_at=?,email=?,email_verified=?,full_name=?,kyc_id_card_back_url=?,kyc_id_card_front_url=?,kyc_id_number_encrypted=?,kyc_status=?,last_login_at=?,metadata=?,password_hash=?,phone=?,phone_verified=?,role=?,status=?,tenant_id=?,updated_at=? where id=?
2026-04-25T15:38:52.308+08:00 DEBUG 3774 --- [nextkey-ecommerce] [           main] c.n.e.api.filter.TenantContextFilter     : [TenantContextFilter] Clearing tenant context
2026-04-25T15:38:52.308+08:00  INFO 3774 --- [nextkey-ecommerce] [           main] c.n.e.shared.tenant.TenantContext        : [TenantContext] clear
2026-04-25T15:38:52.322+08:00 DEBUG 3774 --- [nextkey-ecommerce] [           main] c.n.e.a.filter.JwtAuthenticationFilter   : Authenticated user: product-test-1777102732005-3575@example.com with role: SELLER and 9 authorities
2026-04-25T15:38:52.323+08:00  INFO 3774 --- [nextkey-ecommerce] [           main] c.n.e.api.filter.TenantContextFilter     : [TenantContextFilter] Incoming request: POST , X-Tenant-ID: null
2026-04-25T15:38:52.323+08:00 DEBUG 3774 --- [nextkey-ecommerce] [           main] c.n.e.api.filter.TenantContextFilter     : [TenantContextFilter] Authentication: UsernamePasswordAuthenticationToken, principal: UserPrincipal(userId=df2886db-4df1-4da3-a023-ff78c15948ff, email=product-test-1777102732005-3575@example.com, role=SELLER, tenantId=null)
2026-04-25T15:38:52.323+08:00  INFO 3774 --- [nextkey-ecommerce] [           main] c.n.e.api.filter.TenantContextFilter     : [TenantContextFilter] Authenticated user: df2886db-4df1-4da3-a023-ff78c15948ff, tenantId: null, role: SELLER, requestedTenantId: null
2026-04-25T15:38:52.323+08:00  INFO 3774 --- [nextkey-ecommerce] [           main] c.n.e.shared.tenant.TenantContext        : [TenantContext] setCurrentUser: df2886db-4df1-4da3-a023-ff78c15948ff
2026-04-25T15:38:52.323+08:00  INFO 3774 --- [nextkey-ecommerce] [           main] c.n.e.shared.tenant.TenantContext        : [TenantContext] setCurrentTenant: 00000000-0000-0000-0000-000000000001
2026-04-25T15:38:52.323+08:00  INFO 3774 --- [nextkey-ecommerce] [           main] c.n.e.api.filter.TenantContextFilter     : [TenantContextFilter] Tenant context set - user: df2886db-4df1-4da3-a023-ff78c15948ff, effective tenant: 00000000-0000-0000-0000-000000000001
2026-04-25T15:38:52.325+08:00  WARN 3774 --- [nextkey-ecommerce] [           main] c.n.e.api.dto.GlobalExceptionHandler     : Validation exception: Validation failed for argument [0] in public org.springframework.http.ResponseEntity<com.nextkey.ecommerce.api.dto.ApiResponse<com.nextkey.ecommerce.api.dto.ProductDto$Response>> com.nextkey.ecommerce.api.controller.ProductController.createProduct(com.nextkey.ecommerce.api.dto.ProductDto$CreateRequest): [Field error in object 'createRequest' on field 'title': rejected value [null]; codes [NotBlank.createRequest.title,NotBlank.title,NotBlank.java.lang.String,NotBlank]; arguments [org.springframework.context.support.DefaultMessageSourceResolvable: codes [createRequest.title,title]; arguments []; default message [title]]; default message [Title is required]] 
2026-04-25T15:38:52.326+08:00 DEBUG 3774 --- [nextkey-ecommerce] [           main] c.n.e.api.filter.TenantContextFilter     : [TenantContextFilter] Clearing tenant context
2026-04-25T15:38:52.326+08:00  INFO 3774 --- [nextkey-ecommerce] [           main] c.n.e.shared.tenant.TenantContext        : [TenantContext] clear
2026-04-25T15:38:52.337+08:00 DEBUG 3774 --- [nextkey-ecommerce] [           main] c.n.e.a.filter.JwtAuthenticationFilter   : Authenticated user: product-test-1777102732005-3575@example.com with role: SELLER and 9 authorities
2026-04-25T15:38:52.337+08:00  INFO 3774 --- [nextkey-ecommerce] [           main] c.n.e.api.filter.TenantContextFilter     : [TenantContextFilter] Incoming request: POST , X-Tenant-ID: null
2026-04-25T15:38:52.337+08:00 DEBUG 3774 --- [nextkey-ecommerce] [           main] c.n.e.api.filter.TenantContextFilter     : [TenantContextFilter] Authentication: UsernamePasswordAuthenticationToken, principal: UserPrincipal(userId=df2886db-4df1-4da3-a023-ff78c15948ff, email=product-test-1777102732005-3575@example.com, role=SELLER, tenantId=null)
2026-04-25T15:38:52.337+08:00  INFO 3774 --- [nextkey-ecommerce] [           main] c.n.e.api.filter.TenantContextFilter     : [TenantContextFilter] Authenticated user: df2886db-4df1-4da3-a023-ff78c15948ff, tenantId: null, role: SELLER, requestedTenantId: null
2026-04-25T15:38:52.337+08:00  INFO 3774 --- [nextkey-ecommerce] [           main] c.n.e.shared.tenant.TenantContext        : [TenantContext] setCurrentUser: df2886db-4df1-4da3-a023-ff78c15948ff
2026-04-25T15:38:52.337+08:00  INFO 3774 --- [nextkey-ecommerce] [           main] c.n.e.shared.tenant.TenantContext        : [TenantContext] setCurrentTenant: 00000000-0000-0000-0000-000000000001
2026-04-25T15:38:52.337+08:00  INFO 3774 --- [nextkey-ecommerce] [           main] c.n.e.api.filter.TenantContextFilter     : [TenantContextFilter] Tenant context set - user: df2886db-4df1-4da3-a023-ff78c15948ff, effective tenant: 00000000-0000-0000-0000-000000000001
2026-04-25T15:38:52.339+08:00  WARN 3774 --- [nextkey-ecommerce] [           main] c.n.e.api.dto.GlobalExceptionHandler     : Validation exception: Validation failed for argument [0] in public org.springframework.http.ResponseEntity<com.nextkey.ecommerce.api.dto.ApiResponse<com.nextkey.ecommerce.api.dto.ProductDto$Response>> com.nextkey.ecommerce.api.controller.ProductController.createProduct(com.nextkey.ecommerce.api.dto.ProductDto$CreateRequest): [Field error in object 'createRequest' on field 'category': rejected value [null]; codes [NotBlank.createRequest.category,NotBlank.category,NotBlank.java.lang.String,NotBlank]; arguments [org.springframework.context.support.DefaultMessageSourceResolvable: codes [createRequest.category,category]; arguments []; default message [category]]; default message [Category is required]] 
2026-04-25T15:38:52.340+08:00 DEBUG 3774 --- [nextkey-ecommerce] [           main] c.n.e.api.filter.TenantContextFilter     : [TenantContextFilter] Clearing tenant context
2026-04-25T15:38:52.340+08:00  INFO 3774 --- [nextkey-ecommerce] [           main] c.n.e.shared.tenant.TenantContext        : [TenantContext] clear
2026-04-25T15:38:52.351+08:00 DEBUG 3774 --- [nextkey-ecommerce] [           main] c.n.e.a.filter.JwtAuthenticationFilter   : Authenticated user: product-test-1777102732005-3575@example.com with role: SELLER and 9 authorities
2026-04-25T15:38:52.351+08:00  INFO 3774 --- [nextkey-ecommerce] [           main] c.n.e.api.filter.TenantContextFilter     : [TenantContextFilter] Incoming request: POST , X-Tenant-ID: null
2026-04-25T15:38:52.351+08:00 DEBUG 3774 --- [nextkey-ecommerce] [           main] c.n.e.api.filter.TenantContextFilter     : [TenantContextFilter] Authentication: UsernamePasswordAuthenticationToken, principal: UserPrincipal(userId=df2886db-4df1-4da3-a023-ff78c15948ff, email=product-test-1777102732005-3575@example.com, role=SELLER, tenantId=null)
2026-04-25T15:38:52.351+08:00  INFO 3774 --- [nextkey-ecommerce] [           main] c.n.e.api.filter.TenantContextFilter     : [TenantContextFilter] Authenticated user: df2886db-4df1-4da3-a023-ff78c15948ff, tenantId: null, role: SELLER, requestedTenantId: null
2026-04-25T15:38:52.351+08:00  INFO 3774 --- [nextkey-ecommerce] [           main] c.n.e.shared.tenant.TenantContext        : [TenantContext] setCurrentUser: df2886db-4df1-4da3-a023-ff78c15948ff
2026-04-25T15:38:52.351+08:00  INFO 3774 --- [nextkey-ecommerce] [           main] c.n.e.shared.tenant.TenantContext        : [TenantContext] setCurrentTenant: 00000000-0000-0000-0000-000000000001
2026-04-25T15:38:52.351+08:00  INFO 3774 --- [nextkey-ecommerce] [           main] c.n.e.api.filter.TenantContextFilter     : [TenantContextFilter] Tenant context set - user: df2886db-4df1-4da3-a023-ff78c15948ff, effective tenant: 00000000-0000-0000-0000-000000000001
2026-04-25T15:38:52.353+08:00  WARN 3774 --- [nextkey-ecommerce] [           main] c.n.e.api.dto.GlobalExceptionHandler     : Validation exception: Validation failed for argument [0] in public org.springframework.http.ResponseEntity<com.nextkey.ecommerce.api.dto.ApiResponse<com.nextkey.ecommerce.api.dto.ProductDto$Response>> com.nextkey.ecommerce.api.controller.ProductController.createProduct(com.nextkey.ecommerce.api.dto.ProductDto$CreateRequest): [Field error in object 'createRequest' on field 'basePrice': rejected value [null]; codes [NotNull.createRequest.basePrice,NotNull.basePrice,NotNull.java.math.BigDecimal,NotNull]; arguments [org.springframework.context.support.DefaultMessageSourceResolvable: codes [createRequest.basePrice,basePrice]; arguments []; default message [basePrice]]; default message [Base price is required]] 
2026-04-25T15:38:52.353+08:00 DEBUG 3774 --- [nextkey-ecommerce] [           main] c.n.e.api.filter.TenantContextFilter     : [TenantContextFilter] Clearing tenant context
2026-04-25T15:38:52.354+08:00  INFO 3774 --- [nextkey-ecommerce] [           main] c.n.e.shared.tenant.TenantContext        : [TenantContext] clear
✅ API-M05-006 PASSED: 缺少必填欄位時返回 400
2026-04-25T15:38:52.357+08:00 DEBUG 3774 --- [nextkey-ecommerce] [           main] org.hibernate.SQL                        : select u1_0.id,u1_0.avatar_url,u1_0.created_at,u1_0.email,u1_0.email_verified,u1_0.full_name,u1_0.kyc_id_card_back_url,u1_0.kyc_id_card_front_url,u1_0.kyc_id_number_encrypted,u1_0.kyc_status,u1_0.last_login_at,u1_0.metadata,u1_0.password_hash,u1_0.phone,u1_0.phone_verified,u1_0.role,u1_0.status,u1_0.tenant_id,u1_0.updated_at from users u1_0 where u1_0.email=?
Hibernate: select u1_0.id,u1_0.avatar_url,u1_0.created_at,u1_0.email,u1_0.email_verified,u1_0.full_name,u1_0.kyc_id_card_back_url,u1_0.kyc_id_card_front_url,u1_0.kyc_id_number_encrypted,u1_0.kyc_status,u1_0.last_login_at,u1_0.metadata,u1_0.password_hash,u1_0.phone,u1_0.phone_verified,u1_0.role,u1_0.status,u1_0.tenant_id,u1_0.updated_at from users u1_0 where u1_0.email=?
2026-04-25T15:38:52.359+08:00 DEBUG 3774 --- [nextkey-ecommerce] [           main] org.hibernate.SQL                        : select u1_0.id,u1_0.avatar_url,u1_0.created_at,u1_0.email,u1_0.email_verified,u1_0.full_name,u1_0.kyc_id_card_back_url,u1_0.kyc_id_card_front_url,u1_0.kyc_id_number_encrypted,u1_0.kyc_status,u1_0.last_login_at,u1_0.metadata,u1_0.password_hash,u1_0.phone,u1_0.phone_verified,u1_0.role,u1_0.status,u1_0.tenant_id,u1_0.updated_at from users u1_0 where u1_0.id=?
Hibernate: select u1_0.id,u1_0.avatar_url,u1_0.created_at,u1_0.email,u1_0.email_verified,u1_0.full_name,u1_0.kyc_id_card_back_url,u1_0.kyc_id_card_front_url,u1_0.kyc_id_number_encrypted,u1_0.kyc_status,u1_0.last_login_at,u1_0.metadata,u1_0.password_hash,u1_0.phone,u1_0.phone_verified,u1_0.role,u1_0.status,u1_0.tenant_id,u1_0.updated_at from users u1_0 where u1_0.id=?
2026-04-25T15:38:52.361+08:00 DEBUG 3774 --- [nextkey-ecommerce] [           main] org.hibernate.SQL                        : delete from users where id=?
Hibernate: delete from users where id=?
]]></system-out>
  </testcase>
  <testcase name="updateProduct_success_returns200" classname="com.nextkey.ecommerce.api.controller.ProductControllerE2ETest" time="0.324">
    <system-out><![CDATA[2026-04-25T15:38:52.373+08:00  INFO 3774 --- [nextkey-ecommerce] [           main] c.n.e.api.filter.TenantContextFilter     : [TenantContextFilter] Incoming request: POST , X-Tenant-ID: null
2026-04-25T15:38:52.374+08:00 DEBUG 3774 --- [nextkey-ecommerce] [           main] c.n.e.api.filter.TenantContextFilter     : [TenantContextFilter] Authentication: null, principal: null
2026-04-25T15:38:52.374+08:00  INFO 3774 --- [nextkey-ecommerce] [           main] c.n.e.api.filter.TenantContextFilter     : [TenantContextFilter] Anonymous/public request - using system tenant
2026-04-25T15:38:52.374+08:00  INFO 3774 --- [nextkey-ecommerce] [           main] c.n.e.shared.tenant.TenantContext        : [TenantContext] setCurrentTenant: 00000000-0000-0000-0000-000000000001
2026-04-25T15:38:52.376+08:00  INFO 3774 --- [nextkey-ecommerce] [           main] c.n.e.api.controller.AuthController      : Register request for email: product-test-1777102732369-9685@example.com
2026-04-25T15:38:52.377+08:00 DEBUG 3774 --- [nextkey-ecommerce] [           main] org.hibernate.SQL                        : select u1_0.id from users u1_0 where u1_0.email=? fetch first ? rows only
Hibernate: select u1_0.id from users u1_0 where u1_0.email=? fetch first ? rows only
2026-04-25T15:38:52.470+08:00  INFO 3774 --- [nextkey-ecommerce] [           main] c.n.ecommerce.core.auth.AuthService      : New user registered: product-test-1777102732369-9685@example.com (SELLER)
2026-04-25T15:38:52.471+08:00 DEBUG 3774 --- [nextkey-ecommerce] [           main] org.hibernate.SQL                        : insert into users (avatar_url,created_at,email,email_verified,full_name,kyc_id_card_back_url,kyc_id_card_front_url,kyc_id_number_encrypted,kyc_status,last_login_at,metadata,password_hash,phone,phone_verified,role,status,tenant_id,updated_at,id) values (?,?,?,?,?,?,?,?,?,?,?,?,?,?,?,?,?,?,?)
Hibernate: insert into users (avatar_url,created_at,email,email_verified,full_name,kyc_id_card_back_url,kyc_id_card_front_url,kyc_id_number_encrypted,kyc_status,last_login_at,metadata,password_hash,phone,phone_verified,role,status,tenant_id,updated_at,id) values (?,?,?,?,?,?,?,?,?,?,?,?,?,?,?,?,?,?,?)
2026-04-25T15:38:52.474+08:00 DEBUG 3774 --- [nextkey-ecommerce] [           main] c.n.e.api.filter.TenantContextFilter     : [TenantContextFilter] Clearing tenant context
2026-04-25T15:38:52.474+08:00  INFO 3774 --- [nextkey-ecommerce] [           main] c.n.e.shared.tenant.TenantContext        : [TenantContext] clear
2026-04-25T15:38:52.480+08:00  INFO 3774 --- [nextkey-ecommerce] [           main] c.n.e.api.filter.TenantContextFilter     : [TenantContextFilter] Incoming request: POST , X-Tenant-ID: null
2026-04-25T15:38:52.481+08:00 DEBUG 3774 --- [nextkey-ecommerce] [           main] c.n.e.api.filter.TenantContextFilter     : [TenantContextFilter] Authentication: null, principal: null
2026-04-25T15:38:52.481+08:00  INFO 3774 --- [nextkey-ecommerce] [           main] c.n.e.api.filter.TenantContextFilter     : [TenantContextFilter] Anonymous/public request - using system tenant
2026-04-25T15:38:52.481+08:00  INFO 3774 --- [nextkey-ecommerce] [           main] c.n.e.shared.tenant.TenantContext        : [TenantContext] setCurrentTenant: 00000000-0000-0000-0000-000000000001
2026-04-25T15:38:52.482+08:00  INFO 3774 --- [nextkey-ecommerce] [           main] c.n.e.api.controller.AuthController      : Login request for email: product-test-1777102732369-9685@example.com
[...]
2026-04-25T15:38:53.199+08:00  INFO 3774 --- [nextkey-ecommerce] [           main] c.n.e.shared.tenant.TenantContext        : [TenantContext] clear
✅ API-M05-009 PASSED: 未授權時返回 401 或 403
2026-04-25T15:38:53.202+08:00 DEBUG 3774 --- [nextkey-ecommerce] [           main] org.hibernate.SQL                        : select u1_0.id,u1_0.avatar_url,u1_0.created_at,u1_0.email,u1_0.email_verified,u1_0.full_name,u1_0.kyc_id_card_back_url,u1_0.kyc_id_card_front_url,u1_0.kyc_id_number_encrypted,u1_0.kyc_status,u1_0.last_login_at,u1_0.metadata,u1_0.password_hash,u1_0.phone,u1_0.phone_verified,u1_0.role,u1_0.status,u1_0.tenant_id,u1_0.updated_at from users u1_0 where u1_0.email=?
Hibernate: select u1_0.id,u1_0.avatar_url,u1_0.created_at,u1_0.email,u1_0.email_verified,u1_0.full_name,u1_0.kyc_id_card_back_url,u1_0.kyc_id_card_front_url,u1_0.kyc_id_number_encrypted,u1_0.kyc_status,u1_0.last_login_at,u1_0.metadata,u1_0.password_hash,u1_0.phone,u1_0.phone_verified,u1_0.role,u1_0.status,u1_0.tenant_id,u1_0.updated_at from users u1_0 where u1_0.email=?
2026-04-25T15:38:53.203+08:00 DEBUG 3774 --- [nextkey-ecommerce] [           main] org.hibernate.SQL                        : select u1_0.id,u1_0.avatar_url,u1_0.created_at,u1_0.email,u1_0.email_verified,u1_0.full_name,u1_0.kyc_id_card_back_url,u1_0.kyc_id_card_front_url,u1_0.kyc_id_number_encrypted,u1_0.kyc_status,u1_0.last_login_at,u1_0.metadata,u1_0.password_hash,u1_0.phone,u1_0.phone_verified,u1_0.role,u1_0.status,u1_0.tenant_id,u1_0.updated_at from users u1_0 where u1_0.id=?
Hibernate: select u1_0.id,u1_0.avatar_url,u1_0.created_at,u1_0.email,u1_0.email_verified,u1_0.full_name,u1_0.kyc_id_card_back_url,u1_0.kyc_id_card_front_url,u1_0.kyc_id_number_encrypted,u1_0.kyc_status,u1_0.last_login_at,u1_0.metadata,u1_0.password_hash,u1_0.phone,u1_0.phone_verified,u1_0.role,u1_0.status,u1_0.tenant_id,u1_0.updated_at from users u1_0 where u1_0.id=?
2026-04-25T15:38:53.205+08:00 DEBUG 3774 --- [nextkey-ecommerce] [           main] org.hibernate.SQL                        : delete from users where id=?
Hibernate: delete from users where id=?
]]></system-out>
  </testcase>
  <testcase name="createProduct_withBuyerRole_returns403" classname="com.nextkey.ecommerce.api.controller.ProductControllerE2ETest" time="0.448">
    <system-out><![CDATA[2026-04-25T15:38:53.215+08:00  INFO 3774 --- [nextkey-ecommerce] [           main] c.n.e.api.filter.TenantContextFilter     : [TenantContextFilter] Incoming request: POST , X-Tenant-ID: null
2026-04-25T15:38:53.215+08:00 DEBUG 3774 --- [nextkey-ecommerce] [           main] c.n.e.api.filter.TenantContextFilter     : [TenantContextFilter] Authentication: null, principal: null
2026-04-25T15:38:53.215+08:00  INFO 3774 --- [nextkey-ecommerce] [           main] c.n.e.api.filter.TenantContextFilter     : [TenantContextFilter] Anonymous/public request - using system tenant
2026-04-25T15:38:53.215+08:00  INFO 3774 --- [nextkey-ecommerce] [           main] c.n.e.shared.tenant.TenantContext        : [TenantContext] setCurrentTenant: 00000000-0000-0000-0000-000000000001
2026-04-25T15:38:53.217+08:00  INFO 3774 --- [nextkey-ecommerce] [           main] c.n.e.api.controller.AuthController      : Register request for email: product-test-1777102733212-1133@example.com
2026-04-25T15:38:53.219+08:00 DEBUG 3774 --- [nextkey-ecommerce] [           main] org.hibernate.SQL                        : select u1_0.id from users u1_0 where u1_0.email=? fetch first ? rows only
Hibernate: select u1_0.id from users u1_0 where u1_0.email=? fetch first ? rows only
2026-04-25T15:38:53.304+08:00  INFO 3774 --- [nextkey-ecommerce] [           main] c.n.ecommerce.core.auth.AuthService      : New user registered: product-test-1777102733212-1133@example.com (SELLER)
2026-04-25T15:38:53.304+08:00 DEBUG 3774 --- [nextkey-ecommerce] [           main] org.hibernate.SQL                        : insert into users (avatar_url,created_at,email,email_verified,full_name,kyc_id_card_back_url,kyc_id_card_front_url,kyc_id_number_encrypted,kyc_status,last_login_at,metadata,password_hash,phone,phone_verified,role,status,tenant_id,updated_at,id) values (?,?,?,?,?,?,?,?,?,?,?,?,?,?,?,?,?,?,?)
Hibernate: insert into users (avatar_url,created_at,email,email_verified,full_name,kyc_id_card_back_url,kyc_id_card_front_url,kyc_id_number_encrypted,kyc_status,last_login_at,metadata,password_hash,phone,phone_verified,role,status,tenant_id,updated_at,id) values (?,?,?,?,?,?,?,?,?,?,?,?,?,?,?,?,?,?,?)
2026-04-25T15:38:53.312+08:00 DEBUG 3774 --- [nextkey-ecommerce] [           main] c.n.e.api.filter.TenantContextFilter     : [TenantContextFilter] Clearing tenant context
2026-04-25T15:38:53.312+08:00  INFO 3774 --- [nextkey-ecommerce] [           main] c.n.e.shared.tenant.TenantContext        : [TenantContext] clear
2026-04-25T15:38:53.317+08:00  INFO 3774 --- [nextkey-ecommerce] [           main] c.n.e.api.filter.TenantContextFilter     : [TenantContextFilter] Incoming request: POST , X-Tenant-ID: null
2026-04-25T15:38:53.317+08:00 DEBUG 3774 --- [nextkey-ecommerce] [           main] c.n.e.api.filter.TenantContextFilter     : [TenantContextFilter] Authentication: null, principal: null
2026-04-25T15:38:53.317+08:00  INFO 3774 --- [nextkey-ecommerce] [           main] c.n.e.api.filter.TenantContextFilter     : [TenantContextFilter] Anonymous/public request - using system tenant
2026-04-25T15:38:53.317+08:00  INFO 3774 --- [nextkey-ecommerce] [           main] c.n.e.shared.tenant.TenantContext        : [TenantContext] setCurrentTenant: 00000000-0000-0000-0000-000000000001
2026-04-25T15:38:53.319+08:00  INFO 3774 --- [nextkey-ecommerce] [           main] c.n.e.api.controller.AuthController      : Login request for email: product-test-1777102733212-1133@example.com
2026-04-25T15:38:53.320+08:00 DEBUG 3774 --- [nextkey-ecommerce] [           main] org.hibernate.SQL                        : select u1_0.id,u1_0.avatar_url,u1_0.created_at,u1_0.email,u1_0.email_verified,u1_0.full_name,u1_0.kyc_id_card_back_url,u1_0.kyc_id_card_front_url,u1_0.kyc_id_number_encrypted,u1_0.kyc_status,u1_0.last_login_at,u1_0.metadata,u1_0.password_hash,u1_0.phone,u1_0.phone_verified,u1_0.role,u1_0.status,u1_0.tenant_id,u1_0.updated_at from users u1_0 where u1_0.email=? and u1_0.status=?
Hibernate: select u1_0.id,u1_0.avatar_url,u1_0.created_at,u1_0.email,u1_0.email_verified,u1_0.full_name,u1_0.kyc_id_card_back_url,u1_0.kyc_id_card_front_url,u1_0.kyc_id_number_encrypted,u1_0.kyc_status,u1_0.last_login_at,u1_0.metadata,u1_0.password_hash,u1_0.phone,u1_0.phone_verified,u1_0.role,u1_0.status,u1_0.tenant_id,u1_0.updated_at from users u1_0 where u1_0.email=? and u1_0.status=?
2026-04-25T15:38:53.405+08:00  INFO 3774 --- [nextkey-ecommerce] [           main] c.n.ecommerce.core.auth.AuthService      : User logged in: product-test-1777102733212-1133@example.com
2026-04-25T15:38:53.409+08:00 DEBUG 3774 --- [nextkey-ecommerce] [           main] c.n.e.i.security.RefreshTokenService     : Stored refresh token for user: 163baa8d-9861-48a1-a37c-99bceede1642
2026-04-25T15:38:53.410+08:00 DEBUG 3774 --- [nextkey-ecommerce] [           main] org.hibernate.SQL                        : update users set avatar_url=?,created_at=?,email=?,email_verified=?,full_name=?,kyc_id_card_back_url=?,kyc_id_card_front_url=?,kyc_id_number_encrypted=?,kyc_status=?,last_login_at=?,metadata=?,password_hash=?,phone=?,phone_verified=?,role=?,status=?,tenant_id=?,updated_at=? where id=?
Hibernate: update users set avatar_url=?,created_at=?,email=?,email_verified=?,full_name=?,kyc_id_card_back_url=?,kyc_id_card_front_url=?,kyc_id_number_encrypted=?,kyc_status=?,last_login_at=?,metadata=?,password_hash=?,phone=?,phone_verified=?,role=?,status=?,tenant_id=?,updated_at=? where id=?
2026-04-25T15:38:53.413+08:00 DEBUG 3774 --- [nextkey-ecommerce] [           main] c.n.e.api.filter.TenantContextFilter     : [TenantContextFilter] Clearing tenant context
2026-04-25T15:38:53.414+08:00  INFO 3774 --- [nextkey-ecommerce] [           main] c.n.e.shared.tenant.TenantContext        : [TenantContext] clear
2026-04-25T15:38:53.418+08:00  INFO 3774 --- [nextkey-ecommerce] [           main] c.n.e.api.filter.TenantContextFilter     : [TenantContextFilter] Incoming request: POST , X-Tenant-ID: null
2026-04-25T15:38:53.418+08:00 DEBUG 3774 --- [nextkey-ecommerce] [           main] c.n.e.api.filter.TenantContextFilter     : [TenantContextFilter] Authentication: null, principal: null
2026-04-25T15:38:53.418+08:00  INFO 3774 --- [nextkey-ecommerce] [           main] c.n.e.api.filter.TenantContextFilter     : [TenantContextFilter] Anonymous/public request - using system tenant
2026-04-25T15:38:53.418+08:00  INFO 3774 --- [nextkey-ecommerce] [           main] c.n.e.shared.tenant.TenantContext        : [TenantContext] setCurrentTenant: 00000000-0000-0000-0000-000000000001
2026-04-25T15:38:53.420+08:00  INFO 3774 --- [nextkey-ecommerce] [           main] c.n.e.api.controller.AuthController      : Register request for email: buyer-test-1777102733415@example.com
2026-04-25T15:38:53.421+08:00 DEBUG 3774 --- [nextkey-ecommerce] [           main] org.hibernate.SQL                        : select u1_0.id from users u1_0 where u1_0.email=? fetch first ? rows only
Hibernate: select u1_0.id from users u1_0 where u1_0.email=? fetch first ? rows only
2026-04-25T15:38:53.505+08:00  INFO 3774 --- [nextkey-ecommerce] [           main] c.n.ecommerce.core.auth.AuthService      : New user registered: buyer-test-1777102733415@example.com (BUYER)
2026-04-25T15:38:53.505+08:00 DEBUG 3774 --- [nextkey-ecommerce] [           main] org.hibernate.SQL                        : insert into users (avatar_url,created_at,email,email_verified,full_name,kyc_id_card_back_url,kyc_id_card_front_url,kyc_id_number_encrypted,kyc_status,last_login_at,metadata,password_hash,phone,phone_verified,role,status,tenant_id,updated_at,id) values (?,?,?,?,?,?,?,?,?,?,?,?,?,?,?,?,?,?,?)
Hibernate: insert into users (avatar_url,created_at,email,email_verified,full_name,kyc_id_card_back_url,kyc_id_card_front_url,kyc_id_number_encrypted,kyc_status,last_login_at,metadata,password_hash,phone,phone_verified,role,status,tenant_id,updated_at,id) values (?,?,?,?,?,?,?,?,?,?,?,?,?,?,?,?,?,?,?)
2026-04-25T15:38:53.508+08:00 DEBUG 3774 --- [nextkey-ecommerce] [           main] c.n.e.api.filter.TenantContextFilter     : [TenantContextFilter] Clearing tenant context
2026-04-25T15:38:53.508+08:00  INFO 3774 --- [nextkey-ecommerce] [           main] c.n.e.shared.tenant.TenantContext        : [TenantContext] clear
2026-04-25T15:38:53.513+08:00  INFO 3774 --- [nextkey-ecommerce] [           main] c.n.e.api.filter.TenantContextFilter     : [TenantContextFilter] Incoming request: POST , X-Tenant-ID: null
2026-04-25T15:38:53.513+08:00 DEBUG 3774 --- [nextkey-ecommerce] [           main] c.n.e.api.filter.TenantContextFilter     : [TenantContextFilter] Authentication: null, principal: null
2026-04-25T15:38:53.513+08:00  INFO 3774 --- [nextkey-ecommerce] [           main] c.n.e.api.filter.TenantContextFilter     : [TenantContextFilter] Anonymous/public request - using system tenant
2026-04-25T15:38:53.513+08:00  INFO 3774 --- [nextkey-ecommerce] [           main] c.n.e.shared.tenant.TenantContext        : [TenantContext] setCurrentTenant: 00000000-0000-0000-0000-000000000001
2026-04-25T15:38:53.514+08:00  INFO 3774 --- [nextkey-ecommerce] [           main] c.n.e.api.controller.AuthController      : Login request for email: buyer-test-1777102733415@example.com
2026-04-25T15:38:53.516+08:00 DEBUG 3774 --- [nextkey-ecommerce] [           main] org.hibernate.SQL                        : select u1_0.id,u1_0.avatar_url,u1_0.created_at,u1_0.email,u1_0.email_verified,u1_0.full_name,u1_0.kyc_id_card_back_url,u1_0.kyc_id_card_front_url,u1_0.kyc_id_number_encrypted,u1_0.kyc_status,u1_0.last_login_at,u1_0.metadata,u1_0.password_hash,u1_0.phone,u1_0.phone_verified,u1_0.role,u1_0.status,u1_0.tenant_id,u1_0.updated_at from users u1_0 where u1_0.email=? and u1_0.status=?
Hibernate: select u1_0.id,u1_0.avatar_url,u1_0.created_at,u1_0.email,u1_0.email_verified,u1_0.full_name,u1_0.kyc_id_card_back_url,u1_0.kyc_id_card_front_url,u1_0.kyc_id_number_encrypted,u1_0.kyc_status,u1_0.last_login_at,u1_0.metadata,u1_0.password_hash,u1_0.phone,u1_0.phone_verified,u1_0.role,u1_0.status,u1_0.tenant_id,u1_0.updated_at from users u1_0 where u1_0.email=? and u1_0.status=?
2026-04-25T15:38:53.600+08:00  INFO 3774 --- [nextkey-ecommerce] [           main] c.n.ecommerce.core.auth.AuthService      : User logged in: buyer-test-1777102733415@example.com
2026-04-25T15:38:53.604+08:00 DEBUG 3774 --- [nextkey-ecommerce] [           main] c.n.e.i.security.RefreshTokenService     : Stored refresh token for user: c96eadc5-28a0-4525-862e-77002897a442
2026-04-25T15:38:53.605+08:00 DEBUG 3774 --- [nextkey-ecommerce] [           main] org.hibernate.SQL                        : update users set avatar_url=?,created_at=?,email=?,email_verified=?,full_name=?,kyc_id_card_back_url=?,kyc_id_card_front_url=?,kyc_id_number_encrypted=?,kyc_status=?,last_login_at=?,metadata=?,password_hash=?,phone=?,phone_verified=?,role=?,status=?,tenant_id=?,updated_at=? where id=?
Hibernate: update users set avatar_url=?,created_at=?,email=?,email_verified=?,full_name=?,kyc_id_card_back_url=?,kyc_id_card_front_url=?,kyc_id_number_encrypted=?,kyc_status=?,last_login_at=?,metadata=?,password_hash=?,phone=?,phone_verified=?,role=?,status=?,tenant_id=?,updated_at=? where id=?
2026-04-25T15:38:53.609+08:00 DEBUG 3774 --- [nextkey-ecommerce] [           main] c.n.e.api.filter.TenantContextFilter     : [TenantContextFilter] Clearing tenant context
2026-04-25T15:38:53.609+08:00  INFO 3774 --- [nextkey-ecommerce] [           main] c.n.e.shared.tenant.TenantContext        : [TenantContext] clear
2026-04-25T15:38:53.626+08:00 DEBUG 3774 --- [nextkey-ecommerce] [           main] c.n.e.a.filter.JwtAuthenticationFilter   : Authenticated user: buyer-test-1777102733415@example.com with role: BUYER and 13 authorities
2026-04-25T15:38:53.626+08:00  INFO 3774 --- [nextkey-ecommerce] [           main] c.n.e.api.filter.TenantContextFilter     : [TenantContextFilter] Incoming request: POST , X-Tenant-ID: null
2026-04-25T15:38:53.626+08:00 DEBUG 3774 --- [nextkey-ecommerce] [           main] c.n.e.api.filter.TenantContextFilter     : [TenantContextFilter] Authentication: UsernamePasswordAuthenticationToken, principal: UserPrincipal(userId=c96eadc5-28a0-4525-862e-77002897a442, email=buyer-test-1777102733415@example.com, role=BUYER, tenantId=null)
2026-04-25T15:38:53.627+08:00  INFO 3774 --- [nextkey-ecommerce] [           main] c.n.e.api.filter.TenantContextFilter     : [TenantContextFilter] Authenticated user: c96eadc5-28a0-4525-862e-77002897a442, tenantId: null, role: BUYER, requestedTenantId: null
2026-04-25T15:38:53.627+08:00  INFO 3774 --- [nextkey-ecommerce] [           main] c.n.e.shared.tenant.TenantContext        : [TenantContext] setCurrentUser: c96eadc5-28a0-4525-862e-77002897a442
2026-04-25T15:38:53.627+08:00  INFO 3774 --- [nextkey-ecommerce] [           main] c.n.e.shared.tenant.TenantContext        : [TenantContext] setCurrentTenant: 00000000-0000-0000-0000-000000000001
2026-04-25T15:38:53.627+08:00  INFO 3774 --- [nextkey-ecommerce] [           main] c.n.e.api.filter.TenantContextFilter     : [TenantContextFilter] Tenant context set - user: c96eadc5-28a0-4525-862e-77002897a442, effective tenant: 00000000-0000-0000-0000-000000000001
2026-04-25T15:38:53.629+08:00  WARN 3774 --- [nextkey-ecommerce] [           main] c.n.e.api.dto.GlobalExceptionHandler     : Access denied: Access Denied
2026-04-25T15:38:53.630+08:00 DEBUG 3774 --- [nextkey-ecommerce] [           main] c.n.e.api.filter.TenantContextFilter     : [TenantContextFilter] Clearing tenant context
2026-04-25T15:38:53.630+08:00  INFO 3774 --- [nextkey-ecommerce] [           main] c.n.e.shared.tenant.TenantContext        : [TenantContext] clear
✅ API-M05-010 PASSED: BUYER 角色無法建立商品
2026-04-25T15:38:53.639+08:00 DEBUG 3774 --- [nextkey-ecommerce] [           main] org.hibernate.SQL                        : select u1_0.id,u1_0.avatar_url,u1_0.created_at,u1_0.email,u1_0.email_verified,u1_0.full_name,u1_0.kyc_id_card_back_url,u1_0.kyc_id_card_front_url,u1_0.kyc_id_number_encrypted,u1_0.kyc_status,u1_0.last_login_at,u1_0.metadata,u1_0.password_hash,u1_0.phone,u1_0.phone_verified,u1_0.role,u1_0.status,u1_0.tenant_id,u1_0.updated_at from users u1_0 where u1_0.email=?
Hibernate: select u1_0.id,u1_0.avatar_url,u1_0.created_at,u1_0.email,u1_0.email_verified,u1_0.full_name,u1_0.kyc_id_card_back_url,u1_0.kyc_id_card_front_url,u1_0.kyc_id_number_encrypted,u1_0.kyc_status,u1_0.last_login_at,u1_0.metadata,u1_0.password_hash,u1_0.phone,u1_0.phone_verified,u1_0.role,u1_0.status,u1_0.tenant_id,u1_0.updated_at from users u1_0 where u1_0.email=?
2026-04-25T15:38:53.641+08:00 DEBUG 3774 --- [nextkey-ecommerce] [           main] org.hibernate.SQL                        : select u1_0.id,u1_0.avatar_url,u1_0.created_at,u1_0.email,u1_0.email_verified,u1_0.full_name,u1_0.kyc_id_card_back_url,u1_0.kyc_id_card_front_url,u1_0.kyc_id_number_encrypted,u1_0.kyc_status,u1_0.last_login_at,u1_0.metadata,u1_0.password_hash,u1_0.phone,u1_0.phone_verified,u1_0.role,u1_0.status,u1_0.tenant_id,u1_0.updated_at from users u1_0 where u1_0.id=?
Hibernate: select u1_0.id,u1_0.avatar_url,u1_0.created_at,u1_0.email,u1_0.email_verified,u1_0.full_name,u1_0.kyc_id_card_back_url,u1_0.kyc_id_card_front_url,u1_0.kyc_id_number_encrypted,u1_0.kyc_status,u1_0.last_login_at,u1_0.metadata,u1_0.password_hash,u1_0.phone,u1_0.phone_verified,u1_0.role,u1_0.status,u1_0.tenant_id,u1_0.updated_at from users u1_0 where u1_0.id=?
2026-04-25T15:38:53.643+08:00 DEBUG 3774 --- [nextkey-ecommerce] [           main] org.hibernate.SQL                        : delete from users where id=?
Hibernate: delete from users where id=?
2026-04-25T15:38:53.647+08:00 DEBUG 3774 --- [nextkey-ecommerce] [           main] org.hibernate.SQL                        : select u1_0.id,u1_0.avatar_url,u1_0.created_at,u1_0.email,u1_0.email_verified,u1_0.full_name,u1_0.kyc_id_card_back_url,u1_0.kyc_id_card_front_url,u1_0.kyc_id_number_encrypted,u1_0.kyc_status,u1_0.last_login_at,u1_0.metadata,u1_0.password_hash,u1_0.phone,u1_0.phone_verified,u1_0.role,u1_0.status,u1_0.tenant_id,u1_0.updated_at from users u1_0 where u1_0.email=?
Hibernate: select u1_0.id,u1_0.avatar_url,u1_0.created_at,u1_0.email,u1_0.email_verified,u1_0.full_name,u1_0.kyc_id_card_back_url,u1_0.kyc_id_card_front_url,u1_0.kyc_id_number_encrypted,u1_0.kyc_status,u1_0.last_login_at,u1_0.metadata,u1_0.password_hash,u1_0.phone,u1_0.phone_verified,u1_0.role,u1_0.status,u1_0.tenant_id,u1_0.updated_at from users u1_0 where u1_0.email=?
2026-04-25T15:38:53.649+08:00 DEBUG 3774 --- [nextkey-ecommerce] [           main] org.hibernate.SQL                        : select u1_0.id,u1_0.avatar_url,u1_0.created_at,u1_0.email,u1_0.email_verified,u1_0.full_name,u1_0.kyc_id_card_back_url,u1_0.kyc_id_card_front_url,u1_0.kyc_id_number_encrypted,u1_0.kyc_status,u1_0.last_login_at,u1_0.metadata,u1_0.password_hash,u1_0.phone,u1_0.phone_verified,u1_0.role,u1_0.status,u1_0.tenant_id,u1_0.updated_at from users u1_0 where u1_0.id=?
Hibernate: select u1_0.id,u1_0.avatar_url,u1_0.created_at,u1_0.email,u1_0.email_verified,u1_0.full_name,u1_0.kyc_id_card_back_url,u1_0.kyc_id_card_front_url,u1_0.kyc_id_number_encrypted,u1_0.kyc_status,u1_0.last_login_at,u1_0.metadata,u1_0.password_hash,u1_0.phone,u1_0.phone_verified,u1_0.role,u1_0.status,u1_0.tenant_id,u1_0.updated_at from users u1_0 where u1_0.id=?
2026-04-25T15:38:53.653+08:00 DEBUG 3774 --- [nextkey-ecommerce] [           main] org.hibernate.SQL                        : delete from users where id=?
Hibernate: delete from users where id=?
]]></system-out>
  </testcase>
</testsuite>