<?xml version="1.0" encoding="UTF-8"?>
<testsuite xmlns:xsi="http://www.w3.org/2001/XMLSchema-instance" xsi:noNamespaceSchemaLocation="https://maven.apache.org/surefire/maven-surefire-plugin/xsd/surefire-test-report-3.0.xsd" version="3.0" name="com.nextkey.ecommerce.api.controller.AdminControllerE2ETest" time="1.113" tests="14" errors="0" skipped="0" failures="0">
  <properties>
[...]
</properties>
  <testcase name="getTenants_asAdmin_shouldSucceed" classname="com.nextkey.ecommerce.api.controller.AdminControllerE2ETest" time="0.294">
    <system-out><![CDATA[2026-04-29T21:24:24.568+08:00  INFO 53697 --- [nextkey-ecommerce] [           main] t.c.s.AnnotationConfigContextLoaderUtils : Could not detect default configuration classes for test class [com.nextkey.ecommerce.api.controller.AdminControllerE2ETest]: AdminControllerE2ETest does not declare any static, non-private, non-final, nested classes annotated with @Configuration.
2026-04-29T21:24:24.572+08:00  INFO 53697 --- [nextkey-ecommerce] [           main] .b.t.c.SpringBootTestContextBootstrapper : Found @SpringBootConfiguration com.nextkey.ecommerce.EcommerceApplication for test class com.nextkey.ecommerce.api.controller.AdminControllerE2ETest
2026-04-29T21:24:24.581+08:00 DEBUG 53697 --- [nextkey-ecommerce] [           main] org.hibernate.SQL                        : insert into users (avatar_url,created_at,email,email_verified,full_name,kyc_id_card_back_url,kyc_id_card_front_url,kyc_id_number_encrypted,kyc_status,last_login_at,metadata,password_hash,phone,phone_verified,role,status,tenant_id,updated_at,id) values (?,?,?,?,?,?,?,?,?,?,?,?,?,?,?,?,?,?,?)
Hibernate: insert into users (avatar_url,created_at,email,email_verified,full_name,kyc_id_card_back_url,kyc_id_card_front_url,kyc_id_number_encrypted,kyc_status,last_login_at,metadata,password_hash,phone,phone_verified,role,status,tenant_id,updated_at,id) values (?,?,?,?,?,?,?,?,?,?,?,?,?,?,?,?,?,?,?)
2026-04-29T21:24:24.602+08:00 DEBUG 53697 --- [nextkey-ecommerce] [           main] org.hibernate.SQL                        : insert into tenants (commission_rate,contact_email,contact_phone,created_at,description,logo_url,metadata,name,slug,status,updated_at,id) values (?,?,?,?,?,?,?,?,?,?,?,?)
Hibernate: insert into tenants (commission_rate,contact_email,contact_phone,created_at,description,logo_url,metadata,name,slug,status,updated_at,id) values (?,?,?,?,?,?,?,?,?,?,?,?)
2026-04-29T21:24:24.613+08:00 DEBUG 53697 --- [nextkey-ecommerce] [           main] c.n.e.a.filter.JwtAuthenticationFilter   : Authenticated user: admin-e2e-1777469064580-7799@example.com with role: SUPER_ADMIN and 36 authorities
2026-04-29T21:24:24.613+08:00  INFO 53697 --- [nextkey-ecommerce] [           main] c.n.e.api.filter.TenantContextFilter     : [TenantContextFilter] Incoming request: GET , X-Tenant-ID: null
2026-04-29T21:24:24.613+08:00 DEBUG 53697 --- [nextkey-ecommerce] [           main] c.n.e.api.filter.TenantContextFilter     : [TenantContextFilter] Authentication: UsernamePasswordAuthenticationToken, principal: UserPrincipal(userId=9173ce30-98f7-41d4-989e-755b0f0664db, email=admin-e2e-1777469064580-7799@example.com, role=SUPER_ADMIN, tenantId=null)
2026-04-29T21:24:24.614+08:00  INFO 53697 --- [nextkey-ecommerce] [           main] c.n.e.api.filter.TenantContextFilter     : [TenantContextFilter] Authenticated user: 9173ce30-98f7-41d4-989e-755b0f0664db, tenantId: null, role: SUPER_ADMIN, requestedTenantId: null
2026-04-29T21:24:24.614+08:00  INFO 53697 --- [nextkey-ecommerce] [           main] c.n.e.shared.tenant.TenantContext        : [TenantContext] setCurrentUser: 9173ce30-98f7-41d4-989e-755b0f0664db
2026-04-29T21:24:24.614+08:00  INFO 53697 --- [nextkey-ecommerce] [           main] c.n.e.shared.tenant.TenantContext        : [TenantContext] setCurrentTenant: 00000000-0000-0000-0000-000000000001
2026-04-29T21:24:24.614+08:00  INFO 53697 --- [nextkey-ecommerce] [           main] c.n.e.api.filter.TenantContextFilter     : [TenantContextFilter] Tenant context set - user: 9173ce30-98f7-41d4-989e-755b0f0664db, effective tenant: 00000000-0000-0000-0000-000000000001
2026-04-29T21:24:24.620+08:00 DEBUG 53697 --- [nextkey-ecommerce] [           main] org.hibernate.SQL                        : select t1_0.id,t1_0.commission_rate,t1_0.contact_email,t1_0.contact_phone,t1_0.created_at,t1_0.description,t1_0.logo_url,t1_0.metadata,t1_0.name,t1_0.slug,t1_0.status,t1_0.updated_at from tenants t1_0
Hibernate: select t1_0.id,t1_0.commission_rate,t1_0.contact_email,t1_0.contact_phone,t1_0.created_at,t1_0.description,t1_0.logo_url,t1_0.metadata,t1_0.name,t1_0.slug,t1_0.status,t1_0.updated_at from tenants t1_0
2026-04-29T21:24:24.629+08:00 DEBUG 53697 --- [nextkey-ecommerce] [           main] org.hibernate.SQL                        : select u1_0.id,u1_0.avatar_url,u1_0.created_at,u1_0.email,u1_0.email_verified,u1_0.full_name,u1_0.kyc_id_card_back_url,u1_0.kyc_id_card_front_url,u1_0.kyc_id_number_encrypted,u1_0.kyc_status,u1_0.last_login_at,u1_0.metadata,u1_0.password_hash,u1_0.phone,u1_0.phone_verified,u1_0.role,u1_0.status,u1_0.tenant_id,u1_0.updated_at from users u1_0 where u1_0.tenant_id=?
Hibernate: select u1_0.id,u1_0.avatar_url,u1_0.created_at,u1_0.email,u1_0.email_verified,u1_0.full_name,u1_0.kyc_id_card_back_url,u1_0.kyc_id_card_front_url,u1_0.kyc_id_number_encrypted,u1_0.kyc_status,u1_0.last_login_at,u1_0.metadata,u1_0.password_hash,u1_0.phone,u1_0.phone_verified,u1_0.role,u1_0.status,u1_0.tenant_id,u1_0.updated_at from users u1_0 where u1_0.tenant_id=?
2026-04-29T21:24:24.633+08:00 DEBUG 53697 --- [nextkey-ecommerce] [           main] org.hibernate.SQL                        : select l1_0.id,l1_0.base_price,l1_0.cover_image_url,l1_0.created_at,l1_0.currency,l1_0.description,l1_0.listing_type,l1_0.metadata,l1_0.owner_id,l1_0.status,l1_0.tags,l1_0.tenant_id,l1_0.title,l1_0.updated_at from listings l1_0 where l1_0.tenant_id=?
Hibernate: select l1_0.id,l1_0.base_price,l1_0.cover_image_url,l1_0.created_at,l1_0.currency,l1_0.description,l1_0.listing_type,l1_0.metadata,l1_0.owner_id,l1_0.status,l1_0.tags,l1_0.tenant_id,l1_0.title,l1_0.updated_at from listings l1_0 where l1_0.tenant_id=?
2026-04-29T21:24:24.636+08:00 DEBUG 53697 --- [nextkey-ecommerce] [           main] org.hibernate.SQL                        : select u1_0.id,u1_0.avatar_url,u1_0.created_at,u1_0.email,u1_0.email_verified,u1_0.full_name,u1_0.kyc_id_card_back_url,u1_0.kyc_id_card_front_url,u1_0.kyc_id_number_encrypted,u1_0.kyc_status,u1_0.last_login_at,u1_0.metadata,u1_0.password_hash,u1_0.phone,u1_0.phone_verified,u1_0.role,u1_0.status,u1_0.tenant_id,u1_0.updated_at from users u1_0 where u1_0.tenant_id=?
Hibernate: select u1_0.id,u1_0.avatar_url,u1_0.created_at,u1_0.email,u1_0.email_verified,u1_0.full_name,u1_0.kyc_id_card_back_url,u1_0.kyc_id_card_front_url,u1_0.kyc_id_number_encrypted,u1_0.kyc_status,u1_0.last_login_at,u1_0.metadata,u1_0.password_hash,u1_0.phone,u1_0.phone_verified,u1_0.role,u1_0.status,u1_0.tenant_id,u1_0.updated_at from users u1_0 where u1_0.tenant_id=?
2026-04-29T21:24:24.638+08:00 DEBUG 53697 --- [nextkey-ecommerce] [           main] org.hibernate.SQL                        : select l1_0.id,l1_0.base_price,l1_0.cover_image_url,l1_0.created_at,l1_0.currency,l1_0.description,l1_0.listing_type,l1_0.metadata,l1_0.owner_id,l1_0.status,l1_0.tags,l1_0.tenant_id,l1_0.title,l1_0.updated_at from listings l1_0 where l1_0.tenant_id=?
Hibernate: select l1_0.id,l1_0.base_price,l1_0.cover_image_url,l1_0.created_at,l1_0.currency,l1_0.description,l1_0.listing_type,l1_0.metadata,l1_0.owner_id,l1_0.status,l1_0.tags,l1_0.tenant_id,l1_0.title,l1_0.updated_at from listings l1_0 where l1_0.tenant_id=?
2026-04-29T21:24:24.641+08:00 DEBUG 53697 --- [nextkey-ecommerce] [           main] org.hibernate.SQL                        : select u1_0.id,u1_0.avatar_url,u1_0.created_at,u1_0.email,u1_0.email_verified,u1_0.full_name,u1_0.kyc_id_card_back_url,u1_0.kyc_id_card_front_url,u1_0.kyc_id_number_encrypted,u1_0.kyc_status,u1_0.last_login_at,u1_0.metadata,u1_0.password_hash,u1_0.phone,u1_0.phone_verified,u1_0.role,u1_0.status,u1_0.tenant_id,u1_0.updated_at from users u1_0 where u1_0.tenant_id=?
Hibernate: select u1_0.id,u1_0.avatar_url,u1_0.created_at,u1_0.email,u1_0.email_verified,u1_0.full_name,u1_0.kyc_id_card_back_url,u1_0.kyc_id_card_front_url,u1_0.kyc_id_number_encrypted,u1_0.kyc_status,u1_0.last_login_at,u1_0.metadata,u1_0.password_hash,u1_0.phone,u1_0.phone_verified,u1_0.role,u1_0.status,u1_0.tenant_id,u1_0.updated_at from users u1_0 where u1_0.tenant_id=?
2026-04-29T21:24:24.643+08:00 DEBUG 53697 --- [nextkey-ecommerce] [           main] org.hibernate.SQL                        : select l1_0.id,l1_0.base_price,l1_0.cover_image_url,l1_0.created_at,l1_0.currency,l1_0.description,l1_0.listing_type,l1_0.metadata,l1_0.owner_id,l1_0.status,l1_0.tags,l1_0.tenant_id,l1_0.title,l1_0.updated_at from listings l1_0 where l1_0.tenant_id=?
Hibernate: select l1_0.id,l1_0.base_price,l1_0.cover_image_url,l1_0.created_at,l1_0.currency,l1_0.description,l1_0.listing_type,l1_0.metadata,l1_0.owner_id,l1_0.status,l1_0.tags,l1_0.tenant_id,l1_0.title,l1_0.updated_at from listings l1_0 where l1_0.tenant_id=?
2026-04-29T21:24:24.645+08:00 DEBUG 53697 --- [nextkey-ecommerce] [           main] org.hibernate.SQL                        : select u1_0.id,u1_0.avatar_url,u1_0.created_at,u1_0.email,u1_0.email_verified,u1_0.full_name,u1_0.kyc_id_card_back_url,u1_0.kyc_id_card_front_url,u1_0.kyc_id_number_encrypted,u1_0.kyc_status,u1_0.last_login_at,u1_0.metadata,u1_0.password_hash,u1_0.phone,u1_0.phone_verified,u1_0.role,u1_0.status,u1_0.tenant_id,u1_0.updated_at from users u1_0 where u1_0.tenant_id=?
Hibernate: select u1_0.id,u1_0.avatar_url,u1_0.created_at,u1_0.email,u1_0.email_verified,u1_0.full_name,u1_0.kyc_id_card_back_url,u1_0.kyc_id_card_front_url,u1_0.kyc_id_number_encrypted,u1_0.kyc_status,u1_0.last_login_at,u1_0.metadata,u1_0.password_hash,u1_0.phone,u1_0.phone_verified,u1_0.role,u1_0.status,u1_0.tenant_id,u1_0.updated_at from users u1_0 where u1_0.tenant_id=?
2026-04-29T21:24:24.647+08:00 DEBUG 53697 --- [nextkey-ecommerce] [           main] org.hibernate.SQL                        : select l1_0.id,l1_0.base_price,l1_0.cover_image_url,l1_0.created_at,l1_0.currency,l1_0.description,l1_0.listing_type,l1_0.metadata,l1_0.owner_id,l1_0.status,l1_0.tags,l1_0.tenant_id,l1_0.title,l1_0.updated_at from listings l1_0 where l1_0.tenant_id=?
Hibernate: select l1_0.id,l1_0.base_price,l1_0.cover_image_url,l1_0.created_at,l1_0.currency,l1_0.description,l1_0.listing_type,l1_0.metadata,l1_0.owner_id,l1_0.status,l1_0.tags,l1_0.tenant_id,l1_0.title,l1_0.updated_at from listings l1_0 where l1_0.tenant_id=?
2026-04-29T21:24:24.649+08:00 DEBUG 53697 --- [nextkey-ecommerce] [           main] org.hibernate.SQL                        : select u1_0.id,u1_0.avatar_url,u1_0.created_at,u1_0.email,u1_0.email_verified,u1_0.full_name,u1_0.kyc_id_card_back_url,u1_0.kyc_id_card_front_url,u1_0.kyc_id_number_encrypted,u1_0.kyc_status,u1_0.last_login_at,u1_0.metadata,u1_0.password_hash,u1_0.phone,u1_0.phone_verified,u1_0.role,u1_0.status,u1_0.tenant_id,u1_0.updated_at from users u1_0 where u1_0.tenant_id=?
Hibernate: select u1_0.id,u1_0.avatar_url,u1_0.created_at,u1_0.email,u1_0.email_verified,u1_0.full_name,u1_0.kyc_id_card_back_url,u1_0.kyc_id_card_front_url,u1_0.kyc_id_number_encrypted,u1_0.kyc_status,u1_0.last_login_at,u1_0.metadata,u1_0.password_hash,u1_0.phone,u1_0.phone_verified,u1_0.role,u1_0.status,u1_0.tenant_id,u1_0.updated_at from users u1_0 where u1_0.tenant_id=?
2026-04-29T21:24:24.651+08:00 DEBUG 53697 --- [nextkey-ecommerce] [           main] org.hibernate.SQL                        : select l1_0.id,l1_0.base_price,l1_0.cover_image_url,l1_0.created_at,l1_0.currency,l1_0.description,l1_0.listing_type,l1_0.metadata,l1_0.owner_id,l1_0.status,l1_0.tags,l1_0.tenant_id,l1_0.title,l1_0.updated_at from listings l1_0 where l1_0.tenant_id=?
Hibernate: select l1_0.id,l1_0.base_price,l1_0.cover_image_url,l1_0.created_at,l1_0.currency,l1_0.description,l1_0.listing_type,l1_0.metadata,l1_0.owner_id,l1_0.status,l1_0.tags,l1_0.tenant_id,l1_0.title,l1_0.updated_at from listings l1_0 where l1_0.tenant_id=?
2026-04-29T21:24:24.654+08:00 DEBUG 53697 --- [nextkey-ecommerce] [           main] org.hibernate.SQL                        : select u1_0.id,u1_0.avatar_url,u1_0.created_at,u1_0.email,u1_0.email_verified,u1_0.full_name,u1_0.kyc_id_card_back_url,u1_0.kyc_id_card_front_url,u1_0.kyc_id_number_encrypted,u1_0.kyc_status,u1_0.last_login_at,u1_0.metadata,u1_0.password_hash,u1_0.phone,u1_0.phone_verified,u1_0.role,u1_0.status,u1_0.tenant_id,u1_0.updated_at from users u1_0 where u1_0.tenant_id=?
Hibernate: select u1_0.id,u1_0.avatar_url,u1_0.created_at,u1_0.email,u1_0.email_verified,u1_0.full_name,u1_0.kyc_id_card_back_url,u1_0.kyc_id_card_front_url,u1_0.kyc_id_number_encrypted,u1_0.kyc_status,u1_0.last_login_at,u1_0.metadata,u1_0.password_hash,u1_0.phone,u1_0.phone_verified,u1_0.role,u1_0.status,u1_0.tenant_id,u1_0.updated_at from users u1_0 where u1_0.tenant_id=?
2026-04-29T21:24:24.657+08:00 DEBUG 53697 --- [nextkey-ecommerce] [           main] org.hibernate.SQL                        : select l1_0.id,l1_0.base_price,l1_0.cover_image_url,l1_0.created_at,l1_0.currency,l1_0.description,l1_0.listing_type,l1_0.metadata,l1_0.owner_id,l1_0.status,l1_0.tags,l1_0.tenant_id,l1_0.title,l1_0.updated_at from listings l1_0 where l1_0.tenant_id=?
Hibernate: select l1_0.id,l1_0.base_price,l1_0.cover_image_url,l1_0.created_at,l1_0.currency,l1_0.description,l1_0.listing_type,l1_0.metadata,l1_0.owner_id,l1_0.status,l1_0.tags,l1_0.tenant_id,l1_0.title,l1_0.updated_at from listings l1_0 where l1_0.tenant_id=?
2026-04-29T21:24:24.660+08:00 DEBUG 53697 --- [nextkey-ecommerce] [           main] org.hibernate.SQL                        : select u1_0.id,u1_0.avatar_url,u1_0.created_at,u1_0.email,u1_0.email_verified,u1_0.full_name,u1_0.kyc_id_card_back_url,u1_0.kyc_id_card_front_url,u1_0.kyc_id_number_encrypted,u1_0.kyc_status,u1_0.last_login_at,u1_0.metadata,u1_0.password_hash,u1_0.phone,u1_0.phone_verified,u1_0.role,u1_0.status,u1_0.tenant_id,u1_0.updated_at from users u1_0 where u1_0.tenant_id=?
Hibernate: select u1_0.id,u1_0.avatar_url,u1_0.created_at,u1_0.email,u1_0.email_verified,u1_0.full_name,u1_0.kyc_id_card_back_url,u1_0.kyc_id_card_front_url,u1_0.kyc_id_number_encrypted,u1_0.kyc_status,u1_0.last_login_at,u1_0.metadata,u1_0.password_hash,u1_0.phone,u1_0.phone_verified,u1_0.role,u1_0.status,u1_0.tenant_id,u1_0.updated_at from users u1_0 where u1_0.tenant_id=?
2026-04-29T21:24:24.662+08:00 DEBUG 53697 --- [nextkey-ecommerce] [           main] org.hibernate.SQL                        : select l1_0.id,l1_0.base_price,l1_0.cover_image_url,l1_0.created_at,l1_0.currency,l1_0.description,l1_0.listing_type,l1_0.metadata,l1_0.owner_id,l1_0.status,l1_0.tags,l1_0.tenant_id,l1_0.title,l1_0.updated_at from listings l1_0 where l1_0.tenant_id=?
Hibernate: select l1_0.id,l1_0.base_price,l1_0.cover_image_url,l1_0.created_at,l1_0.currency,l1_0.description,l1_0.listing_type,l1_0.metadata,l1_0.owner_id,l1_0.status,l1_0.tags,l1_0.tenant_id,l1_0.title,l1_0.updated_at from listings l1_0 where l1_0.tenant_id=?
2026-04-29T21:24:24.664+08:00 DEBUG 53697 --- [nextkey-ecommerce] [           main] org.hibernate.SQL                        : select u1_0.id,u1_0.avatar_url,u1_0.created_at,u1_0.email,u1_0.email_verified,u1_0.full_name,u1_0.kyc_id_card_back_url,u1_0.kyc_id_card_front_url,u1_0.kyc_id_number_encrypted,u1_0.kyc_status,u1_0.last_login_at,u1_0.metadata,u1_0.password_hash,u1_0.phone,u1_0.phone_verified,u1_0.role,u1_0.status,u1_0.tenant_id,u1_0.updated_at from users u1_0 where u1_0.tenant_id=?
Hibernate: select u1_0.id,u1_0.avatar_url,u1_0.created_at,u1_0.email,u1_0.email_verified,u1_0.full_name,u1_0.kyc_id_card_back_url,u1_0.kyc_id_card_front_url,u1_0.kyc_id_number_encrypted,u1_0.kyc_status,u1_0.last_login_at,u1_0.metadata,u1_0.password_hash,u1_0.phone,u1_0.phone_verified,u1_0.role,u1_0.status,u1_0.tenant_id,u1_0.updated_at from users u1_0 where u1_0.tenant_id=?
2026-04-29T21:24:24.666+08:00 DEBUG 53697 --- [nextkey-ecommerce] [           main] org.hibernate.SQL                        : select l1_0.id,l1_0.base_price,l1_0.cover_image_url,l1_0.created_at,l1_0.currency,l1_0.description,l1_0.listing_type,l1_0.metadata,l1_0.owner_id,l1_0.status,l1_0.tags,l1_0.tenant_id,l1_0.title,l1_0.updated_at from listings l1_0 where l1_0.tenant_id=?
Hibernate: select l1_0.id,l1_0.base_price,l1_0.cover_image_url,l1_0.created_at,l1_0.currency,l1_0.description,l1_0.listing_type,l1_0.metadata,l1_0.owner_id,l1_0.status,l1_0.tags,l1_0.tenant_id,l1_0.title,l1_0.updated_at from listings l1_0 where l1_0.tenant_id=?
2026-04-29T21:24:24.668+08:00 DEBUG 53697 --- [nextkey-ecommerce] [           main] org.hibernate.SQL                        : select u1_0.id,u1_0.avatar_url,u1_0.created_at,u1_0.email,u1_0.email_verified,u1_0.full_name,u1_0.kyc_id_card_back_url,u1_0.kyc_id_card_front_url,u1_0.kyc_id_number_encrypted,u1_0.kyc_status,u1_0.last_login_at,u1_0.metadata,u1_0.password_hash,u1_0.phone,u1_0.phone_verified,u1_0.role,u1_0.status,u1_0.tenant_id,u1_0.updated_at from users u1_0 where u1_0.tenant_id=?
Hibernate: select u1_0.id,u1_0.avatar_url,u1_0.created_at,u1_0.email,u1_0.email_verified,u1_0.full_name,u1_0.kyc_id_card_back_url,u1_0.kyc_id_card_front_url,u1_0.kyc_id_number_encrypted,u1_0.kyc_status,u1_0.last_login_at,u1_0.metadata,u1_0.password_hash,u1_0.phone,u1_0.phone_verified,u1_0.role,u1_0.status,u1_0.tenant_id,u1_0.updated_at from users u1_0 where u1_0.tenant_id=?
2026-04-29T21:24:24.670+08:00 DEBUG 53697 --- [nextkey-ecommerce] [           main] org.hibernate.SQL                        : select l1_0.id,l1_0.base_price,l1_0.cover_image_url,l1_0.created_at,l1_0.currency,l1_0.description,l1_0.listing_type,l1_0.metadata,l1_0.owner_id,l1_0.status,l1_0.tags,l1_0.tenant_id,l1_0.title,l1_0.updated_at from listings l1_0 where l1_0.tenant_id=?
Hibernate: select l1_0.id,l1_0.base_price,l1_0.cover_image_url,l1_0.created_at,l1_0.currency,l1_0.description,l1_0.listing_type,l1_0.metadata,l1_0.owner_id,l1_0.status,l1_0.tags,l1_0.tenant_id,l1_0.title,l1_0.updated_at from listings l1_0 where l1_0.tenant_id=?
2026-04-29T21:24:24.672+08:00 DEBUG 53697 --- [nextkey-ecommerce] [           main] org.hibernate.SQL                        : select u1_0.id,u1_0.avatar_url,u1_0.created_at,u1_0.email,u1_0.email_verified,u1_0.full_name,u1_0.kyc_id_card_back_url,u1_0.kyc_id_card_front_url,u1_0.kyc_id_number_encrypted,u1_0.kyc_status,u1_0.last_login_at,u1_0.metadata,u1_0.password_hash,u1_0.phone,u1_0.phone_verified,u1_0.role,u1_0.status,u1_0.tenant_id,u1_0.updated_at from users u1_0 where u1_0.tenant_id=?
Hibernate: select u1_0.id,u1_0.avatar_url,u1_0.created_at,u1_0.email,u1_0.email_verified,u1_0.full_name,u1_0.kyc_id_card_back_url,u1_0.kyc_id_card_front_url,u1_0.kyc_id_number_encrypted,u1_0.kyc_status,u1_0.last_login_at,u1_0.metadata,u1_0.password_hash,u1_0.phone,u1_0.phone_verified,u1_0.role,u1_0.status,u1_0.tenant_id,u1_0.updated_at from users u1_0 where u1_0.tenant_id=?
2026-04-29T21:24:24.674+08:00 DEBUG 53697 --- [nextkey-ecommerce] [           main] org.hibernate.SQL                        : select l1_0.id,l1_0.base_price,l1_0.cover_image_url,l1_0.created_at,l1_0.currency,l1_0.description,l1_0.listing_type,l1_0.metadata,l1_0.owner_id,l1_0.status,l1_0.tags,l1_0.tenant_id,l1_0.title,l1_0.updated_at from listings l1_0 where l1_0.tenant_id=?
Hibernate: select l1_0.id,l1_0.base_price,l1_0.cover_image_url,l1_0.created_at,l1_0.currency,l1_0.description,l1_0.listing_type,l1_0.metadata,l1_0.owner_id,l1_0.status,l1_0.tags,l1_0.tenant_id,l1_0.title,l1_0.updated_at from listings l1_0 where l1_0.tenant_id=?
2026-04-29T21:24:24.676+08:00 DEBUG 53697 --- [nextkey-ecommerce] [           main] org.hibernate.SQL                        : select u1_0.id,u1_0.avatar_url,u1_0.created_at,u1_0.email,u1_0.email_verified,u1_0.full_name,u1_0.kyc_id_card_back_url,u1_0.kyc_id_card_front_url,u1_0.kyc_id_number_encrypted,u1_0.kyc_status,u1_0.last_login_at,u1_0.metadata,u1_0.password_hash,u1_0.phone,u1_0.phone_verified,u1_0.role,u1_0.status,u1_0.tenant_id,u1_0.updated_at from users u1_0 where u1_0.tenant_id=?
Hibernate: select u1_0.id,u1_0.avatar_url,u1_0.created_at,u1_0.email,u1_0.email_verified,u1_0.full_name,u1_0.kyc_id_card_back_url,u1_0.kyc_id_card_front_url,u1_0.kyc_id_number_encrypted,u1_0.kyc_status,u1_0.last_login_at,u1_0.metadata,u1_0.password_hash,u1_0.phone,u1_0.phone_verified,u1_0.role,u1_0.status,u1_0.tenant_id,u1_0.updated_at from users u1_0 where u1_0.tenant_id=?
2026-04-29T21:24:24.679+08:00 DEBUG 53697 --- [nextkey-ecommerce] [           main] org.hibernate.SQL                        : select l1_0.id,l1_0.base_price,l1_0.cover_image_url,l1_0.created_at,l1_0.currency,l1_0.description,l1_0.listing_type,l1_0.metadata,l1_0.owner_id,l1_0.status,l1_0.tags,l1_0.tenant_id,l1_0.title,l1_0.updated_at from listings l1_0 where l1_0.tenant_id=?
Hibernate: select l1_0.id,l1_0.base_price,l1_0.cover_image_url,l1_0.created_at,l1_0.currency,l1_0.description,l1_0.listing_type,l1_0.metadata,l1_0.owner_id,l1_0.status,l1_0.tags,l1_0.tenant_id,l1_0.title,l1_0.updated_at from listings l1_0 where l1_0.tenant_id=?
2026-04-29T21:24:24.681+08:00 DEBUG 53697 --- [nextkey-ecommerce] [           main] org.hibernate.SQL                        : select u1_0.id,u1_0.avatar_url,u1_0.created_at,u1_0.email,u1_0.email_verified,u1_0.full_name,u1_0.kyc_id_card_back_url,u1_0.kyc_id_card_front_url,u1_0.kyc_id_number_encrypted,u1_0.kyc_status,u1_0.last_login_at,u1_0.metadata,u1_0.password_hash,u1_0.phone,u1_0.phone_verified,u1_0.role,u1_0.status,u1_0.tenant_id,u1_0.updated_at from users u1_0 where u1_0.tenant_id=?
Hibernate: select u1_0.id,u1_0.avatar_url,u1_0.created_at,u1_0.email,u1_0.email_verified,u1_0.full_name,u1_0.kyc_id_card_back_url,u1_0.kyc_id_card_front_url,u1_0.kyc_id_number_encrypted,u1_0.kyc_status,u1_0.last_login_at,u1_0.metadata,u1_0.password_hash,u1_0.phone,u1_0.phone_verified,u1_0.role,u1_0.status,u1_0.tenant_id,u1_0.updated_at from users u1_0 where u1_0.tenant_id=?
2026-04-29T21:24:24.683+08:00 DEBUG 53697 --- [nextkey-ecommerce] [           main] org.hibernate.SQL                        : select l1_0.id,l1_0.base_price,l1_0.cover_image_url,l1_0.created_at,l1_0.currency,l1_0.description,l1_0.listing_type,l1_0.metadata,l1_0.owner_id,l1_0.status,l1_0.tags,l1_0.tenant_id,l1_0.title,l1_0.updated_at from listings l1_0 where l1_0.tenant_id=?
Hibernate: select l1_0.id,l1_0.base_price,l1_0.cover_image_url,l1_0.created_at,l1_0.currency,l1_0.description,l1_0.listing_type,l1_0.metadata,l1_0.owner_id,l1_0.status,l1_0.tags,l1_0.tenant_id,l1_0.title,l1_0.updated_at from listings l1_0 where l1_0.tenant_id=?
2026-04-29T21:24:24.685+08:00 DEBUG 53697 --- [nextkey-ecommerce] [           main] org.hibernate.SQL                        : select u1_0.id,u1_0.avatar_url,u1_0.created_at,u1_0.email,u1_0.email_verified,u1_0.full_name,u1_0.kyc_id_card_back_url,u1_0.kyc_id_card_front_url,u1_0.kyc_id_number_encrypted,u1_0.kyc_status,u1_0.last_login_at,u1_0.metadata,u1_0.password_hash,u1_0.phone,u1_0.phone_verified,u1_0.role,u1_0.status,u1_0.tenant_id,u1_0.updated_at from users u1_0 where u1_0.tenant_id=?
Hibernate: select u1_0.id,u1_0.avatar_url,u1_0.created_at,u1_0.email,u1_0.email_verified,u1_0.full_name,u1_0.kyc_id_card_back_url,u1_0.kyc_id_card_front_url,u1_0.kyc_id_number_encrypted,u1_0.kyc_status,u1_0.last_login_at,u1_0.metadata,u1_0.password_hash,u1_0.phone,u1_0.phone_verified,u1_0.role,u1_0.status,u1_0.tenant_id,u1_0.updated_at from users u1_0 where u1_0.tenant_id=?
2026-04-29T21:24:24.686+08:00 DEBUG 53697 --- [nextkey-ecommerce] [           main] org.hibernate.SQL                        : select l1_0.id,l1_0.base_price,l1_0.cover_image_url,l1_0.created_at,l1_0.currency,l1_0.description,l1_0.listing_type,l1_0.metadata,l1_0.owner_id,l1_0.status,l1_0.tags,l1_0.tenant_id,l1_0.title,l1_0.updated_at from listings l1_0 where l1_0.tenant_id=?
Hibernate: select l1_0.id,l1_0.base_price,l1_0.cover_image_url,l1_0.created_at,l1_0.currency,l1_0.description,l1_0.listing_type,l1_0.metadata,l1_0.owner_id,l1_0.status,l1_0.tags,l1_0.tenant_id,l1_0.title,l1_0.updated_at from listings l1_0 where l1_0.tenant_id=?
2026-04-29T21:24:24.688+08:00 DEBUG 53697 --- [nextkey-ecommerce] [           main] org.hibernate.SQL                        : select u1_0.id,u1_0.avatar_url,u1_0.created_at,u1_0.email,u1_0.email_verified,u1_0.full_name,u1_0.kyc_id_card_back_url,u1_0.kyc_id_card_front_url,u1_0.kyc_id_number_encrypted,u1_0.kyc_status,u1_0.last_login_at,u1_0.metadata,u1_0.password_hash,u1_0.phone,u1_0.phone_verified,u1_0.role,u1_0.status,u1_0.tenant_id,u1_0.updated_at from users u1_0 where u1_0.tenant_id=?
Hibernate: select u1_0.id,u1_0.avatar_url,u1_0.created_at,u1_0.email,u1_0.email_verified,u1_0.full_name,u1_0.kyc_id_card_back_url,u1_0.kyc_id_card_front_url,u1_0.kyc_id_number_encrypted,u1_0.kyc_status,u1_0.last_login_at,u1_0.metadata,u1_0.password_hash,u1_0.phone,u1_0.phone_verified,u1_0.role,u1_0.status,u1_0.tenant_id,u1_0.updated_at from users u1_0 where u1_0.tenant_id=?
2026-04-29T21:24:24.690+08:00 DEBUG 53697 --- [nextkey-ecommerce] [           main] org.hibernate.SQL                        : select l1_0.id,l1_0.base_price,l1_0.cover_image_url,l1_0.created_at,l1_0.currency,l1_0.description,l1_0.listing_type,l1_0.metadata,l1_0.owner_id,l1_0.status,l1_0.tags,l1_0.tenant_id,l1_0.title,l1_0.updated_at from listings l1_0 where l1_0.tenant_id=?
Hibernate: select l1_0.id,l1_0.base_price,l1_0.cover_image_url,l1_0.created_at,l1_0.currency,l1_0.description,l1_0.listing_type,l1_0.metadata,l1_0.owner_id,l1_0.status,l1_0.tags,l1_0.tenant_id,l1_0.title,l1_0.updated_at from listings l1_0 where l1_0.tenant_id=?
2026-04-29T21:24:24.692+08:00 DEBUG 53697 --- [nextkey-ecommerce] [           main] org.hibernate.SQL                        : select u1_0.id,u1_0.avatar_url,u1_0.created_at,u1_0.email,u1_0.email_verified,u1_0.full_name,u1_0.kyc_id_card_back_url,u1_0.kyc_id_card_front_url,u1_0.kyc_id_number_encrypted,u1_0.kyc_status,u1_0.last_login_at,u1_0.metadata,u1_0.password_hash,u1_0.phone,u1_0.phone_verified,u1_0.role,u1_0.status,u1_0.tenant_id,u1_0.updated_at from users u1_0 where u1_0.tenant_id=?
Hibernate: select u1_0.id,u1_0.avatar_url,u1_0.created_at,u1_0.email,u1_0.email_verified,u1_0.full_name,u1_0.kyc_id_card_back_url,u1_0.kyc_id_card_front_url,u1_0.kyc_id_number_encrypted,u1_0.kyc_status,u1_0.last_login_at,u1_0.metadata,u1_0.password_hash,u1_0.phone,u1_0.phone_verified,u1_0.role,u1_0.status,u1_0.tenant_id,u1_0.updated_at from users u1_0 where u1_0.tenant_id=?
2026-04-29T21:24:24.694+08:00 DEBUG 53697 --- [nextkey-ecommerce] [           main] org.hibernate.SQL                        : select l1_0.id,l1_0.base_price,l1_0.cover_image_url,l1_0.created_at,l1_0.currency,l1_0.description,l1_0.listing_type,l1_0.metadata,l1_0.owner_id,l1_0.status,l1_0.tags,l1_0.tenant_id,l1_0.title,l1_0.updated_at from listings l1_0 where l1_0.tenant_id=?
Hibernate: select l1_0.id,l1_0.base_price,l1_0.cover_image_url,l1_0.created_at,l1_0.currency,l1_0.description,l1_0.listing_type,l1_0.metadata,l1_0.owner_id,l1_0.status,l1_0.tags,l1_0.tenant_id,l1_0.title,l1_0.updated_at from listings l1_0 where l1_0.tenant_id=?
2026-04-29T21:24:24.696+08:00 DEBUG 53697 --- [nextkey-ecommerce] [           main] org.hibernate.SQL                        : select u1_0.id,u1_0.avatar_url,u1_0.created_at,u1_0.email,u1_0.email_verified,u1_0.full_name,u1_0.kyc_id_card_back_url,u1_0.kyc_id_card_front_url,u1_0.kyc_id_number_encrypted,u1_0.kyc_status,u1_0.last_login_at,u1_0.metadata,u1_0.password_hash,u1_0.phone,u1_0.phone_verified,u1_0.role,u1_0.status,u1_0.tenant_id,u1_0.updated_at from users u1_0 where u1_0.tenant_id=?
Hibernate: select u1_0.id,u1_0.avatar_url,u1_0.created_at,u1_0.email,u1_0.email_verified,u1_0.full_name,u1_0.kyc_id_card_back_url,u1_0.kyc_id_card_front_url,u1_0.kyc_id_number_encrypted,u1_0.kyc_status,u1_0.last_login_at,u1_0.metadata,u1_0.password_hash,u1_0.phone,u1_0.phone_verified,u1_0.role,u1_0.status,u1_0.tenant_id,u1_0.updated_at from users u1_0 where u1_0.tenant_id=?
2026-04-29T21:24:24.698+08:00 DEBUG 53697 --- [nextkey-ecommerce] [           main] org.hibernate.SQL                        : select l1_0.id,l1_0.base_price,l1_0.cover_image_url,l1_0.created_at,l1_0.currency,l1_0.description,l1_0.listing_type,l1_0.metadata,l1_0.owner_id,l1_0.status,l1_0.tags,l1_0.tenant_id,l1_0.title,l1_0.updated_at from listings l1_0 where l1_0.tenant_id=?
Hibernate: select l1_0.id,l1_0.base_price,l1_0.cover_image_url,l1_0.created_at,l1_0.currency,l1_0.description,l1_0.listing_type,l1_0.metadata,l1_0.owner_id,l1_0.status,l1_0.tags,l1_0.tenant_id,l1_0.title,l1_0.updated_at from listings l1_0 where l1_0.tenant_id=?
2026-04-29T21:24:24.700+08:00 DEBUG 53697 --- [nextkey-ecommerce] [           main] org.hibernate.SQL                        : select u1_0.id,u1_0.avatar_url,u1_0.created_at,u1_0.email,u1_0.email_verified,u1_0.full_name,u1_0.kyc_id_card_back_url,u1_0.kyc_id_card_front_url,u1_0.kyc_id_number_encrypted,u1_0.kyc_status,u1_0.last_login_at,u1_0.metadata,u1_0.password_hash,u1_0.phone,u1_0.phone_verified,u1_0.role,u1_0.status,u1_0.tenant_id,u1_0.updated_at from users u1_0 where u1_0.tenant_id=?
Hibernate: select u1_0.id,u1_0.avatar_url,u1_0.created_at,u1_0.email,u1_0.email_verified,u1_0.full_name,u1_0.kyc_id_card_back_url,u1_0.kyc_id_card_front_url,u1_0.kyc_id_number_encrypted,u1_0.kyc_status,u1_0.last_login_at,u1_0.metadata,u1_0.password_hash,u1_0.phone,u1_0.phone_verified,u1_0.role,u1_0.status,u1_0.tenant_id,u1_0.updated_at from users u1_0 where u1_0.tenant_id=?
2026-04-29T21:24:24.701+08:00 DEBUG 53697 --- [nextkey-ecommerce] [           main] org.hibernate.SQL                        : select l1_0.id,l1_0.base_price,l1_0.cover_image_url,l1_0.created_at,l1_0.currency,l1_0.description,l1_0.listing_type,l1_0.metadata,l1_0.owner_id,l1_0.status,l1_0.tags,l1_0.tenant_id,l1_0.title,l1_0.updated_at from listings l1_0 where l1_0.tenant_id=?
Hibernate: select l1_0.id,l1_0.base_price,l1_0.cover_image_url,l1_0.created_at,l1_0.currency,l1_0.description,l1_0.listing_type,l1_0.metadata,l1_0.owner_id,l1_0.status,l1_0.tags,l1_0.tenant_id,l1_0.title,l1_0.updated_at from listings l1_0 where l1_0.tenant_id=?
2026-04-29T21:24:24.704+08:00 DEBUG 53697 --- [nextkey-ecommerce] [           main] org.hibernate.SQL                        : select u1_0.id,u1_0.avatar_url,u1_0.created_at,u1_0.email,u1_0.email_verified,u1_0.full_name,u1_0.kyc_id_card_back_url,u1_0.kyc_id_card_front_url,u1_0.kyc_id_number_encrypted,u1_0.kyc_status,u1_0.last_login_at,u1_0.metadata,u1_0.password_hash,u1_0.phone,u1_0.phone_verified,u1_0.role,u1_0.status,u1_0.tenant_id,u1_0.updated_at from users u1_0 where u1_0.tenant_id=?
Hibernate: select u1_0.id,u1_0.avatar_url,u1_0.created_at,u1_0.email,u1_0.email_verified,u1_0.full_name,u1_0.kyc_id_card_back_url,u1_0.kyc_id_card_front_url,u1_0.kyc_id_number_encrypted,u1_0.kyc_status,u1_0.last_login_at,u1_0.metadata,u1_0.password_hash,u1_0.phone,u1_0.phone_verified,u1_0.role,u1_0.status,u1_0.tenant_id,u1_0.updated_at from users u1_0 where u1_0.tenant_id=?
2026-04-29T21:24:24.705+08:00 DEBUG 53697 --- [nextkey-ecommerce] [           main] org.hibernate.SQL                        : select l1_0.id,l1_0.base_price,l1_0.cover_image_url,l1_0.created_at,l1_0.currency,l1_0.description,l1_0.listing_type,l1_0.metadata,l1_0.owner_id,l1_0.status,l1_0.tags,l1_0.tenant_id,l1_0.title,l1_0.updated_at from listings l1_0 where l1_0.tenant_id=?
Hibernate: select l1_0.id,l1_0.base_price,l1_0.cover_image_url,l1_0.created_at,l1_0.currency,l1_0.description,l1_0.listing_type,l1_0.metadata,l1_0.owner_id,l1_0.status,l1_0.tags,l1_0.tenant_id,l1_0.title,l1_0.updated_at from listings l1_0 where l1_0.tenant_id=?
2026-04-29T21:24:24.707+08:00 DEBUG 53697 --- [nextkey-ecommerce] [           main] org.hibernate.SQL                        : select u1_0.id,u1_0.avatar_url,u1_0.created_at,u1_0.email,u1_0.email_verified,u1_0.full_name,u1_0.kyc_id_card_back_url,u1_0.kyc_id_card_front_url,u1_0.kyc_id_number_encrypted,u1_0.kyc_status,u1_0.last_login_at,u1_0.metadata,u1_0.password_hash,u1_0.phone,u1_0.phone_verified,u1_0.role,u1_0.status,u1_0.tenant_id,u1_0.updated_at from users u1_0 where u1_0.tenant_id=?
Hibernate: select u1_0.id,u1_0.avatar_url,u1_0.created_at,u1_0.email,u1_0.email_verified,u1_0.full_name,u1_0.kyc_id_card_back_url,u1_0.kyc_id_card_front_url,u1_0.kyc_id_number_encrypted,u1_0.kyc_status,u1_0.last_login_at,u1_0.metadata,u1_0.password_hash,u1_0.phone,u1_0.phone_verified,u1_0.role,u1_0.status,u1_0.tenant_id,u1_0.updated_at from users u1_0 where u1_0.tenant_id=?
2026-04-29T21:24:24.709+08:00 DEBUG 53697 --- [nextkey-ecommerce] [           main] org.hibernate.SQL                        : select l1_0.id,l1_0.base_price,l1_0.cover_image_url,l1_0.created_at,l1_0.currency,l1_0.description,l1_0.listing_type,l1_0.metadata,l1_0.owner_id,l1_0.status,l1_0.tags,l1_0.tenant_id,l1_0.title,l1_0.updated_at from listings l1_0 where l1_0.tenant_id=?
Hibernate: select l1_0.id,l1_0.base_price,l1_0.cover_image_url,l1_0.created_at,l1_0.currency,l1_0.description,l1_0.listing_type,l1_0.metadata,l1_0.owner_id,l1_0.status,l1_0.tags,l1_0.tenant_id,l1_0.title,l1_0.updated_at from listings l1_0 where l1_0.tenant_id=?
2026-04-29T21:24:24.711+08:00 DEBUG 53697 --- [nextkey-ecommerce] [           main] org.hibernate.SQL                        : select u1_0.id,u1_0.avatar_url,u1_0.created_at,u1_0.email,u1_0.email_verified,u1_0.full_name,u1_0.kyc_id_card_back_url,u1_0.kyc_id_card_front_url,u1_0.kyc_id_number_encrypted,u1_0.kyc_status,u1_0.last_login_at,u1_0.metadata,u1_0.password_hash,u1_0.phone,u1_0.phone_verified,u1_0.role,u1_0.status,u1_0.tenant_id,u1_0.updated_at from users u1_0 where u1_0.tenant_id=?
Hibernate: select u1_0.id,u1_0.avatar_url,u1_0.created_at,u1_0.email,u1_0.email_verified,u1_0.full_name,u1_0.kyc_id_card_back_url,u1_0.kyc_id_card_front_url,u1_0.kyc_id_number_encrypted,u1_0.kyc_status,u1_0.last_login_at,u1_0.metadata,u1_0.password_hash,u1_0.phone,u1_0.phone_verified,u1_0.role,u1_0.status,u1_0.tenant_id,u1_0.updated_at from users u1_0 where u1_0.tenant_id=?
2026-04-29T21:24:24.713+08:00 DEBUG 53697 --- [nextkey-ecommerce] [           main] org.hibernate.SQL                        : select l1_0.id,l1_0.base_price,l1_0.cover_image_url,l1_0.created_at,l1_0.currency,l1_0.description,l1_0.listing_type,l1_0.metadata,l1_0.owner_id,l1_0.status,l1_0.tags,l1_0.tenant_id,l1_0.title,l1_0.updated_at from listings l1_0 where l1_0.tenant_id=?
Hibernate: select l1_0.id,l1_0.base_price,l1_0.cover_image_url,l1_0.created_at,l1_0.currency,l1_0.description,l1_0.listing_type,l1_0.metadata,l1_0.owner_id,l1_0.status,l1_0.tags,l1_0.tenant_id,l1_0.title,l1_0.updated_at from listings l1_0 where l1_0.tenant_id=?
2026-04-29T21:24:24.715+08:00 DEBUG 53697 --- [nextkey-ecommerce] [           main] org.hibernate.SQL                        : select u1_0.id,u1_0.avatar_url,u1_0.created_at,u1_0.email,u1_0.email_verified,u1_0.full_name,u1_0.kyc_id_card_back_url,u1_0.kyc_id_card_front_url,u1_0.kyc_id_number_encrypted,u1_0.kyc_status,u1_0.last_login_at,u1_0.metadata,u1_0.password_hash,u1_0.phone,u1_0.phone_verified,u1_0.role,u1_0.status,u1_0.tenant_id,u1_0.updated_at from users u1_0 where u1_0.tenant_id=?
Hibernate: select u1_0.id,u1_0.avatar_url,u1_0.created_at,u1_0.email,u1_0.email_verified,u1_0.full_name,u1_0.kyc_id_card_back_url,u1_0.kyc_id_card_front_url,u1_0.kyc_id_number_encrypted,u1_0.kyc_status,u1_0.last_login_at,u1_0.metadata,u1_0.password_hash,u1_0.phone,u1_0.phone_verified,u1_0.role,u1_0.status,u1_0.tenant_id,u1_0.updated_at from users u1_0 where u1_0.tenant_id=?
2026-04-29T21:24:24.717+08:00 DEBUG 53697 --- [nextkey-ecommerce] [           main] org.hibernate.SQL                        : select l1_0.id,l1_0.base_price,l1_0.cover_image_url,l1_0.created_at,l1_0.currency,l1_0.description,l1_0.listing_type,l1_0.metadata,l1_0.owner_id,l1_0.status,l1_0.tags,l1_0.tenant_id,l1_0.title,l1_0.updated_at from listings l1_0 where l1_0.tenant_id=?
Hibernate: select l1_0.id,l1_0.base_price,l1_0.cover_image_url,l1_0.created_at,l1_0.currency,l1_0.description,l1_0.listing_type,l1_0.metadata,l1_0.owner_id,l1_0.status,l1_0.tags,l1_0.tenant_id,l1_0.title,l1_0.updated_at from listings l1_0 where l1_0.tenant_id=?
2026-04-29T21:24:24.719+08:00 DEBUG 53697 --- [nextkey-ecommerce] [           main] org.hibernate.SQL                        : select u1_0.id,u1_0.avatar_url,u1_0.created_at,u1_0.email,u1_0.email_verified,u1_0.full_name,u1_0.kyc_id_card_back_url,u1_0.kyc_id_card_front_url,u1_0.kyc_id_number_encrypted,u1_0.kyc_status,u1_0.last_login_at,u1_0.metadata,u1_0.password_hash,u1_0.phone,u1_0.phone_verified,u1_0.role,u1_0.status,u1_0.tenant_id,u1_0.updated_at from users u1_0 where u1_0.tenant_id=?
Hibernate: select u1_0.id,u1_0.avatar_url,u1_0.created_at,u1_0.email,u1_0.email_verified,u1_0.full_name,u1_0.kyc_id_card_back_url,u1_0.kyc_id_card_front_url,u1_0.kyc_id_number_encrypted,u1_0.kyc_status,u1_0.last_login_at,u1_0.metadata,u1_0.password_hash,u1_0.phone,u1_0.phone_verified,u1_0.role,u1_0.status,u1_0.tenant_id,u1_0.updated_at from users u1_0 where u1_0.tenant_id=?
2026-04-29T21:24:24.720+08:00 DEBUG 53697 --- [nextkey-ecommerce] [           main] org.hibernate.SQL                        : select l1_0.id,l1_0.base_price,l1_0.cover_image_url,l1_0.created_at,l1_0.currency,l1_0.description,l1_0.listing_type,l1_0.metadata,l1_0.owner_id,l1_0.status,l1_0.tags,l1_0.tenant_id,l1_0.title,l1_0.updated_at from listings l1_0 where l1_0.tenant_id=?
Hibernate: select l1_0.id,l1_0.base_price,l1_0.cover_image_url,l1_0.created_at,l1_0.currency,l1_0.description,l1_0.listing_type,l1_0.metadata,l1_0.owner_id,l1_0.status,l1_0.tags,l1_0.tenant_id,l1_0.title,l1_0.updated_at from listings l1_0 where l1_0.tenant_id=?
2026-04-29T21:24:24.722+08:00 DEBUG 53697 --- [nextkey-ecommerce] [           main] org.hibernate.SQL                        : select u1_0.id,u1_0.avatar_url,u1_0.created_at,u1_0.email,u1_0.email_verified,u1_0.full_name,u1_0.kyc_id_card_back_url,u1_0.kyc_id_card_front_url,u1_0.kyc_id_number_encrypted,u1_0.kyc_status,u1_0.last_login_at,u1_0.metadata,u1_0.password_hash,u1_0.phone,u1_0.phone_verified,u1_0.role,u1_0.status,u1_0.tenant_id,u1_0.updated_at from users u1_0 where u1_0.tenant_id=?
Hibernate: select u1_0.id,u1_0.avatar_url,u1_0.created_at,u1_0.email,u1_0.email_verified,u1_0.full_name,u1_0.kyc_id_card_back_url,u1_0.kyc_id_card_front_url,u1_0.kyc_id_number_encrypted,u1_0.kyc_status,u1_0.last_login_at,u1_0.metadata,u1_0.password_hash,u1_0.phone,u1_0.phone_verified,u1_0.role,u1_0.status,u1_0.tenant_id,u1_0.updated_at from users u1_0 where u1_0.tenant_id=?
2026-04-29T21:24:24.723+08:00 DEBUG 53697 --- [nextkey-ecommerce] [           main] org.hibernate.SQL                        : select l1_0.id,l1_0.base_price,l1_0.cover_image_url,l1_0.created_at,l1_0.currency,l1_0.description,l1_0.listing_type,l1_0.metadata,l1_0.owner_id,l1_0.status,l1_0.tags,l1_0.tenant_id,l1_0.title,l1_0.updated_at from listings l1_0 where l1_0.tenant_id=?
Hibernate: select l1_0.id,l1_0.base_price,l1_0.cover_image_url,l1_0.created_at,l1_0.currency,l1_0.description,l1_0.listing_type,l1_0.metadata,l1_0.owner_id,l1_0.status,l1_0.tags,l1_0.tenant_id,l1_0.title,l1_0.updated_at from listings l1_0 where l1_0.tenant_id=?
2026-04-29T21:24:24.725+08:00 DEBUG 53697 --- [nextkey-ecommerce] [           main] org.hibernate.SQL                        : select u1_0.id,u1_0.avatar_url,u1_0.created_at,u1_0.email,u1_0.email_verified,u1_0.full_name,u1_0.kyc_id_card_back_url,u1_0.kyc_id_card_front_url,u1_0.kyc_id_number_encrypted,u1_0.kyc_status,u1_0.last_login_at,u1_0.metadata,u1_0.password_hash,u1_0.phone,u1_0.phone_verified,u1_0.role,u1_0.status,u1_0.tenant_id,u1_0.updated_at from users u1_0 where u1_0.tenant_id=?
Hibernate: select u1_0.id,u1_0.avatar_url,u1_0.created_at,u1_0.email,u1_0.email_verified,u1_0.full_name,u1_0.kyc_id_card_back_url,u1_0.kyc_id_card_front_url,u1_0.kyc_id_number_encrypted,u1_0.kyc_status,u1_0.last_login_at,u1_0.metadata,u1_0.password_hash,u1_0.phone,u1_0.phone_verified,u1_0.role,u1_0.status,u1_0.tenant_id,u1_0.updated_at from users u1_0 where u1_0.tenant_id=?
2026-04-29T21:24:24.727+08:00 DEBUG 53697 --- [nextkey-ecommerce] [           main] org.hibernate.SQL                        : select l1_0.id,l1_0.base_price,l1_0.cover_image_url,l1_0.created_at,l1_0.currency,l1_0.description,l1_0.listing_type,l1_0.metadata,l1_0.owner_id,l1_0.status,l1_0.tags,l1_0.tenant_id,l1_0.title,l1_0.updated_at from listings l1_0 where l1_0.tenant_id=?
Hibernate: select l1_0.id,l1_0.base_price,l1_0.cover_image_url,l1_0.created_at,l1_0.currency,l1_0.description,l1_0.listing_type,l1_0.metadata,l1_0.owner_id,l1_0.status,l1_0.tags,l1_0.tenant_id,l1_0.title,l1_0.updated_at from listings l1_0 where l1_0.tenant_id=?
2026-04-29T21:24:24.729+08:00 DEBUG 53697 --- [nextkey-ecommerce] [           main] org.hibernate.SQL                        : select u1_0.id,u1_0.avatar_url,u1_0.created_at,u1_0.email,u1_0.email_verified,u1_0.full_name,u1_0.kyc_id_card_back_url,u1_0.kyc_id_card_front_url,u1_0.kyc_id_number_encrypted,u1_0.kyc_status,u1_0.last_login_at,u1_0.metadata,u1_0.password_hash,u1_0.phone,u1_0.phone_verified,u1_0.role,u1_0.status,u1_0.tenant_id,u1_0.updated_at from users u1_0 where u1_0.tenant_id=?
Hibernate: select u1_0.id,u1_0.avatar_url,u1_0.created_at,u1_0.email,u1_0.email_verified,u1_0.full_name,u1_0.kyc_id_card_back_url,u1_0.kyc_id_card_front_url,u1_0.kyc_id_number_encrypted,u1_0.kyc_status,u1_0.last_login_at,u1_0.metadata,u1_0.password_hash,u1_0.phone,u1_0.phone_verified,u1_0.role,u1_0.status,u1_0.tenant_id,u1_0.updated_at from users u1_0 where u1_0.tenant_id=?
2026-04-29T21:24:24.732+08:00 DEBUG 53697 --- [nextkey-ecommerce] [           main] org.hibernate.SQL                        : select l1_0.id,l1_0.base_price,l1_0.cover_image_url,l1_0.created_at,l1_0.currency,l1_0.description,l1_0.listing_type,l1_0.metadata,l1_0.owner_id,l1_0.status,l1_0.tags,l1_0.tenant_id,l1_0.title,l1_0.updated_at from listings l1_0 where l1_0.tenant_id=?
Hibernate: select l1_0.id,l1_0.base_price,l1_0.cover_image_url,l1_0.created_at,l1_0.currency,l1_0.description,l1_0.listing_type,l1_0.metadata,l1_0.owner_id,l1_0.status,l1_0.tags,l1_0.tenant_id,l1_0.title,l1_0.updated_at from listings l1_0 where l1_0.tenant_id=?
2026-04-29T21:24:24.735+08:00 DEBUG 53697 --- [nextkey-ecommerce] [           main] org.hibernate.SQL                        : select u1_0.id,u1_0.avatar_url,u1_0.created_at,u1_0.email,u1_0.email_verified,u1_0.full_name,u1_0.kyc_id_card_back_url,u1_0.kyc_id_card_front_url,u1_0.kyc_id_number_encrypted,u1_0.kyc_status,u1_0.last_login_at,u1_0.metadata,u1_0.password_hash,u1_0.phone,u1_0.phone_verified,u1_0.role,u1_0.status,u1_0.tenant_id,u1_0.updated_at from users u1_0 where u1_0.tenant_id=?
Hibernate: select u1_0.id,u1_0.avatar_url,u1_0.created_at,u1_0.email,u1_0.email_verified,u1_0.full_name,u1_0.kyc_id_card_back_url,u1_0.kyc_id_card_front_url,u1_0.kyc_id_number_encrypted,u1_0.kyc_status,u1_0.last_login_at,u1_0.metadata,u1_0.password_hash,u1_0.phone,u1_0.phone_verified,u1_0.role,u1_0.status,u1_0.tenant_id,u1_0.updated_at from users u1_0 where u1_0.tenant_id=?
2026-04-29T21:24:24.738+08:00 DEBUG 53697 --- [nextkey-ecommerce] [           main] org.hibernate.SQL                        : select l1_0.id,l1_0.base_price,l1_0.cover_image_url,l1_0.created_at,l1_0.currency,l1_0.description,l1_0.listing_type,l1_0.metadata,l1_0.owner_id,l1_0.status,l1_0.tags,l1_0.tenant_id,l1_0.title,l1_0.updated_at from listings l1_0 where l1_0.tenant_id=?
Hibernate: select l1_0.id,l1_0.base_price,l1_0.cover_image_url,l1_0.created_at,l1_0.currency,l1_0.description,l1_0.listing_type,l1_0.metadata,l1_0.owner_id,l1_0.status,l1_0.tags,l1_0.tenant_id,l1_0.title,l1_0.updated_at from listings l1_0 where l1_0.tenant_id=?
2026-04-29T21:24:24.741+08:00 DEBUG 53697 --- [nextkey-ecommerce] [           main] org.hibernate.SQL                        : select u1_0.id,u1_0.avatar_url,u1_0.created_at,u1_0.email,u1_0.email_verified,u1_0.full_name,u1_0.kyc_id_card_back_url,u1_0.kyc_id_card_front_url,u1_0.kyc_id_number_encrypted,u1_0.kyc_status,u1_0.last_login_at,u1_0.metadata,u1_0.password_hash,u1_0.phone,u1_0.phone_verified,u1_0.role,u1_0.status,u1_0.tenant_id,u1_0.updated_at from users u1_0 where u1_0.tenant_id=?
Hibernate: select u1_0.id,u1_0.avatar_url,u1_0.created_at,u1_0.email,u1_0.email_verified,u1_0.full_name,u1_0.kyc_id_card_back_url,u1_0.kyc_id_card_front_url,u1_0.kyc_id_number_encrypted,u1_0.kyc_status,u1_0.last_login_at,u1_0.metadata,u1_0.password_hash,u1_0.phone,u1_0.phone_verified,u1_0.role,u1_0.status,u1_0.tenant_id,u1_0.updated_at from users u1_0 where u1_0.tenant_id=?
2026-04-29T21:24:24.744+08:00 DEBUG 53697 --- [nextkey-ecommerce] [           main] org.hibernate.SQL                        : select l1_0.id,l1_0.base_price,l1_0.cover_image_url,l1_0.created_at,l1_0.currency,l1_0.description,l1_0.listing_type,l1_0.metadata,l1_0.owner_id,l1_0.status,l1_0.tags,l1_0.tenant_id,l1_0.title,l1_0.updated_at from listings l1_0 where l1_0.tenant_id=?
Hibernate: select l1_0.id,l1_0.base_price,l1_0.cover_image_url,l1_0.created_at,l1_0.currency,l1_0.description,l1_0.listing_type,l1_0.metadata,l1_0.owner_id,l1_0.status,l1_0.tags,l1_0.tenant_id,l1_0.title,l1_0.updated_at from listings l1_0 where l1_0.tenant_id=?
2026-04-29T21:24:24.748+08:00 DEBUG 53697 --- [nextkey-ecommerce] [           main] org.hibernate.SQL                        : select u1_0.id,u1_0.avatar_url,u1_0.created_at,u1_0.email,u1_0.email_verified,u1_0.full_name,u1_0.kyc_id_card_back_url,u1_0.kyc_id_card_front_url,u1_0.kyc_id_number_encrypted,u1_0.kyc_status,u1_0.last_login_at,u1_0.metadata,u1_0.password_hash,u1_0.phone,u1_0.phone_verified,u1_0.role,u1_0.status,u1_0.tenant_id,u1_0.updated_at from users u1_0 where u1_0.tenant_id=?
Hibernate: select u1_0.id,u1_0.avatar_url,u1_0.created_at,u1_0.email,u1_0.email_verified,u1_0.full_name,u1_0.kyc_id_card_back_url,u1_0.kyc_id_card_front_url,u1_0.kyc_id_number_encrypted,u1_0.kyc_status,u1_0.last_login_at,u1_0.metadata,u1_0.password_hash,u1_0.phone,u1_0.phone_verified,u1_0.role,u1_0.status,u1_0.tenant_id,u1_0.updated_at from users u1_0 where u1_0.tenant_id=?
2026-04-29T21:24:24.749+08:00 DEBUG 53697 --- [nextkey-ecommerce] [           main] org.hibernate.SQL                        : select l1_0.id,l1_0.base_price,l1_0.cover_image_url,l1_0.created_at,l1_0.currency,l1_0.description,l1_0.listing_type,l1_0.metadata,l1_0.owner_id,l1_0.status,l1_0.tags,l1_0.tenant_id,l1_0.title,l1_0.updated_at from listings l1_0 where l1_0.tenant_id=?
Hibernate: select l1_0.id,l1_0.base_price,l1_0.cover_image_url,l1_0.created_at,l1_0.currency,l1_0.description,l1_0.listing_type,l1_0.metadata,l1_0.owner_id,l1_0.status,l1_0.tags,l1_0.tenant_id,l1_0.title,l1_0.updated_at from listings l1_0 where l1_0.tenant_id=?
2026-04-29T21:24:24.751+08:00 DEBUG 53697 --- [nextkey-ecommerce] [           main] org.hibernate.SQL                        : select u1_0.id,u1_0.avatar_url,u1_0.created_at,u1_0.email,u1_0.email_verified,u1_0.full_name,u1_0.kyc_id_card_back_url,u1_0.kyc_id_card_front_url,u1_0.kyc_id_number_encrypted,u1_0.kyc_status,u1_0.last_login_at,u1_0.metadata,u1_0.password_hash,u1_0.phone,u1_0.phone_verified,u1_0.role,u1_0.status,u1_0.tenant_id,u1_0.updated_at from users u1_0 where u1_0.tenant_id=?
Hibernate: select u1_0.id,u1_0.avatar_url,u1_0.created_at,u1_0.email,u1_0.email_verified,u1_0.full_name,u1_0.kyc_id_card_back_url,u1_0.kyc_id_card_front_url,u1_0.kyc_id_number_encrypted,u1_0.kyc_status,u1_0.last_login_at,u1_0.metadata,u1_0.password_hash,u1_0.phone,u1_0.phone_verified,u1_0.role,u1_0.status,u1_0.tenant_id,u1_0.updated_at from users u1_0 where u1_0.tenant_id=?
2026-04-29T21:24:24.753+08:00 DEBUG 53697 --- [nextkey-ecommerce] [           main] org.hibernate.SQL                        : select l1_0.id,l1_0.base_price,l1_0.cover_image_url,l1_0.created_at,l1_0.currency,l1_0.description,l1_0.listing_type,l1_0.metadata,l1_0.owner_id,l1_0.status,l1_0.tags,l1_0.tenant_id,l1_0.title,l1_0.updated_at from listings l1_0 where l1_0.tenant_id=?
Hibernate: select l1_0.id,l1_0.base_price,l1_0.cover_image_url,l1_0.created_at,l1_0.currency,l1_0.description,l1_0.listing_type,l1_0.metadata,l1_0.owner_id,l1_0.status,l1_0.tags,l1_0.tenant_id,l1_0.title,l1_0.updated_at from listings l1_0 where l1_0.tenant_id=?
2026-04-29T21:24:24.757+08:00 DEBUG 53697 --- [nextkey-ecommerce] [           main] org.hibernate.SQL                        : select u1_0.id,u1_0.avatar_url,u1_0.created_at,u1_0.email,u1_0.email_verified,u1_0.full_name,u1_0.kyc_id_card_back_url,u1_0.kyc_id_card_front_url,u1_0.kyc_id_number_encrypted,u1_0.kyc_status,u1_0.last_login_at,u1_0.metadata,u1_0.password_hash,u1_0.phone,u1_0.phone_verified,u1_0.role,u1_0.status,u1_0.tenant_id,u1_0.updated_at from users u1_0 where u1_0.tenant_id=?
Hibernate: select u1_0.id,u1_0.avatar_url,u1_0.created_at,u1_0.email,u1_0.email_verified,u1_0.full_name,u1_0.kyc_id_card_back_url,u1_0.kyc_id_card_front_url,u1_0.kyc_id_number_encrypted,u1_0.kyc_status,u1_0.last_login_at,u1_0.metadata,u1_0.password_hash,u1_0.phone,u1_0.phone_verified,u1_0.role,u1_0.status,u1_0.tenant_id,u1_0.updated_at from users u1_0 where u1_0.tenant_id=?
2026-04-29T21:24:24.760+08:00 DEBUG 53697 --- [nextkey-ecommerce] [           main] org.hibernate.SQL                        : select l1_0.id,l1_0.base_price,l1_0.cover_image_url,l1_0.created_at,l1_0.currency,l1_0.description,l1_0.listing_type,l1_0.metadata,l1_0.owner_id,l1_0.status,l1_0.tags,l1_0.tenant_id,l1_0.title,l1_0.updated_at from listings l1_0 where l1_0.tenant_id=?
Hibernate: select l1_0.id,l1_0.base_price,l1_0.cover_image_url,l1_0.created_at,l1_0.currency,l1_0.description,l1_0.listing_type,l1_0.metadata,l1_0.owner_id,l1_0.status,l1_0.tags,l1_0.tenant_id,l1_0.title,l1_0.updated_at from listings l1_0 where l1_0.tenant_id=?
2026-04-29T21:24:24.762+08:00 DEBUG 53697 --- [nextkey-ecommerce] [           main] org.hibernate.SQL                        : select u1_0.id,u1_0.avatar_url,u1_0.created_at,u1_0.email,u1_0.email_verified,u1_0.full_name,u1_0.kyc_id_card_back_url,u1_0.kyc_id_card_front_url,u1_0.kyc_id_number_encrypted,u1_0.kyc_status,u1_0.last_login_at,u1_0.metadata,u1_0.password_hash,u1_0.phone,u1_0.phone_verified,u1_0.role,u1_0.status,u1_0.tenant_id,u1_0.updated_at from users u1_0 where u1_0.tenant_id=?
Hibernate: select u1_0.id,u1_0.avatar_url,u1_0.created_at,u1_0.email,u1_0.email_verified,u1_0.full_name,u1_0.kyc_id_card_back_url,u1_0.kyc_id_card_front_url,u1_0.kyc_id_number_encrypted,u1_0.kyc_status,u1_0.last_login_at,u1_0.metadata,u1_0.password_hash,u1_0.phone,u1_0.phone_verified,u1_0.role,u1_0.status,u1_0.tenant_id,u1_0.updated_at from users u1_0 where u1_0.tenant_id=?
2026-04-29T21:24:24.764+08:00 DEBUG 53697 --- [nextkey-ecommerce] [           main] org.hibernate.SQL                        : select l1_0.id,l1_0.base_price,l1_0.cover_image_url,l1_0.created_at,l1_0.currency,l1_0.description,l1_0.listing_type,l1_0.metadata,l1_0.owner_id,l1_0.status,l1_0.tags,l1_0.tenant_id,l1_0.title,l1_0.updated_at from listings l1_0 where l1_0.tenant_id=?
Hibernate: select l1_0.id,l1_0.base_price,l1_0.cover_image_url,l1_0.created_at,l1_0.currency,l1_0.description,l1_0.listing_type,l1_0.metadata,l1_0.owner_id,l1_0.status,l1_0.tags,l1_0.tenant_id,l1_0.title,l1_0.updated_at from listings l1_0 where l1_0.tenant_id=?
2026-04-29T21:24:24.766+08:00 DEBUG 53697 --- [nextkey-ecommerce] [           main] org.hibernate.SQL                        : select u1_0.id,u1_0.avatar_url,u1_0.created_at,u1_0.email,u1_0.email_verified,u1_0.full_name,u1_0.kyc_id_card_back_url,u1_0.kyc_id_card_front_url,u1_0.kyc_id_number_encrypted,u1_0.kyc_status,u1_0.last_login_at,u1_0.metadata,u1_0.password_hash,u1_0.phone,u1_0.phone_verified,u1_0.role,u1_0.status,u1_0.tenant_id,u1_0.updated_at from users u1_0 where u1_0.tenant_id=?
Hibernate: select u1_0.id,u1_0.avatar_url,u1_0.created_at,u1_0.email,u1_0.email_verified,u1_0.full_name,u1_0.kyc_id_card_back_url,u1_0.kyc_id_card_front_url,u1_0.kyc_id_number_encrypted,u1_0.kyc_status,u1_0.last_login_at,u1_0.metadata,u1_0.password_hash,u1_0.phone,u1_0.phone_verified,u1_0.role,u1_0.status,u1_0.tenant_id,u1_0.updated_at from users u1_0 where u1_0.tenant_id=?
2026-04-29T21:24:24.768+08:00 DEBUG 53697 --- [nextkey-ecommerce] [           main] org.hibernate.SQL                        : select l1_0.id,l1_0.base_price,l1_0.cover_image_url,l1_0.created_at,l1_0.currency,l1_0.description,l1_0.listing_type,l1_0.metadata,l1_0.owner_id,l1_0.status,l1_0.tags,l1_0.tenant_id,l1_0.title,l1_0.updated_at from listings l1_0 where l1_0.tenant_id=?
Hibernate: select l1_0.id,l1_0.base_price,l1_0.cover_image_url,l1_0.created_at,l1_0.currency,l1_0.description,l1_0.listing_type,l1_0.metadata,l1_0.owner_id,l1_0.status,l1_0.tags,l1_0.tenant_id,l1_0.title,l1_0.updated_at from listings l1_0 where l1_0.tenant_id=?
2026-04-29T21:24:24.770+08:00 DEBUG 53697 --- [nextkey-ecommerce] [           main] org.hibernate.SQL                        : select u1_0.id,u1_0.avatar_url,u1_0.created_at,u1_0.email,u1_0.email_verified,u1_0.full_name,u1_0.kyc_id_card_back_url,u1_0.kyc_id_card_front_url,u1_0.kyc_id_number_encrypted,u1_0.kyc_status,u1_0.last_login_at,u1_0.metadata,u1_0.password_hash,u1_0.phone,u1_0.phone_verified,u1_0.role,u1_0.status,u1_0.tenant_id,u1_0.updated_at from users u1_0 where u1_0.tenant_id=?
Hibernate: select u1_0.id,u1_0.avatar_url,u1_0.created_at,u1_0.email,u1_0.email_verified,u1_0.full_name,u1_0.kyc_id_card_back_url,u1_0.kyc_id_card_front_url,u1_0.kyc_id_number_encrypted,u1_0.kyc_status,u1_0.last_login_at,u1_0.metadata,u1_0.password_hash,u1_0.phone,u1_0.phone_verified,u1_0.role,u1_0.status,u1_0.tenant_id,u1_0.updated_at from users u1_0 where u1_0.tenant_id=?
2026-04-29T21:24:24.772+08:00 DEBUG 53697 --- [nextkey-ecommerce] [           main] org.hibernate.SQL                        : select l1_0.id,l1_0.base_price,l1_0.cover_image_url,l1_0.created_at,l1_0.currency,l1_0.description,l1_0.listing_type,l1_0.metadata,l1_0.owner_id,l1_0.status,l1_0.tags,l1_0.tenant_id,l1_0.title,l1_0.updated_at from listings l1_0 where l1_0.tenant_id=?
Hibernate: select l1_0.id,l1_0.base_price,l1_0.cover_image_url,l1_0.created_at,l1_0.currency,l1_0.description,l1_0.listing_type,l1_0.metadata,l1_0.owner_id,l1_0.status,l1_0.tags,l1_0.tenant_id,l1_0.title,l1_0.updated_at from listings l1_0 where l1_0.tenant_id=?
2026-04-29T21:24:24.774+08:00 DEBUG 53697 --- [nextkey-ecommerce] [           main] org.hibernate.SQL                        : select u1_0.id,u1_0.avatar_url,u1_0.created_at,u1_0.email,u1_0.email_verified,u1_0.full_name,u1_0.kyc_id_card_back_url,u1_0.kyc_id_card_front_url,u1_0.kyc_id_number_encrypted,u1_0.kyc_status,u1_0.last_login_at,u1_0.metadata,u1_0.password_hash,u1_0.phone,u1_0.phone_verified,u1_0.role,u1_0.status,u1_0.tenant_id,u1_0.updated_at from users u1_0 where u1_0.tenant_id=?
Hibernate: select u1_0.id,u1_0.avatar_url,u1_0.created_at,u1_0.email,u1_0.email_verified,u1_0.full_name,u1_0.kyc_id_card_back_url,u1_0.kyc_id_card_front_url,u1_0.kyc_id_number_encrypted,u1_0.kyc_status,u1_0.last_login_at,u1_0.metadata,u1_0.password_hash,u1_0.phone,u1_0.phone_verified,u1_0.role,u1_0.status,u1_0.tenant_id,u1_0.updated_at from users u1_0 where u1_0.tenant_id=?
2026-04-29T21:24:24.778+08:00 DEBUG 53697 --- [nextkey-ecommerce] [           main] org.hibernate.SQL                        : select l1_0.id,l1_0.base_price,l1_0.cover_image_url,l1_0.created_at,l1_0.currency,l1_0.description,l1_0.listing_type,l1_0.metadata,l1_0.owner_id,l1_0.status,l1_0.tags,l1_0.tenant_id,l1_0.title,l1_0.updated_at from listings l1_0 where l1_0.tenant_id=?
Hibernate: select l1_0.id,l1_0.base_price,l1_0.cover_image_url,l1_0.created_at,l1_0.currency,l1_0.description,l1_0.listing_type,l1_0.metadata,l1_0.owner_id,l1_0.status,l1_0.tags,l1_0.tenant_id,l1_0.title,l1_0.updated_at from listings l1_0 where l1_0.tenant_id=?
2026-04-29T21:24:24.780+08:00 DEBUG 53697 --- [nextkey-ecommerce] [           main] org.hibernate.SQL                        : select u1_0.id,u1_0.avatar_url,u1_0.created_at,u1_0.email,u1_0.email_verified,u1_0.full_name,u1_0.kyc_id_card_back_url,u1_0.kyc_id_card_front_url,u1_0.kyc_id_number_encrypted,u1_0.kyc_status,u1_0.last_login_at,u1_0.metadata,u1_0.password_hash,u1_0.phone,u1_0.phone_verified,u1_0.role,u1_0.status,u1_0.tenant_id,u1_0.updated_at from users u1_0 where u1_0.tenant_id=?
Hibernate: select u1_0.id,u1_0.avatar_url,u1_0.created_at,u1_0.email,u1_0.email_verified,u1_0.full_name,u1_0.kyc_id_card_back_url,u1_0.kyc_id_card_front_url,u1_0.kyc_id_number_encrypted,u1_0.kyc_status,u1_0.last_login_at,u1_0.metadata,u1_0.password_hash,u1_0.phone,u1_0.phone_verified,u1_0.role,u1_0.status,u1_0.tenant_id,u1_0.updated_at from users u1_0 where u1_0.tenant_id=?
2026-04-29T21:24:24.782+08:00 DEBUG 53697 --- [nextkey-ecommerce] [           main] org.hibernate.SQL                        : select l1_0.id,l1_0.base_price,l1_0.cover_image_url,l1_0.created_at,l1_0.currency,l1_0.description,l1_0.listing_type,l1_0.metadata,l1_0.owner_id,l1_0.status,l1_0.tags,l1_0.tenant_id,l1_0.title,l1_0.updated_at from listings l1_0 where l1_0.tenant_id=?
Hibernate: select l1_0.id,l1_0.base_price,l1_0.cover_image_url,l1_0.created_at,l1_0.currency,l1_0.description,l1_0.listing_type,l1_0.metadata,l1_0.owner_id,l1_0.status,l1_0.tags,l1_0.tenant_id,l1_0.title,l1_0.updated_at from listings l1_0 where l1_0.tenant_id=?
2026-04-29T21:24:24.785+08:00 DEBUG 53697 --- [nextkey-ecommerce] [           main] org.hibernate.SQL                        : select u1_0.id,u1_0.avatar_url,u1_0.created_at,u1_0.email,u1_0.email_verified,u1_0.full_name,u1_0.kyc_id_card_back_url,u1_0.kyc_id_card_front_url,u1_0.kyc_id_number_encrypted,u1_0.kyc_status,u1_0.last_login_at,u1_0.metadata,u1_0.password_hash,u1_0.phone,u1_0.phone_verified,u1_0.role,u1_0.status,u1_0.tenant_id,u1_0.updated_at from users u1_0 where u1_0.tenant_id=?
Hibernate: select u1_0.id,u1_0.avatar_url,u1_0.created_at,u1_0.email,u1_0.email_verified,u1_0.full_name,u1_0.kyc_id_card_back_url,u1_0.kyc_id_card_front_url,u1_0.kyc_id_number_encrypted,u1_0.kyc_status,u1_0.last_login_at,u1_0.metadata,u1_0.password_hash,u1_0.phone,u1_0.phone_verified,u1_0.role,u1_0.status,u1_0.tenant_id,u1_0.updated_at from users u1_0 where u1_0.tenant_id=?
2026-04-29T21:24:24.786+08:00 DEBUG 53697 --- [nextkey-ecommerce] [           main] org.hibernate.SQL                        : select l1_0.id,l1_0.base_price,l1_0.cover_image_url,l1_0.created_at,l1_0.currency,l1_0.description,l1_0.listing_type,l1_0.metadata,l1_0.owner_id,l1_0.status,l1_0.tags,l1_0.tenant_id,l1_0.title,l1_0.updated_at from listings l1_0 where l1_0.tenant_id=?
Hibernate: select l1_0.id,l1_0.base_price,l1_0.cover_image_url,l1_0.created_at,l1_0.currency,l1_0.description,l1_0.listing_type,l1_0.metadata,l1_0.owner_id,l1_0.status,l1_0.tags,l1_0.tenant_id,l1_0.title,l1_0.updated_at from listings l1_0 where l1_0.tenant_id=?
2026-04-29T21:24:24.789+08:00 DEBUG 53697 --- [nextkey-ecommerce] [           main] org.hibernate.SQL                        : select u1_0.id,u1_0.avatar_url,u1_0.created_at,u1_0.email,u1_0.email_verified,u1_0.full_name,u1_0.kyc_id_card_back_url,u1_0.kyc_id_card_front_url,u1_0.kyc_id_number_encrypted,u1_0.kyc_status,u1_0.last_login_at,u1_0.metadata,u1_0.password_hash,u1_0.phone,u1_0.phone_verified,u1_0.role,u1_0.status,u1_0.tenant_id,u1_0.updated_at from users u1_0 where u1_0.tenant_id=?
Hibernate: select u1_0.id,u1_0.avatar_url,u1_0.created_at,u1_0.email,u1_0.email_verified,u1_0.full_name,u1_0.kyc_id_card_back_url,u1_0.kyc_id_card_front_url,u1_0.kyc_id_number_encrypted,u1_0.kyc_status,u1_0.last_login_at,u1_0.metadata,u1_0.password_hash,u1_0.phone,u1_0.phone_verified,u1_0.role,u1_0.status,u1_0.tenant_id,u1_0.updated_at from users u1_0 where u1_0.tenant_id=?
2026-04-29T21:24:24.790+08:00 DEBUG 53697 --- [nextkey-ecommerce] [           main] org.hibernate.SQL                        : select l1_0.id,l1_0.base_price,l1_0.cover_image_url,l1_0.created_at,l1_0.currency,l1_0.description,l1_0.listing_type,l1_0.metadata,l1_0.owner_id,l1_0.status,l1_0.tags,l1_0.tenant_id,l1_0.title,l1_0.updated_at from listings l1_0 where l1_0.tenant_id=?
Hibernate: select l1_0.id,l1_0.base_price,l1_0.cover_image_url,l1_0.created_at,l1_0.currency,l1_0.description,l1_0.listing_type,l1_0.metadata,l1_0.owner_id,l1_0.status,l1_0.tags,l1_0.tenant_id,l1_0.title,l1_0.updated_at from listings l1_0 where l1_0.tenant_id=?
2026-04-29T21:24:24.792+08:00 DEBUG 53697 --- [nextkey-ecommerce] [           main] org.hibernate.SQL                        : select u1_0.id,u1_0.avatar_url,u1_0.created_at,u1_0.email,u1_0.email_verified,u1_0.full_name,u1_0.kyc_id_card_back_url,u1_0.kyc_id_card_front_url,u1_0.kyc_id_number_encrypted,u1_0.kyc_status,u1_0.last_login_at,u1_0.metadata,u1_0.password_hash,u1_0.phone,u1_0.phone_verified,u1_0.role,u1_0.status,u1_0.tenant_id,u1_0.updated_at from users u1_0 where u1_0.tenant_id=?
Hibernate: select u1_0.id,u1_0.avatar_url,u1_0.created_at,u1_0.email,u1_0.email_verified,u1_0.full_name,u1_0.kyc_id_card_back_url,u1_0.kyc_id_card_front_url,u1_0.kyc_id_number_encrypted,u1_0.kyc_status,u1_0.last_login_at,u1_0.metadata,u1_0.password_hash,u1_0.phone,u1_0.phone_verified,u1_0.role,u1_0.status,u1_0.tenant_id,u1_0.updated_at from users u1_0 where u1_0.tenant_id=?
2026-04-29T21:24:24.794+08:00 DEBUG 53697 --- [nextkey-ecommerce] [           main] org.hibernate.SQL                        : select l1_0.id,l1_0.base_price,l1_0.cover_image_url,l1_0.created_at,l1_0.currency,l1_0.description,l1_0.listing_type,l1_0.metadata,l1_0.owner_id,l1_0.status,l1_0.tags,l1_0.tenant_id,l1_0.title,l1_0.updated_at from listings l1_0 where l1_0.tenant_id=?
Hibernate: select l1_0.id,l1_0.base_price,l1_0.cover_image_url,l1_0.created_at,l1_0.currency,l1_0.description,l1_0.listing_type,l1_0.metadata,l1_0.owner_id,l1_0.status,l1_0.tags,l1_0.tenant_id,l1_0.title,l1_0.updated_at from listings l1_0 where l1_0.tenant_id=?
2026-04-29T21:24:24.795+08:00 DEBUG 53697 --- [nextkey-ecommerce] [           main] org.hibernate.SQL                        : select u1_0.id,u1_0.avatar_url,u1_0.created_at,u1_0.email,u1_0.email_verified,u1_0.full_name,u1_0.kyc_id_card_back_url,u1_0.kyc_id_card_front_url,u1_0.kyc_id_number_encrypted,u1_0.kyc_status,u1_0.last_login_at,u1_0.metadata,u1_0.password_hash,u1_0.phone,u1_0.phone_verified,u1_0.role,u1_0.status,u1_0.tenant_id,u1_0.updated_at from users u1_0 where u1_0.tenant_id=?
Hibernate: select u1_0.id,u1_0.avatar_url,u1_0.created_at,u1_0.email,u1_0.email_verified,u1_0.full_name,u1_0.kyc_id_card_back_url,u1_0.kyc_id_card_front_url,u1_0.kyc_id_number_encrypted,u1_0.kyc_status,u1_0.last_login_at,u1_0.metadata,u1_0.password_hash,u1_0.phone,u1_0.phone_verified,u1_0.role,u1_0.status,u1_0.tenant_id,u1_0.updated_at from users u1_0 where u1_0.tenant_id=?
2026-04-29T21:24:24.797+08:00 DEBUG 53697 --- [nextkey-ecommerce] [           main] org.hibernate.SQL                        : select l1_0.id,l1_0.base_price,l1_0.cover_image_url,l1_0.created_at,l1_0.currency,l1_0.description,l1_0.listing_type,l1_0.metadata,l1_0.owner_id,l1_0.status,l1_0.tags,l1_0.tenant_id,l1_0.title,l1_0.updated_at from listings l1_0 where l1_0.tenant_id=?
Hibernate: select l1_0.id,l1_0.base_price,l1_0.cover_image_url,l1_0.created_at,l1_0.currency,l1_0.description,l1_0.listing_type,l1_0.metadata,l1_0.owner_id,l1_0.status,l1_0.tags,l1_0.tenant_id,l1_0.title,l1_0.updated_at from listings l1_0 where l1_0.tenant_id=?
2026-04-29T21:24:24.799+08:00 DEBUG 53697 --- [nextkey-ecommerce] [           main] org.hibernate.SQL                        : select u1_0.id,u1_0.avatar_url,u1_0.created_at,u1_0.email,u1_0.email_verified,u1_0.full_name,u1_0.kyc_id_card_back_url,u1_0.kyc_id_card_front_url,u1_0.kyc_id_number_encrypted,u1_0.kyc_status,u1_0.last_login_at,u1_0.metadata,u1_0.password_hash,u1_0.phone,u1_0.phone_verified,u1_0.role,u1_0.status,u1_0.tenant_id,u1_0.updated_at from users u1_0 where u1_0.tenant_id=?
Hibernate: select u1_0.id,u1_0.avatar_url,u1_0.created_at,u1_0.email,u1_0.email_verified,u1_0.full_name,u1_0.kyc_id_card_back_url,u1_0.kyc_id_card_front_url,u1_0.kyc_id_number_encrypted,u1_0.kyc_status,u1_0.last_login_at,u1_0.metadata,u1_0.password_hash,u1_0.phone,u1_0.phone_verified,u1_0.role,u1_0.status,u1_0.tenant_id,u1_0.updated_at from users u1_0 where u1_0.tenant_id=?
2026-04-29T21:24:24.801+08:00 DEBUG 53697 --- [nextkey-ecommerce] [           main] org.hibernate.SQL                        : select l1_0.id,l1_0.base_price,l1_0.cover_image_url,l1_0.created_at,l1_0.currency,l1_0.description,l1_0.listing_type,l1_0.metadata,l1_0.owner_id,l1_0.status,l1_0.tags,l1_0.tenant_id,l1_0.title,l1_0.updated_at from listings l1_0 where l1_0.tenant_id=?
Hibernate: select l1_0.id,l1_0.base_price,l1_0.cover_image_url,l1_0.created_at,l1_0.currency,l1_0.description,l1_0.listing_type,l1_0.metadata,l1_0.owner_id,l1_0.status,l1_0.tags,l1_0.tenant_id,l1_0.title,l1_0.updated_at from listings l1_0 where l1_0.tenant_id=?
2026-04-29T21:24:24.803+08:00 DEBUG 53697 --- [nextkey-ecommerce] [           main] org.hibernate.SQL                        : select u1_0.id,u1_0.avatar_url,u1_0.created_at,u1_0.email,u1_0.email_verified,u1_0.full_name,u1_0.kyc_id_card_back_url,u1_0.kyc_id_card_front_url,u1_0.kyc_id_number_encrypted,u1_0.kyc_status,u1_0.last_login_at,u1_0.metadata,u1_0.password_hash,u1_0.phone,u1_0.phone_verified,u1_0.role,u1_0.status,u1_0.tenant_id,u1_0.updated_at from users u1_0 where u1_0.tenant_id=?
Hibernate: select u1_0.id,u1_0.avatar_url,u1_0.created_at,u1_0.email,u1_0.email_verified,u1_0.full_name,u1_0.kyc_id_card_back_url,u1_0.kyc_id_card_front_url,u1_0.kyc_id_number_encrypted,u1_0.kyc_status,u1_0.last_login_at,u1_0.metadata,u1_0.password_hash,u1_0.phone,u1_0.phone_verified,u1_0.role,u1_0.status,u1_0.tenant_id,u1_0.updated_at from users u1_0 where u1_0.tenant_id=?
2026-04-29T21:24:24.804+08:00 DEBUG 53697 --- [nextkey-ecommerce] [           main] org.hibernate.SQL                        : select l1_0.id,l1_0.base_price,l1_0.cover_image_url,l1_0.created_at,l1_0.currency,l1_0.description,l1_0.listing_type,l1_0.metadata,l1_0.owner_id,l1_0.status,l1_0.tags,l1_0.tenant_id,l1_0.title,l1_0.updated_at from listings l1_0 where l1_0.tenant_id=?
Hibernate: select l1_0.id,l1_0.base_price,l1_0.cover_image_url,l1_0.created_at,l1_0.currency,l1_0.description,l1_0.listing_type,l1_0.metadata,l1_0.owner_id,l1_0.status,l1_0.tags,l1_0.tenant_id,l1_0.title,l1_0.updated_at from listings l1_0 where l1_0.tenant_id=?
2026-04-29T21:24:24.811+08:00 DEBUG 53697 --- [nextkey-ecommerce] [           main] c.n.e.api.filter.TenantContextFilter     : [TenantContextFilter] Clearing tenant context
2026-04-29T21:24:24.811+08:00  INFO 53697 --- [nextkey-ecommerce] [           main] c.n.e.shared.tenant.TenantContext        : [TenantContext] clear
✅ API-M17-007 PASSED: Admin 成功取得店鋪列表
2026-04-29T21:24:24.857+08:00 DEBUG 53697 --- [nextkey-ecommerce] [           main] org.hibernate.SQL                        : select tft1_0.id,tft1_0.config,tft1_0.created_at,tft1_0.disabled_at,tft1_0.enabled_at,tft1_0.feature_key,tft1_0.is_enabled,tft1_0.tenant_id,tft1_0.updated_at from tenant_feature_toggles tft1_0 where tft1_0.tenant_id=?
Hibernate: select tft1_0.id,tft1_0.config,tft1_0.created_at,tft1_0.disabled_at,tft1_0.enabled_at,tft1_0.feature_key,tft1_0.is_enabled,tft1_0.tenant_id,tft1_0.updated_at from tenant_feature_toggles tft1_0 where tft1_0.tenant_id=?
2026-04-29T21:24:24.860+08:00 DEBUG 53697 --- [nextkey-ecommerce] [           main] org.hibernate.SQL                        : select tm1_0.id,tm1_0.invited_by,tm1_0.joined_at,tm1_0.store_role,tm1_0.tenant_id,tm1_0.user_id from tenant_members tm1_0 where tm1_0.tenant_id=?
Hibernate: select tm1_0.id,tm1_0.invited_by,tm1_0.joined_at,tm1_0.store_role,tm1_0.tenant_id,tm1_0.user_id from tenant_members tm1_0 where tm1_0.tenant_id=?
2026-04-29T21:24:24.862+08:00 DEBUG 53697 --- [nextkey-ecommerce] [           main] org.hibernate.SQL                        : select t1_0.id,t1_0.commission_rate,t1_0.contact_email,t1_0.contact_phone,t1_0.created_at,t1_0.description,t1_0.logo_url,t1_0.metadata,t1_0.name,t1_0.slug,t1_0.status,t1_0.updated_at from tenants t1_0 where t1_0.id=?
Hibernate: select t1_0.id,t1_0.commission_rate,t1_0.contact_email,t1_0.contact_phone,t1_0.created_at,t1_0.description,t1_0.logo_url,t1_0.metadata,t1_0.name,t1_0.slug,t1_0.status,t1_0.updated_at from tenants t1_0 where t1_0.id=?
2026-04-29T21:24:24.864+08:00 DEBUG 53697 --- [nextkey-ecommerce] [           main] org.hibernate.SQL                        : select t1_0.id,t1_0.commission_rate,t1_0.contact_email,t1_0.contact_phone,t1_0.created_at,t1_0.description,t1_0.logo_url,t1_0.metadata,t1_0.name,t1_0.slug,t1_0.status,t1_0.updated_at from tenants t1_0 where t1_0.id=?
Hibernate: select t1_0.id,t1_0.commission_rate,t1_0.contact_email,t1_0.contact_phone,t1_0.created_at,t1_0.description,t1_0.logo_url,t1_0.metadata,t1_0.name,t1_0.slug,t1_0.status,t1_0.updated_at from tenants t1_0 where t1_0.id=?
2026-04-29T21:24:24.867+08:00 DEBUG 53697 --- [nextkey-ecommerce] [           main] org.hibernate.SQL                        : delete from tenants where id=?
Hibernate: delete from tenants where id=?
]]></system-out>
  </testcase>
  <testcase name="approveTenant_asAdmin_shouldSucceed" classname="com.nextkey.ecommerce.api.controller.AdminControllerE2ETest" time="0.113">
    <system-out><![CDATA[2026-04-29T21:24:24.875+08:00 DEBUG 53697 --- [nextkey-ecommerce] [           main] org.hibernate.SQL                        : insert into users (avatar_url,created_at,email,email_verified,full_name,kyc_id_card_back_url,kyc_id_card_front_url,kyc_id_number_encrypted,kyc_status,last_login_at,metadata,password_hash,phone,phone_verified,role,status,tenant_id,updated_at,id) values (?,?,?,?,?,?,?,?,?,?,?,?,?,?,?,?,?,?,?)
Hibernate: insert into users (avatar_url,created_at,email,email_verified,full_name,kyc_id_card_back_url,kyc_id_card_front_url,kyc_id_number_encrypted,kyc_status,last_login_at,metadata,password_hash,phone,phone_verified,role,status,tenant_id,updated_at,id) values (?,?,?,?,?,?,?,?,?,?,?,?,?,?,?,?,?,?,?)
2026-04-29T21:24:24.883+08:00 DEBUG 53697 --- [nextkey-ecommerce] [           main] org.hibernate.SQL                        : insert into tenants (commission_rate,contact_email,contact_phone,created_at,description,logo_url,metadata,name,slug,status,updated_at,id) values (?,?,?,?,?,?,?,?,?,?,?,?)
Hibernate: insert into tenants (commission_rate,contact_email,contact_phone,created_at,description,logo_url,metadata,name,slug,status,updated_at,id) values (?,?,?,?,?,?,?,?,?,?,?,?)
2026-04-29T21:24:24.895+08:00 DEBUG 53697 --- [nextkey-ecommerce] [           main] c.n.e.a.filter.JwtAuthenticationFilter   : Authenticated user: admin-e2e-1777469064874-7714@example.com with role: SUPER_ADMIN and 36 authorities
2026-04-29T21:24:24.896+08:00  INFO 53697 --- [nextkey-ecommerce] [           main] c.n.e.api.filter.TenantContextFilter     : [TenantContextFilter] Incoming request: POST , X-Tenant-ID: null
2026-04-29T21:24:24.896+08:00 DEBUG 53697 --- [nextkey-ecommerce] [           main] c.n.e.api.filter.TenantContextFilter     : [TenantContextFilter] Authentication: UsernamePasswordAuthenticationToken, principal: UserPrincipal(userId=9826c2f4-a0f4-4025-ad93-5d0b903b166f, email=admin-e2e-1777469064874-7714@example.com, role=SUPER_ADMIN, tenantId=null)
2026-04-29T21:24:24.896+08:00  INFO 53697 --- [nextkey-ecommerce] [           main] c.n.e.api.filter.TenantContextFilter     : [TenantContextFilter] Authenticated user: 9826c2f4-a0f4-4025-ad93-5d0b903b166f, tenantId: null, role: SUPER_ADMIN, requestedTenantId: null
2026-04-29T21:24:24.896+08:00  INFO 53697 --- [nextkey-ecommerce] [           main] c.n.e.shared.tenant.TenantContext        : [TenantContext] setCurrentUser: 9826c2f4-a0f4-4025-ad93-5d0b903b166f
2026-04-29T21:24:24.896+08:00  INFO 53697 --- [nextkey-ecommerce] [           main] c.n.e.shared.tenant.TenantContext        : [TenantContext] setCurrentTenant: 00000000-0000-0000-0000-000000000001
2026-04-29T21:24:24.896+08:00  INFO 53697 --- [nextkey-ecommerce] [           main] c.n.e.api.filter.TenantContextFilter     : [TenantContextFilter] Tenant context set - user: 9826c2f4-a0f4-4025-ad93-5d0b903b166f, effective tenant: 00000000-0000-0000-0000-000000000001
2026-04-29T21:24:24.899+08:00  INFO 53697 --- [nextkey-ecommerce] [           main] c.n.e.api.controller.AdminController     : Tenant approve request: tenantId=9aac0ea4-c555-4738-bc56-8432e4759c26
2026-04-29T21:24:24.900+08:00 DEBUG 53697 --- [nextkey-ecommerce] [           main] org.hibernate.SQL                        : select t1_0.id,t1_0.commission_rate,t1_0.contact_email,t1_0.contact_phone,t1_0.created_at,t1_0.description,t1_0.logo_url,t1_0.metadata,t1_0.name,t1_0.slug,t1_0.status,t1_0.updated_at from tenants t1_0 where t1_0.id=?
Hibernate: select t1_0.id,t1_0.commission_rate,t1_0.contact_email,t1_0.contact_phone,t1_0.created_at,t1_0.description,t1_0.logo_url,t1_0.metadata,t1_0.name,t1_0.slug,t1_0.status,t1_0.updated_at from tenants t1_0 where t1_0.id=?
2026-04-29T21:24:24.903+08:00  INFO 53697 --- [nextkey-ecommerce] [           main] c.n.ecommerce.core.admin.AdminService    : Tenant approved: tenantId=9aac0ea4-c555-4738-bc56-8432e4759c26, enabledFeatures=[RETAIL_ENABLED, CMS_ENABLED, ERP_ENABLED]
2026-04-29T21:24:24.903+08:00 DEBUG 53697 --- [nextkey-ecommerce] [           main] org.hibernate.SQL                        : insert into tenant_feature_toggles (config,created_at,disabled_at,enabled_at,feature_key,is_enabled,tenant_id,updated_at,id) values (?,?,?,?,?,?,?,?,?)
Hibernate: insert into tenant_feature_toggles (config,created_at,disabled_at,enabled_at,feature_key,is_enabled,tenant_id,updated_at,id) values (?,?,?,?,?,?,?,?,?)
2026-04-29T21:24:24.904+08:00 DEBUG 53697 --- [nextkey-ecommerce] [           main] org.hibernate.SQL                        : insert into tenant_feature_toggles (config,created_at,disabled_at,enabled_at,feature_key,is_enabled,tenant_id,updated_at,id) values (?,?,?,?,?,?,?,?,?)
Hibernate: insert into tenant_feature_toggles (config,created_at,disabled_at,enabled_at,feature_key,is_enabled,tenant_id,updated_at,id) values (?,?,?,?,?,?,?,?,?)
2026-04-29T21:24:24.905+08:00 DEBUG 53697 --- [nextkey-ecommerce] [           main] org.hibernate.SQL                        : insert into tenant_feature_toggles (config,created_at,disabled_at,enabled_at,feature_key,is_enabled,tenant_id,updated_at,id) values (?,?,?,?,?,?,?,?,?)
Hibernate: insert into tenant_feature_toggles (config,created_at,disabled_at,enabled_at,feature_key,is_enabled,tenant_id,updated_at,id) values (?,?,?,?,?,?,?,?,?)
2026-04-29T21:24:24.906+08:00 DEBUG 53697 --- [nextkey-ecommerce] [           main] org.hibernate.SQL                        : insert into tenant_feature_toggles (config,created_at,disabled_at,enabled_at,feature_key,is_enabled,tenant_id,updated_at,id) values (?,?,?,?,?,?,?,?,?)
Hibernate: insert into tenant_feature_toggles (config,created_at,disabled_at,enabled_at,feature_key,is_enabled,tenant_id,updated_at,id) values (?,?,?,?,?,?,?,?,?)
2026-04-29T21:24:24.907+08:00 DEBUG 53697 --- [nextkey-ecommerce] [           main] org.hibernate.SQL                        : insert into tenant_feature_toggles (config,created_at,disabled_at,enabled_at,feature_key,is_enabled,tenant_id,updated_at,id) values (?,?,?,?,?,?,?,?,?)
Hibernate: insert into tenant_feature_toggles (config,created_at,disabled_at,enabled_at,feature_key,is_enabled,tenant_id,updated_at,id) values (?,?,?,?,?,?,?,?,?)
2026-04-29T21:24:24.908+08:00 DEBUG 53697 --- [nextkey-ecommerce] [           main] org.hibernate.SQL                        : insert into tenant_feature_toggles (config,created_at,disabled_at,enabled_at,feature_key,is_enabled,tenant_id,updated_at,id) values (?,?,?,?,?,?,?,?,?)
Hibernate: insert into tenant_feature_toggles (config,created_at,disabled_at,enabled_at,feature_key,is_enabled,tenant_id,updated_at,id) values (?,?,?,?,?,?,?,?,?)
2026-04-29T21:24:24.909+08:00 DEBUG 53697 --- [nextkey-ecommerce] [           main] org.hibernate.SQL                        : update tenants set commission_rate=?,contact_email=?,contact_phone=?,created_at=?,description=?,logo_url=?,metadata=?,name=?,slug=?,status=?,updated_at=? where id=?
Hibernate: update tenants set commission_rate=?,contact_email=?,contact_phone=?,created_at=?,description=?,logo_url=?,metadata=?,name=?,slug=?,status=?,updated_at=? where id=?
2026-04-29T21:24:24.914+08:00 DEBUG 53697 --- [nextkey-ecommerce] [           main] c.n.e.api.filter.TenantContextFilter     : [TenantContextFilter] Clearing tenant context
2026-04-29T21:24:24.914+08:00  INFO 53697 --- [nextkey-ecommerce] [           main] c.n.e.shared.tenant.TenantContext        : [TenantContext] clear
✅ API-M17-008 PASSED: Admin 審核通過租戶成功
2026-04-29T21:24:24.936+08:00 DEBUG 53697 --- [nextkey-ecommerce] [           main] org.hibernate.SQL                        : select tft1_0.id,tft1_0.config,tft1_0.created_at,tft1_0.disabled_at,tft1_0.enabled_at,tft1_0.feature_key,tft1_0.is_enabled,tft1_0.tenant_id,tft1_0.updated_at from tenant_feature_toggles tft1_0 where tft1_0.tenant_id=?
Hibernate: select tft1_0.id,tft1_0.config,tft1_0.created_at,tft1_0.disabled_at,tft1_0.enabled_at,tft1_0.feature_key,tft1_0.is_enabled,tft1_0.tenant_id,tft1_0.updated_at from tenant_feature_toggles tft1_0 where tft1_0.tenant_id=?
2026-04-29T21:24:24.940+08:00 DEBUG 53697 --- [nextkey-ecommerce] [           main] org.hibernate.SQL                        : select tft1_0.id,tft1_0.config,tft1_0.created_at,tft1_0.disabled_at,tft1_0.enabled_at,tft1_0.feature_key,tft1_0.is_enabled,tft1_0.tenant_id,tft1_0.updated_at from tenant_feature_toggles tft1_0 where tft1_0.id=?
Hibernate: select tft1_0.id,tft1_0.config,tft1_0.created_at,tft1_0.disabled_at,tft1_0.enabled_at,tft1_0.feature_key,tft1_0.is_enabled,tft1_0.tenant_id,tft1_0.updated_at from tenant_feature_toggles tft1_0 where tft1_0.id=?
2026-04-29T21:24:24.943+08:00 DEBUG 53697 --- [nextkey-ecommerce] [           main] org.hibernate.SQL                        : delete from tenant_feature_toggles where id=?
Hibernate: delete from tenant_feature_toggles where id=?
2026-04-29T21:24:24.945+08:00 DEBUG 53697 --- [nextkey-ecommerce] [           main] org.hibernate.SQL                        : select tft1_0.id,tft1_0.config,tft1_0.created_at,tft1_0.disabled_at,tft1_0.enabled_at,tft1_0.feature_key,tft1_0.is_enabled,tft1_0.tenant_id,tft1_0.updated_at from tenant_feature_toggles tft1_0 where tft1_0.id=?
Hibernate: select tft1_0.id,tft1_0.config,tft1_0.created_at,tft1_0.disabled_at,tft1_0.enabled_at,tft1_0.feature_key,tft1_0.is_enabled,tft1_0.tenant_id,tft1_0.updated_at from tenant_feature_toggles tft1_0 where tft1_0.id=?
2026-04-29T21:24:24.946+08:00 DEBUG 53697 --- [nextkey-ecommerce] [           main] org.hibernate.SQL                        : delete from tenant_feature_toggles where id=?
Hibernate: delete from tenant_feature_toggles where id=?
2026-04-29T21:24:24.949+08:00 DEBUG 53697 --- [nextkey-ecommerce] [           main] org.hibernate.SQL                        : select tft1_0.id,tft1_0.config,tft1_0.created_at,tft1_0.disabled_at,tft1_0.enabled_at,tft1_0.feature_key,tft1_0.is_enabled,tft1_0.tenant_id,tft1_0.updated_at from tenant_feature_toggles tft1_0 where tft1_0.id=?
Hibernate: select tft1_0.id,tft1_0.config,tft1_0.created_at,tft1_0.disabled_at,tft1_0.enabled_at,tft1_0.feature_key,tft1_0.is_enabled,tft1_0.tenant_id,tft1_0.updated_at from tenant_feature_toggles tft1_0 where tft1_0.id=?
2026-04-29T21:24:24.951+08:00 DEBUG 53697 --- [nextkey-ecommerce] [           main] org.hibernate.SQL                        : delete from tenant_feature_toggles where id=?
Hibernate: delete from tenant_feature_toggles where id=?
[...]
2026-04-29T21:24:25.532+08:00  INFO 53697 --- [nextkey-ecommerce] [           main] c.n.e.api.filter.TenantContextFilter     : [TenantContextFilter] Authenticated user: bc86ed5e-0537-46fe-910e-1d2b21dc3de4, tenantId: 3a097038-5696-4e3d-b49f-bfb0263592eb, role: SELLER, requestedTenantId: null
2026-04-29T21:24:25.532+08:00  INFO 53697 --- [nextkey-ecommerce] [           main] c.n.e.shared.tenant.TenantContext        : [TenantContext] setCurrentUser: bc86ed5e-0537-46fe-910e-1d2b21dc3de4
2026-04-29T21:24:25.532+08:00  INFO 53697 --- [nextkey-ecommerce] [           main] c.n.e.shared.tenant.TenantContext        : [TenantContext] setCurrentTenant: 3a097038-5696-4e3d-b49f-bfb0263592eb
2026-04-29T21:24:25.532+08:00  INFO 53697 --- [nextkey-ecommerce] [           main] c.n.e.api.filter.TenantContextFilter     : [TenantContextFilter] Tenant context set - user: bc86ed5e-0537-46fe-910e-1d2b21dc3de4, effective tenant: 3a097038-5696-4e3d-b49f-bfb0263592eb
2026-04-29T21:24:25.533+08:00  WARN 53697 --- [nextkey-ecommerce] [           main] c.n.e.api.dto.GlobalExceptionHandler     : Access denied: Access Denied
2026-04-29T21:24:25.534+08:00 DEBUG 53697 --- [nextkey-ecommerce] [           main] c.n.e.api.filter.TenantContextFilter     : [TenantContextFilter] Clearing tenant context
2026-04-29T21:24:25.534+08:00  INFO 53697 --- [nextkey-ecommerce] [           main] c.n.e.shared.tenant.TenantContext        : [TenantContext] clear
✅ API-M17-013 PASSED: STORE_STAFF 角色駁回正確返回 403
2026-04-29T21:24:25.536+08:00 DEBUG 53697 --- [nextkey-ecommerce] [           main] org.hibernate.SQL                        : select tft1_0.id,tft1_0.config,tft1_0.created_at,tft1_0.disabled_at,tft1_0.enabled_at,tft1_0.feature_key,tft1_0.is_enabled,tft1_0.tenant_id,tft1_0.updated_at from tenant_feature_toggles tft1_0 where tft1_0.tenant_id=?
Hibernate: select tft1_0.id,tft1_0.config,tft1_0.created_at,tft1_0.disabled_at,tft1_0.enabled_at,tft1_0.feature_key,tft1_0.is_enabled,tft1_0.tenant_id,tft1_0.updated_at from tenant_feature_toggles tft1_0 where tft1_0.tenant_id=?
2026-04-29T21:24:25.538+08:00 DEBUG 53697 --- [nextkey-ecommerce] [           main] org.hibernate.SQL                        : select tm1_0.id,tm1_0.invited_by,tm1_0.joined_at,tm1_0.store_role,tm1_0.tenant_id,tm1_0.user_id from tenant_members tm1_0 where tm1_0.tenant_id=?
Hibernate: select tm1_0.id,tm1_0.invited_by,tm1_0.joined_at,tm1_0.store_role,tm1_0.tenant_id,tm1_0.user_id from tenant_members tm1_0 where tm1_0.tenant_id=?
2026-04-29T21:24:25.539+08:00 DEBUG 53697 --- [nextkey-ecommerce] [           main] org.hibernate.SQL                        : select tm1_0.id,tm1_0.invited_by,tm1_0.joined_at,tm1_0.store_role,tm1_0.tenant_id,tm1_0.user_id from tenant_members tm1_0 where tm1_0.id=?
Hibernate: select tm1_0.id,tm1_0.invited_by,tm1_0.joined_at,tm1_0.store_role,tm1_0.tenant_id,tm1_0.user_id from tenant_members tm1_0 where tm1_0.id=?
2026-04-29T21:24:25.540+08:00 DEBUG 53697 --- [nextkey-ecommerce] [           main] org.hibernate.SQL                        : delete from tenant_members where id=?
Hibernate: delete from tenant_members where id=?
2026-04-29T21:24:25.542+08:00 DEBUG 53697 --- [nextkey-ecommerce] [           main] org.hibernate.SQL                        : select t1_0.id,t1_0.commission_rate,t1_0.contact_email,t1_0.contact_phone,t1_0.created_at,t1_0.description,t1_0.logo_url,t1_0.metadata,t1_0.name,t1_0.slug,t1_0.status,t1_0.updated_at from tenants t1_0 where t1_0.id=?
Hibernate: select t1_0.id,t1_0.commission_rate,t1_0.contact_email,t1_0.contact_phone,t1_0.created_at,t1_0.description,t1_0.logo_url,t1_0.metadata,t1_0.name,t1_0.slug,t1_0.status,t1_0.updated_at from tenants t1_0 where t1_0.id=?
2026-04-29T21:24:25.544+08:00 DEBUG 53697 --- [nextkey-ecommerce] [           main] org.hibernate.SQL                        : select t1_0.id,t1_0.commission_rate,t1_0.contact_email,t1_0.contact_phone,t1_0.created_at,t1_0.description,t1_0.logo_url,t1_0.metadata,t1_0.name,t1_0.slug,t1_0.status,t1_0.updated_at from tenants t1_0 where t1_0.id=?
Hibernate: select t1_0.id,t1_0.commission_rate,t1_0.contact_email,t1_0.contact_phone,t1_0.created_at,t1_0.description,t1_0.logo_url,t1_0.metadata,t1_0.name,t1_0.slug,t1_0.status,t1_0.updated_at from tenants t1_0 where t1_0.id=?
2026-04-29T21:24:25.546+08:00 DEBUG 53697 --- [nextkey-ecommerce] [           main] org.hibernate.SQL                        : delete from tenants where id=?
Hibernate: delete from tenants where id=?
]]></system-out>
  </testcase>
  <testcase name="testUpdateTenantFeatureToggle_asAdmin_shouldSucceed" classname="com.nextkey.ecommerce.api.controller.AdminControllerE2ETest" time="0.087">
    <system-out><![CDATA[2026-04-29T21:24:25.555+08:00 DEBUG 53697 --- [nextkey-ecommerce] [           main] org.hibernate.SQL                        : insert into users (avatar_url,created_at,email,email_verified,full_name,kyc_id_card_back_url,kyc_id_card_front_url,kyc_id_number_encrypted,kyc_status,last_login_at,metadata,password_hash,phone,phone_verified,role,status,tenant_id,updated_at,id) values (?,?,?,?,?,?,?,?,?,?,?,?,?,?,?,?,?,?,?)
Hibernate: insert into users (avatar_url,created_at,email,email_verified,full_name,kyc_id_card_back_url,kyc_id_card_front_url,kyc_id_number_encrypted,kyc_status,last_login_at,metadata,password_hash,phone,phone_verified,role,status,tenant_id,updated_at,id) values (?,?,?,?,?,?,?,?,?,?,?,?,?,?,?,?,?,?,?)
2026-04-29T21:24:25.562+08:00 DEBUG 53697 --- [nextkey-ecommerce] [           main] org.hibernate.SQL                        : insert into tenants (commission_rate,contact_email,contact_phone,created_at,description,logo_url,metadata,name,slug,status,updated_at,id) values (?,?,?,?,?,?,?,?,?,?,?,?)
Hibernate: insert into tenants (commission_rate,contact_email,contact_phone,created_at,description,logo_url,metadata,name,slug,status,updated_at,id) values (?,?,?,?,?,?,?,?,?,?,?,?)
2026-04-29T21:24:25.571+08:00 DEBUG 53697 --- [nextkey-ecommerce] [           main] org.hibernate.SQL                        : insert into tenant_feature_toggles (config,created_at,disabled_at,enabled_at,feature_key,is_enabled,tenant_id,updated_at,id) values (?,?,?,?,?,?,?,?,?)
Hibernate: insert into tenant_feature_toggles (config,created_at,disabled_at,enabled_at,feature_key,is_enabled,tenant_id,updated_at,id) values (?,?,?,?,?,?,?,?,?)
2026-04-29T21:24:25.585+08:00 DEBUG 53697 --- [nextkey-ecommerce] [           main] c.n.e.a.filter.JwtAuthenticationFilter   : Authenticated user: admin-e2e-1777469065554-644@example.com with role: SUPER_ADMIN and 36 authorities
2026-04-29T21:24:25.585+08:00  INFO 53697 --- [nextkey-ecommerce] [           main] c.n.e.api.filter.TenantContextFilter     : [TenantContextFilter] Incoming request: PUT , X-Tenant-ID: null
2026-04-29T21:24:25.585+08:00 DEBUG 53697 --- [nextkey-ecommerce] [           main] c.n.e.api.filter.TenantContextFilter     : [TenantContextFilter] Authentication: UsernamePasswordAuthenticationToken, principal: UserPrincipal(userId=e350a58e-3bf2-46a4-958a-aec43b8486bf, email=admin-e2e-1777469065554-644@example.com, role=SUPER_ADMIN, tenantId=null)
2026-04-29T21:24:25.585+08:00  INFO 53697 --- [nextkey-ecommerce] [           main] c.n.e.api.filter.TenantContextFilter     : [TenantContextFilter] Authenticated user: e350a58e-3bf2-46a4-958a-aec43b8486bf, tenantId: null, role: SUPER_ADMIN, requestedTenantId: null
2026-04-29T21:24:25.585+08:00  INFO 53697 --- [nextkey-ecommerce] [           main] c.n.e.shared.tenant.TenantContext        : [TenantContext] setCurrentUser: e350a58e-3bf2-46a4-958a-aec43b8486bf
2026-04-29T21:24:25.585+08:00  INFO 53697 --- [nextkey-ecommerce] [           main] c.n.e.shared.tenant.TenantContext        : [TenantContext] setCurrentTenant: 00000000-0000-0000-0000-000000000001
2026-04-29T21:24:25.585+08:00  INFO 53697 --- [nextkey-ecommerce] [           main] c.n.e.api.filter.TenantContextFilter     : [TenantContextFilter] Tenant context set - user: e350a58e-3bf2-46a4-958a-aec43b8486bf, effective tenant: 00000000-0000-0000-0000-000000000001
2026-04-29T21:24:25.589+08:00  INFO 53697 --- [nextkey-ecommerce] [           main] c.n.e.api.controller.AdminController     : Admin update feature toggle: tenantId=f4f117f8-34fb-4212-86dd-ff5c24e20c97, feature=BOOKING_ENABLED, enabled=true
2026-04-29T21:24:25.590+08:00 DEBUG 53697 --- [nextkey-ecommerce] [           main] org.hibernate.SQL                        : select t1_0.id,t1_0.commission_rate,t1_0.contact_email,t1_0.contact_phone,t1_0.created_at,t1_0.description,t1_0.logo_url,t1_0.metadata,t1_0.name,t1_0.slug,t1_0.status,t1_0.updated_at from tenants t1_0 where t1_0.id=?
Hibernate: select t1_0.id,t1_0.commission_rate,t1_0.contact_email,t1_0.contact_phone,t1_0.created_at,t1_0.description,t1_0.logo_url,t1_0.metadata,t1_0.name,t1_0.slug,t1_0.status,t1_0.updated_at from tenants t1_0 where t1_0.id=?
2026-04-29T21:24:25.593+08:00 DEBUG 53697 --- [nextkey-ecommerce] [           main] org.hibernate.SQL                        : select tft1_0.id,tft1_0.config,tft1_0.created_at,tft1_0.disabled_at,tft1_0.enabled_at,tft1_0.feature_key,tft1_0.is_enabled,tft1_0.tenant_id,tft1_0.updated_at from tenant_feature_toggles tft1_0 where tft1_0.tenant_id=? and tft1_0.feature_key=?
Hibernate: select tft1_0.id,tft1_0.config,tft1_0.created_at,tft1_0.disabled_at,tft1_0.enabled_at,tft1_0.feature_key,tft1_0.is_enabled,tft1_0.tenant_id,tft1_0.updated_at from tenant_feature_toggles tft1_0 where tft1_0.tenant_id=? and tft1_0.feature_key=?
2026-04-29T21:24:25.596+08:00  INFO 53697 --- [nextkey-ecommerce] [           main] c.n.ecommerce.core.admin.AdminService    : Admin updated feature toggle: tenantId=f4f117f8-34fb-4212-86dd-ff5c24e20c97, feature=BOOKING_ENABLED, enabled=true
2026-04-29T21:24:25.597+08:00 DEBUG 53697 --- [nextkey-ecommerce] [           main] org.hibernate.SQL                        : update tenant_feature_toggles set config=?,created_at=?,disabled_at=?,enabled_at=?,feature_key=?,is_enabled=?,tenant_id=?,updated_at=? where id=?
Hibernate: update tenant_feature_toggles set config=?,created_at=?,disabled_at=?,enabled_at=?,feature_key=?,is_enabled=?,tenant_id=?,updated_at=? where id=?
2026-04-29T21:24:25.606+08:00 DEBUG 53697 --- [nextkey-ecommerce] [           main] c.n.e.api.filter.TenantContextFilter     : [TenantContextFilter] Clearing tenant context
2026-04-29T21:24:25.606+08:00  INFO 53697 --- [nextkey-ecommerce] [           main] c.n.e.shared.tenant.TenantContext        : [TenantContext] clear
✅ US-M17-009-01 PASSED: Admin 更新 Feature Toggle 成功
2026-04-29T21:24:25.623+08:00 DEBUG 53697 --- [nextkey-ecommerce] [           main] org.hibernate.SQL                        : select tft1_0.id,tft1_0.config,tft1_0.created_at,tft1_0.disabled_at,tft1_0.enabled_at,tft1_0.feature_key,tft1_0.is_enabled,tft1_0.tenant_id,tft1_0.updated_at from tenant_feature_toggles tft1_0 where tft1_0.tenant_id=?
Hibernate: select tft1_0.id,tft1_0.config,tft1_0.created_at,tft1_0.disabled_at,tft1_0.enabled_at,tft1_0.feature_key,tft1_0.is_enabled,tft1_0.tenant_id,tft1_0.updated_at from tenant_feature_toggles tft1_0 where tft1_0.tenant_id=?
2026-04-29T21:24:25.624+08:00 DEBUG 53697 --- [nextkey-ecommerce] [           main] org.hibernate.SQL                        : select tft1_0.id,tft1_0.config,tft1_0.created_at,tft1_0.disabled_at,tft1_0.enabled_at,tft1_0.feature_key,tft1_0.is_enabled,tft1_0.tenant_id,tft1_0.updated_at from tenant_feature_toggles tft1_0 where tft1_0.id=?
Hibernate: select tft1_0.id,tft1_0.config,tft1_0.created_at,tft1_0.disabled_at,tft1_0.enabled_at,tft1_0.feature_key,tft1_0.is_enabled,tft1_0.tenant_id,tft1_0.updated_at from tenant_feature_toggles tft1_0 where tft1_0.id=?
2026-04-29T21:24:25.626+08:00 DEBUG 53697 --- [nextkey-ecommerce] [           main] org.hibernate.SQL                        : delete from tenant_feature_toggles where id=?
Hibernate: delete from tenant_feature_toggles where id=?
2026-04-29T21:24:25.629+08:00 DEBUG 53697 --- [nextkey-ecommerce] [           main] org.hibernate.SQL                        : select tm1_0.id,tm1_0.invited_by,tm1_0.joined_at,tm1_0.store_role,tm1_0.tenant_id,tm1_0.user_id from tenant_members tm1_0 where tm1_0.tenant_id=?
Hibernate: select tm1_0.id,tm1_0.invited_by,tm1_0.joined_at,tm1_0.store_role,tm1_0.tenant_id,tm1_0.user_id from tenant_members tm1_0 where tm1_0.tenant_id=?
2026-04-29T21:24:25.630+08:00 DEBUG 53697 --- [nextkey-ecommerce] [           main] org.hibernate.SQL                        : select t1_0.id,t1_0.commission_rate,t1_0.contact_email,t1_0.contact_phone,t1_0.created_at,t1_0.description,t1_0.logo_url,t1_0.metadata,t1_0.name,t1_0.slug,t1_0.status,t1_0.updated_at from tenants t1_0 where t1_0.id=?
Hibernate: select t1_0.id,t1_0.commission_rate,t1_0.contact_email,t1_0.contact_phone,t1_0.created_at,t1_0.description,t1_0.logo_url,t1_0.metadata,t1_0.name,t1_0.slug,t1_0.status,t1_0.updated_at from tenants t1_0 where t1_0.id=?
2026-04-29T21:24:25.632+08:00 DEBUG 53697 --- [nextkey-ecommerce] [           main] org.hibernate.SQL                        : select t1_0.id,t1_0.commission_rate,t1_0.contact_email,t1_0.contact_phone,t1_0.created_at,t1_0.description,t1_0.logo_url,t1_0.metadata,t1_0.name,t1_0.slug,t1_0.status,t1_0.updated_at from tenants t1_0 where t1_0.id=?
Hibernate: select t1_0.id,t1_0.commission_rate,t1_0.contact_email,t1_0.contact_phone,t1_0.created_at,t1_0.description,t1_0.logo_url,t1_0.metadata,t1_0.name,t1_0.slug,t1_0.status,t1_0.updated_at from tenants t1_0 where t1_0.id=?
2026-04-29T21:24:25.634+08:00 DEBUG 53697 --- [nextkey-ecommerce] [           main] org.hibernate.SQL                        : delete from tenants where id=?
Hibernate: delete from tenants where id=?
]]></system-out>
  </testcase>
  <testcase name="testUpdateTenantFeatureToggle_asNonAdmin_shouldReturn403" classname="com.nextkey.ecommerce.api.controller.AdminControllerE2ETest" time="0.038">
    <system-out><![CDATA[2026-04-29T21:24:25.645+08:00 DEBUG 53697 --- [nextkey-ecommerce] [           main] org.hibernate.SQL                        : insert into users (avatar_url,created_at,email,email_verified,full_name,kyc_id_card_back_url,kyc_id_card_front_url,kyc_id_number_encrypted,kyc_status,last_login_at,metadata,password_hash,phone,phone_verified,role,status,tenant_id,updated_at,id) values (?,?,?,?,?,?,?,?,?,?,?,?,?,?,?,?,?,?,?)
Hibernate: insert into users (avatar_url,created_at,email,email_verified,full_name,kyc_id_card_back_url,kyc_id_card_front_url,kyc_id_number_encrypted,kyc_status,last_login_at,metadata,password_hash,phone,phone_verified,role,status,tenant_id,updated_at,id) values (?,?,?,?,?,?,?,?,?,?,?,?,?,?,?,?,?,?,?)
2026-04-29T21:24:25.652+08:00 DEBUG 53697 --- [nextkey-ecommerce] [           main] org.hibernate.SQL                        : insert into tenants (commission_rate,contact_email,contact_phone,created_at,description,logo_url,metadata,name,slug,status,updated_at,id) values (?,?,?,?,?,?,?,?,?,?,?,?)
Hibernate: insert into tenants (commission_rate,contact_email,contact_phone,created_at,description,logo_url,metadata,name,slug,status,updated_at,id) values (?,?,?,?,?,?,?,?,?,?,?,?)
2026-04-29T21:24:25.663+08:00 DEBUG 53697 --- [nextkey-ecommerce] [           main] c.n.e.a.filter.JwtAuthenticationFilter   : Authenticated user: admin-e2e-1777469065644-4952@example.com with role: BUYER and 13 authorities
2026-04-29T21:24:25.663+08:00  INFO 53697 --- [nextkey-ecommerce] [           main] c.n.e.api.filter.TenantContextFilter     : [TenantContextFilter] Incoming request: PUT , X-Tenant-ID: null
2026-04-29T21:24:25.663+08:00 DEBUG 53697 --- [nextkey-ecommerce] [           main] c.n.e.api.filter.TenantContextFilter     : [TenantContextFilter] Authentication: UsernamePasswordAuthenticationToken, principal: UserPrincipal(userId=5c764845-03a2-49c0-95ed-0a480974bf25, email=admin-e2e-1777469065644-4952@example.com, role=BUYER, tenantId=null)
2026-04-29T21:24:25.663+08:00  INFO 53697 --- [nextkey-ecommerce] [           main] c.n.e.api.filter.TenantContextFilter     : [TenantContextFilter] Authenticated user: 5c764845-03a2-49c0-95ed-0a480974bf25, tenantId: null, role: BUYER, requestedTenantId: null
2026-04-29T21:24:25.663+08:00  INFO 53697 --- [nextkey-ecommerce] [           main] c.n.e.shared.tenant.TenantContext        : [TenantContext] setCurrentUser: 5c764845-03a2-49c0-95ed-0a480974bf25
2026-04-29T21:24:25.663+08:00  INFO 53697 --- [nextkey-ecommerce] [           main] c.n.e.shared.tenant.TenantContext        : [TenantContext] setCurrentTenant: 00000000-0000-0000-0000-000000000001
2026-04-29T21:24:25.663+08:00  INFO 53697 --- [nextkey-ecommerce] [           main] c.n.e.api.filter.TenantContextFilter     : [TenantContextFilter] Tenant context set - user: 5c764845-03a2-49c0-95ed-0a480974bf25, effective tenant: 00000000-0000-0000-0000-000000000001
2026-04-29T21:24:25.665+08:00  WARN 53697 --- [nextkey-ecommerce] [           main] c.n.e.api.dto.GlobalExceptionHandler     : Access denied: Access Denied
2026-04-29T21:24:25.666+08:00 DEBUG 53697 --- [nextkey-ecommerce] [           main] c.n.e.api.filter.TenantContextFilter     : [TenantContextFilter] Clearing tenant context
2026-04-29T21:24:25.666+08:00  INFO 53697 --- [nextkey-ecommerce] [           main] c.n.e.shared.tenant.TenantContext        : [TenantContext] clear
✅ US-M17-009-02 PASSED: BUYER 角色更新 Feature Toggle 正確返回 403
2026-04-29T21:24:25.668+08:00 DEBUG 53697 --- [nextkey-ecommerce] [           main] org.hibernate.SQL                        : select tft1_0.id,tft1_0.config,tft1_0.created_at,tft1_0.disabled_at,tft1_0.enabled_at,tft1_0.feature_key,tft1_0.is_enabled,tft1_0.tenant_id,tft1_0.updated_at from tenant_feature_toggles tft1_0 where tft1_0.tenant_id=?
Hibernate: select tft1_0.id,tft1_0.config,tft1_0.created_at,tft1_0.disabled_at,tft1_0.enabled_at,tft1_0.feature_key,tft1_0.is_enabled,tft1_0.tenant_id,tft1_0.updated_at from tenant_feature_toggles tft1_0 where tft1_0.tenant_id=?
2026-04-29T21:24:25.670+08:00 DEBUG 53697 --- [nextkey-ecommerce] [           main] org.hibernate.SQL                        : select tm1_0.id,tm1_0.invited_by,tm1_0.joined_at,tm1_0.store_role,tm1_0.tenant_id,tm1_0.user_id from tenant_members tm1_0 where tm1_0.tenant_id=?
Hibernate: select tm1_0.id,tm1_0.invited_by,tm1_0.joined_at,tm1_0.store_role,tm1_0.tenant_id,tm1_0.user_id from tenant_members tm1_0 where tm1_0.tenant_id=?
2026-04-29T21:24:25.671+08:00 DEBUG 53697 --- [nextkey-ecommerce] [           main] org.hibernate.SQL                        : select t1_0.id,t1_0.commission_rate,t1_0.contact_email,t1_0.contact_phone,t1_0.created_at,t1_0.description,t1_0.logo_url,t1_0.metadata,t1_0.name,t1_0.slug,t1_0.status,t1_0.updated_at from tenants t1_0 where t1_0.id=?
Hibernate: select t1_0.id,t1_0.commission_rate,t1_0.contact_email,t1_0.contact_phone,t1_0.created_at,t1_0.description,t1_0.logo_url,t1_0.metadata,t1_0.name,t1_0.slug,t1_0.status,t1_0.updated_at from tenants t1_0 where t1_0.id=?
2026-04-29T21:24:25.672+08:00 DEBUG 53697 --- [nextkey-ecommerce] [           main] org.hibernate.SQL                        : select t1_0.id,t1_0.commission_rate,t1_0.contact_email,t1_0.contact_phone,t1_0.created_at,t1_0.description,t1_0.logo_url,t1_0.metadata,t1_0.name,t1_0.slug,t1_0.status,t1_0.updated_at from tenants t1_0 where t1_0.id=?
Hibernate: select t1_0.id,t1_0.commission_rate,t1_0.contact_email,t1_0.contact_phone,t1_0.created_at,t1_0.description,t1_0.logo_url,t1_0.metadata,t1_0.name,t1_0.slug,t1_0.status,t1_0.updated_at from tenants t1_0 where t1_0.id=?
2026-04-29T21:24:25.674+08:00 DEBUG 53697 --- [nextkey-ecommerce] [           main] org.hibernate.SQL                        : delete from tenants where id=?
Hibernate: delete from tenants where id=?
]]></system-out>
  </testcase>
</testsuite>